"../../../Engine/Content/Functions/Engine_MaterialFunctions01/Opacity/CameraDepthFade.uasset" 0
"../../../Engine/Content/EngineMaterials/T_Default_Material_Grid_M.uasset" 1
"../../../Engine/Content/EngineMaterials/T_Default_Material_Grid_N.uasset" 2
"../../../Engine/Content/EngineMaterials/WorldGridMaterial.uasset" 3
"../../../Engine/Content/ArtTools/RenderToTexture/Meshes/S_1_Unit_Plane.uasset" 4
"../../../Engine/Content/EngineMaterials/DefaultMaterial.uasset" 5
"../../../Engine/Content/BasicShapes/Cone.uasset" 6
"../../../Engine/Content/BasicShapes/Cube.uasset" 7
"../../../Engine/Content/BasicShapes/Cylinder.uasset" 8
"../../../Engine/Content/BasicShapes/Sphere.uasset" 9
"../../../Engine/Content/EngineMaterials/DefaultPhysicalMaterial.uasset" 10
"../../../Engine/Content/BufferVisualization/AmbientOcclusion.uasset" 11
"../../../Engine/Content/BufferVisualization/BaseColor.uasset" 12
"../../../Engine/Content/BufferVisualization/CustomDepth.uasset" 13
"../../../Engine/Content/Functions/Engine_MaterialFunctions02/Utility/VectorLength.uasset" 14
"../../../Engine/Content/BufferVisualization/CustomDepthWorldUnits.uasset" 15
"../../../Engine/Content/Functions/Engine_MaterialFunctions02/Utility/BreakOutFloat2Components.uasset" 16
"../../../Engine/Content/Functions/Engine_MaterialFunctions01/Texturing/ScaleUVsByCenter.uasset" 17
"../../../Engine/Content/Functions/Engine_MaterialFunctions02/ScreenResolution.uasset" 18
"../../../Engine/Content/Functions/Engine_MaterialFunctions02/Texturing/ScreenAlignedUVs.uasset" 19
"../../../Engine/Content/Functions/Engine_MaterialFunctions02/Utility/MakeFloat2.uasset" 20
"../../../Engine/Content/Functions/Engine_MaterialFunctions02/Utility/MakeFloat3.uasset" 21
"../../../Engine/Content/EngineMaterials/MiniFont.uasset" 22
"../../../Engine/Content/BufferVisualization/CustomStencil.uasset" 23
"../../../Engine/Content/BufferVisualization/FinalImage.uasset" 24
"../../../Engine/Content/BufferVisualization/LightingModel.uasset" 25
"../../../Engine/Content/BufferVisualization/MaterialAO.uasset" 26
"../../../Engine/Content/BufferVisualization/Metallic.uasset" 27
"../../../Engine/Content/BufferVisualization/Opacity.uasset" 28
"../../../Engine/Content/BufferVisualization/PostTonemapHDRColor.uasset" 29
"../../../Engine/Content/BufferVisualization/PreTonemapHDRColor.uasset" 30
"../../../Engine/Content/BufferVisualization/Roughness.uasset" 31
"../../../Engine/Content/BufferVisualization/SceneColor.uasset" 32
"../../../Engine/Content/BufferVisualization/SceneDepth.uasset" 33
"../../../Engine/Content/BufferVisualization/SceneDepthWorldUnits.uasset" 34
"../../../Engine/Content/BufferVisualization/SeparateTranslucencyA.uasset" 35
"../../../Engine/Content/BufferVisualization/SeparateTranslucencyRGB.uasset" 36
"../../../Engine/Content/BufferVisualization/Specular.uasset" 37
"../../../Engine/Content/BufferVisualization/SubsurfaceColor.uasset" 38
"../../../Engine/Content/BufferVisualization/WorldNormal.uasset" 39
"../../../Engine/Content/EditorLandscapeResources/DataLayer.uasset" 40
"../../../Engine/Content/EditorLandscapeResources/DefaultAlphaTexture.uasset" 41
"../../../Engine/Content/EditorLandscapeResources/LandscapeGizmoHeight_Mat.uasset" 42
"../../../Engine/Content/EditorLandscapeResources/LandscapeGizmo_Mat.uasset" 43
"../../../Engine/Content/EditorLandscapeResources/LandscapeGizmo_Mat_Copied.uasset" 44
"../../../Engine/Content/EditorLandscapeResources/SplineEditorMeshMat.uasset" 45
"../../../Engine/Content/EditorLandscapeResources/SplineEditorMesh.uasset" 46
"../../../Engine/Content/EditorMaterials/Cross.uasset" 47
"../../../Engine/Content/EditorMaterials/Cross_Mat.uasset" 48
"../../../Engine/Content/EditorMaterials/GizmoMaterial.uasset" 49
"../../../Engine/Content/Functions/Engine_MaterialFunctions02/ExampleContent/Textures/flipbook.uasset" 50
"../../../Engine/Content/Functions/Engine_MaterialFunctions02/Texturing/FlipBook.uasset" 51
"../../../Engine/Content/Functions/Engine_MaterialFunctions02/Utility/Sign.uasset" 52
"../../../Engine/Content/Functions/Engine_MaterialFunctions02/Utility/Round.uasset" 53
"../../../Engine/Content/EditorResources/T_EditorHelp.uasset" 54
"../../../Engine/Content/EditorMaterials/HelpActorMaterial.uasset" 55
"../../../Engine/Content/EditorMaterials/CompositeARGBLayer.uasset" 56
"../../../Engine/Content/EditorMaterials/TilingAALineIntegral.uasset" 57
"../../../Engine/Content/EditorMaterials/TilingAALineBoxFiltered.uasset" 58
"../../../Engine/Content/Functions/Engine_MaterialFunctions03/Procedurals/ComputeFilterWidth.uasset" 59
"../../../Engine/Content/EditorMaterials/TilingAADots.uasset" 60
"../../../Engine/Content/EngineMaterials/BlendFunc_DefBase.uasset" 61
"../../../Engine/Content/EngineMaterials/BlendFunc_DefBlend.uasset" 62
"../../../Engine/Content/Functions/Engine_MaterialFunctions03/Blends/Blend_Screen.uasset" 63
"../../../Engine/Content/EditorMaterials/TilingAAGrid.uasset" 64
"../../../Engine/Content/EditorMaterials/LevelGridMaterial.uasset" 65
"../../../Engine/Content/EditorMaterials/MakeCompositeARGBLayer.uasset" 66
"../../../Engine/Content/EditorResources/LevelGrid1DStripes.uasset" 67
"../../../Engine/Content/EditorMaterials/TextureGridCascaded1D.uasset" 68
"../../../Engine/Content/EditorMaterials/TextureGridCascaded2D.uasset" 69
"../../../Engine/Content/EditorMaterials/LevelGridMaterial2.uasset" 70
"../../../Engine/Content/EditorMaterials/MAT_Groups_Toggle.uasset" 71
"../../../Engine/Content/EditorMaterials/MAT_Groups_Visibility.uasset" 72
"../../../Engine/Content/EditorMaterials/PhAT_BoneSelectedMaterial.uasset" 73
"../../../Engine/Content/EditorMaterials/PhAT_ElemSelectedMaterial.uasset" 74
"../../../Engine/Content/EditorMaterials/PhAT_NoCollisionMaterial.uasset" 75
"../../../Engine/Content/EditorMaterials/PhAT_UnselectedMaterial.uasset" 76
"../../../Engine/Content/EditorMaterials/PreviewShadowIndicator.uasset" 77
"../../../Engine/Content/EditorMaterials/PreviewShadowIndicatorMaterial.uasset" 78
"../../../Engine/Content/EditorMaterials/TargetIcon.uasset" 79
"../../../Engine/Content/EditorMaterials/Tick.uasset" 80
"../../../Engine/Content/EditorMaterials/Tick_Mat.uasset" 81
"../../../Engine/Content/EditorMaterials/WidgetGridVertexColorMaterial.uasset" 82
"../../../Engine/Content/EditorMaterials/WidgetGridVertexColorMaterial_Ma.uasset" 83
"../../../Engine/Content/EditorMaterials/WidgetMaterial.uasset" 84
"../../../Engine/Content/EditorMaterials/WidgetMaterial_Current.uasset" 85
"../../../Engine/Content/EditorMaterials/WidgetMaterial_X.uasset" 86
"../../../Engine/Content/EditorMaterials/WidgetMaterial_Y.uasset" 87
"../../../Engine/Content/EditorMaterials/WidgetMaterial_Z.uasset" 88
"../../../Engine/Content/EditorMaterials/WidgetVertexColorMaterial.uasset" 89
"../../../Engine/Content/EditorMaterials/MatineeGroups/MAT_ColorTrack.uasset" 90
"../../../Engine/Content/EditorMaterials/MatineeGroups/MAT_Groups_Anim.uasset" 91
"../../../Engine/Content/EditorMaterials/MatineeGroups/MAT_Groups_AudioMaster.uasset" 92
"../../../Engine/Content/EditorMaterials/MatineeGroups/MAT_Groups_Director.uasset" 93
"../../../Engine/Content/EditorMaterials/MatineeGroups/MAT_Groups_Event.uasset" 94
"../../../Engine/Content/EditorMaterials/MatineeGroups/MAT_Groups_Fade.uasset" 95
"../../../Engine/Content/EditorMaterials/MatineeGroups/MAT_Groups_Float.uasset" 96
"../../../Engine/Content/EditorMaterials/MatineeGroups/MAT_Groups_Move.uasset" 97
"../../../Engine/Content/EditorMaterials/MatineeGroups/MAT_Groups_Slomo.uasset" 98
"../../../Engine/Content/EditorMaterials/MatineeGroups/MAT_Groups_Sound.uasset" 99
"../../../Engine/Content/EditorMaterials/MatineeGroups/MAT_Groups_Vector.uasset" 100
"../../../Engine/Content/EditorMaterials/ParticleSystems/PSysThumbnail_NoImage.uasset" 101
"../../../Engine/Content/EditorMaterials/ParticleSystems/PSysThumbnail_OOD.uasset" 102
"../../../Engine/Content/EngineMaterials/Grid.uasset" 103
"../../../Engine/Content/EditorMaterials/Thumbnails/FloorPlaneMaterial.uasset" 104
"../../../Engine/Content/EditorMeshes/EditorCube.uasset" 105
"../../../Engine/Content/EditorMeshes/EditorCylinder.uasset" 106
"../../../Engine/Content/EditorMeshes/EditorPlane.uasset" 107
"../../../Engine/Content/EditorMaterials/Thumbnails/SkySphereMaterial.uasset" 108
"../../../Engine/Content/EditorMeshes/EditorSkySphere.uasset" 109
"../../../Engine/Content/EditorMeshes/EditorSphere.uasset" 110
"../../../Engine/Content/EditorResources/MatineeCam_D.uasset" 111
"../../../Engine/Content/EditorMaterials/MatineeCam_mat.uasset" 112
"../../../Engine/Content/EditorMeshes/MatineeCam_SM.uasset" 113
"../../../Engine/Content/EditorMaterials/Camera/CineMat.uasset" 114
"../../../Engine/Content/EditorMaterials/Camera/MI_CineMat_CameraBody.uasset" 115
"../../../Engine/Content/EngineDebugMaterials/M_SimpleOpaque.uasset" 116
"../../../Engine/Content/EditorMaterials/Camera/MI_CineMat_CamViewFinder.uasset" 117
"../../../Engine/Content/EditorMeshes/Camera/SM_CineCam.uasset" 118
"../../../Engine/Content/EditorMaterials/Camera/MI_CineMat_Rig.uasset" 119
"../../../Engine/Content/EditorMeshes/Camera/SM_CraneRig_Arm.uasset" 120
"../../../Engine/Content/EditorMeshes/Camera/SM_CraneRig_Base.uasset" 121
"../../../Engine/Content/EditorMeshes/Camera/SM_CraneRig_Body.uasset" 122
"../../../Engine/Content/EditorMeshes/Camera/SM_CraneRig_Mount.uasset" 123
"../../../Engine/Content/EditorMeshes/Camera/SM_RailRig_Mount.uasset" 124
"../../../Engine/Content/EditorMeshes/Camera/SM_RailRig_Track.uasset" 125
"../../../Engine/Content/EditorResources/Bad.uasset" 126
"../../../Engine/Content/EditorResources/BSPVertex.uasset" 127
"../../../Engine/Content/EditorResources/EmptyActor.uasset" 128
"../../../Engine/Content/EditorResources/MatInstActSprite.uasset" 129
"../../../Engine/Content/EditorResources/SceneManager.uasset" 130
"../../../Engine/Content/EditorResources/SmallFont.uasset" 131
"../../../Engine/Content/EditorResources/S_Actor.uasset" 132
"../../../Engine/Content/EditorResources/S_DecalActorIcon.uasset" 133
"../../../Engine/Content/EditorResources/S_Emitter.uasset" 134
"../../../Engine/Content/EditorResources/S_ExpoHeightFog.uasset" 135
"../../../Engine/Content/EditorResources/S_FTest.uasset" 136
"../../../Engine/Content/EditorResources/S_KBSJoint.uasset" 137
"../../../Engine/Content/EditorResources/S_KHinge.uasset" 138
"../../../Engine/Content/EditorResources/S_KPrismatic.uasset" 139
"../../../Engine/Content/EditorResources/S_LevelSequence.uasset" 140
"../../../Engine/Content/EditorResources/S_NavP.uasset" 141
"../../../Engine/Content/EditorResources/S_Note.uasset" 142
"../../../Engine/Content/EditorResources/S_Player.uasset" 143
"../../../Engine/Content/EditorResources/S_PortalActorIcon2.uasset" 144
"../../../Engine/Content/EditorResources/S_RadForce.uasset" 145
"../../../Engine/Content/EditorResources/S_ReflActorIcon.uasset" 146
"../../../Engine/Content/EditorResources/S_Terrain.uasset" 147
"../../../Engine/Content/EditorResources/S_TextRenderActorIcon.uasset" 148
"../../../Engine/Content/EditorResources/S_Thruster.uasset" 149
"../../../Engine/Content/EditorResources/S_Trigger.uasset" 150
"../../../Engine/Content/EditorResources/S_VectorFieldVol.uasset" 151
"../../../Engine/Content/EditorResources/S_WindDirectional.uasset" 152
"../../../Engine/Content/EditorResources/AI/S_NavLink.uasset" 153
"../../../Engine/Content/EditorResources/LightIcons/SkyLight.uasset" 154
"../../../Engine/Content/EditorResources/LightIcons/S_LightDirectional.uasset" 155
"../../../Engine/Content/EditorResources/LightIcons/S_LightDirectionalMove.uasset" 156
"../../../Engine/Content/EditorResources/LightIcons/S_LightError.uasset" 157
"../../../Engine/Content/EditorResources/LightIcons/S_LightPoint.uasset" 158
"../../../Engine/Content/EditorResources/LightIcons/S_LightPointMove.uasset" 159
"../../../Engine/Content/EditorResources/LightIcons/S_LightSpot.uasset" 160
"../../../Engine/Content/EditorResources/LightIcons/S_LightSpotMove.uasset" 161
"../../../Engine/Content/EditorResources/SequenceRecorder/Countdown.uasset" 162
"../../../Engine/Content/EditorResources/SequenceRecorder/RecordingIndicator.uasset" 163
"../../../Engine/Content/EditorResources/Spline/T_Loft_Spline.uasset" 164
"../../../Engine/Content/EditorSounds/Notifications/CompileFailed.uasset" 165
"../../../Engine/Content/EditorSounds/Notifications/CompileFailed_Cue.uasset" 166
"../../../Engine/Content/EditorSounds/Notifications/CompileSuccess.uasset" 167
"../../../Engine/Content/EditorSounds/Notifications/CompileStart_Cue.uasset" 168
"../../../Engine/Content/EditorSounds/Notifications/CompileSuccess_Cue.uasset" 169
"../../../Engine/Content/EngineDamageTypes/DmgTypeBP_Environmental.uasset" 170
"../../../Engine/Content/EngineDebugMaterials/HeatmapGradient.uasset" 171
"../../../Engine/Content/EngineDebugMaterials/BoneWeightMaterial.uasset" 172
"../../../Engine/Content/EngineDebugMaterials/ClothMaterial.uasset" 173
"../../../Engine/Content/EngineDebugMaterials/ClothMaterial_WF.uasset" 174
"../../../Engine/Content/EngineDebugMaterials/DebugEditorMaterial.uasset" 175
"../../../Engine/Content/EngineDebugMaterials/DebugMeshMaterial.uasset" 176
"../../../Engine/Content/EngineDebugMaterials/GeomMaterial.uasset" 177
"../../../Engine/Content/Functions/Engine_MaterialFunctions01/Shading/ConvertFromDiffSpec.uasset" 178
"../../../Engine/Content/EngineDebugMaterials/LevelColorationLitMaterial.uasset" 179
"../../../Engine/Content/EngineDebugMaterials/LevelColorationUnlitMaterial.uasset" 180
"../../../Engine/Content/EngineMaterials/DefaultWhiteGrid.uasset" 181
"../../../Engine/Content/EngineDebugMaterials/MAT_LevelColorationLitLightmapUV.uasset" 182
"../../../Engine/Content/EngineDebugMaterials/M_SimpleTranslucent.uasset" 183
"../../../Engine/Content/EngineDebugMaterials/ShadedLevelColorationLitMaterial.uasset" 184
"../../../Engine/Content/EngineDebugMaterials/ShadedLevelColorationUnlitMateri.uasset" 185
"../../../Engine/Content/EngineDebugMaterials/VertexColorMaterial.uasset" 186
"../../../Engine/Content/EngineDebugMaterials/VertexColorViewMode_AlphaAsColor.uasset" 187
"../../../Engine/Content/EngineDebugMaterials/VertexColorViewMode_BlueOnly.uasset" 188
"../../../Engine/Content/EngineDebugMaterials/VertexColorViewMode_ColorOnly.uasset" 189
"../../../Engine/Content/EngineDebugMaterials/VertexColorViewMode_GreenOnly.uasset" 190
"../../../Engine/Content/EngineDebugMaterials/VertexColorViewMode_RedOnly.uasset" 191
"../../../Engine/Content/EngineDebugMaterials/WireframeMaterial.uasset" 192
"../../../Engine/Content/EngineFonts/Faces/RobotoBold.uasset" 193
"../../../Engine/Content/EngineFonts/Faces/RobotoBoldItalic.uasset" 194
"../../../Engine/Content/EngineFonts/Faces/RobotoItalic.uasset" 195
"../../../Engine/Content/EngineFonts/Faces/RobotoLight.uasset" 196
"../../../Engine/Content/EngineFonts/Faces/RobotoRegular.uasset" 197
"../../../Engine/Content/EngineFonts/Roboto.uasset" 198
"../../../Engine/Content/EngineFonts/Faces/RobotoTiny.uasset" 199
"../../../Engine/Content/EngineFonts/RobotoTiny.uasset" 200
"../../../Engine/Content/EngineFonts/SmallFont.uasset" 201
"../../../Engine/Content/EngineFonts/TinyFont.uasset" 202
"../../../Engine/Content/EngineMaterials/BaseFlattenDiffuseMap.uasset" 203
"../../../Engine/Content/EngineMaterials/BaseFlattenEmissiveMap.uasset" 204
"../../../Engine/Content/EngineMaterials/BaseFlattenGrayscaleMap.uasset" 205
"../../../Engine/Content/EngineMaterials/BaseFlattenNormalMap.uasset" 206
"../../../Engine/Content/EngineMaterials/BaseFlattenMaterial.uasset" 207
"../../../Engine/Content/EngineResources/WhiteSquareTexture.uasset" 208
"../../../Engine/Content/EngineMaterials/BlinkingCaret.uasset" 209
"../../../Engine/Content/EngineMaterials/DefaultBloomKernel.uasset" 210
"../../../Engine/Content/EngineMaterials/DefaultBokeh.uasset" 211
"../../../Engine/Content/EngineMaterials/DefaultDiffuse.uasset" 212
"../../../Engine/Content/EngineMaterials/DefaultDeferredDecalMaterial.uasset" 213
"../../../Engine/Content/EngineMaterials/DefaultLightFunctionMaterial.uasset" 214
"../../../Engine/Content/EngineMaterials/DefaultNormal.uasset" 215
"../../../Engine/Content/EngineMaterials/DefaultPostProcessMaterial.uasset" 216
"../../../Engine/Content/EngineFonts/RobotoDistanceField.uasset" 217
"../../../Engine/Content/EngineMaterials/DefaultTextMaterialOpaque.uasset" 218
"../../../Engine/Content/EngineMaterials/EditorBrushMaterial.uasset" 219
"../../../Engine/Content/EngineMaterials/Good64x64TilingNoiseHighFreq.uasset" 220
"../../../Engine/Content/EngineMaterials/Grid_N.uasset" 221
"../../../Engine/Content/EngineMaterials/HighResolutionScreenshotMaskFunction.uasset" 222
"../../../Engine/Content/EngineMaterials/HighResScreenshot.uasset" 223
"../../../Engine/Content/EngineMaterials/HighResScreenshotCaptureRegion.uasset" 224
"../../../Engine/Content/EngineMaterials/HighResScreenshotMask.uasset" 225
"../../../Engine/Content/EngineMaterials/LandscapeHolePhysicalMaterial.uasset" 226
"../../../Engine/Content/EngineMaterials/InvalidLightmapSettings.uasset" 227
"../../../Engine/Content/EngineMaterials/M_InvalidLightmapSettings.uasset" 228
"../../../Engine/Content/EngineMaterials/PaperDiffuse.uasset" 229
"../../../Engine/Content/EngineMaterials/PaperNormal.uasset" 230
"../../../Engine/Content/Functions/Engine_MaterialFunctions02/WorldPositionOffset/CameraOffset.uasset" 231
"../../../Engine/Content/EngineMaterials/PhAT_JointLimitMaterial.uasset" 232
"../../../Engine/Content/EngineMaterials/PhysMat_Rubber.uasset" 233
"../../../Engine/Content/EngineMaterials/PreintegratedSkinBRDF.uasset" 234
"../../../Engine/Content/EngineMaterials/RemoveSurfaceMaterial.uasset" 235
"../../../Engine/Content/EngineMaterials/WeightMapPlaceholderTexture.uasset" 236
"../../../Engine/Content/EngineMaterials/Widget3DPassThrough.uasset" 237
"../../../Engine/Content/EngineMaterials/Widget3DPassThrough_Masked.uasset" 238
"../../../Engine/Content/EngineMaterials/Widget3DPassThrough_Opaque.uasset" 239
"../../../Engine/Content/EngineMaterials/Widget3DPassThrough_Masked_OneSided.uasset" 240
"../../../Engine/Content/EngineMaterials/Widget3DPassThrough_Opaque_OneSided.uasset" 241
"../../../Engine/Content/EngineMaterials/Widget3DPassThrough_Translucent.uasset" 242
"../../../Engine/Content/EngineMaterials/Widget3DPassThrough_Translucent_OneSided.uasset" 243
"../../../Engine/Content/EngineMeshes/Cylinder.uasset" 244
"../../../Engine/Content/EngineMeshes/Sphere.uasset" 245
"../../../Engine/Content/EngineResources/Black.uasset" 246
"../../../Engine/Content/EngineResources/DefaultTexture.uasset" 247
"../../../Engine/Content/EngineResources/DefaultTextureCube.uasset" 248
"../../../Engine/Content/EngineResources/DefaultVolumeTexture2D.uasset" 249
"../../../Engine/Content/EngineResources/DefaultVolumeTexture.uasset" 250
"../../../Engine/Content/EngineResources/GradientTexture0.uasset" 251
"../../../Engine/Content/EngineResources/StreamingPauseIcon.uasset" 252
"../../../Engine/Content/EngineResources/M_StreamingPause.uasset" 253
"../../../Engine/Content/EngineSounds/Master.uasset" 254
"../../../Engine/Content/Functions/Engine_MaterialFunctions01/Shading/PowerToRoughness.uasset" 255
"../../../Engine/Content/Maps/Templates/Thumbnails/Default.uasset" 256
"../../../Engine/Content/Maps/Templates/Thumbnails/VR-Basic.uasset" 257
"../../../Engine/Content/MapTemplates/Sky/DaylightAmbientCubemap.uasset" 258
"../../../Engine/Content/MobileResources/HUD/VirtualJoystick_Background.uasset" 259
"../../../Engine/Content/MobileResources/HUD/VirtualJoystick_Thumb.uasset" 260
"../../../Engine/Content/MobileResources/HUD/DefaultVirtualJoysticks.uasset" 261
"../../../Engine/Content/Tutorial/ContentIntroCurve.uasset" 262
"../../../Engine/Content/Tutorial/Basics/TutorialAssets/icon_tab_Levels_40x.uasset" 263
"../../../Engine/Content/VREditor/LaserPointer/VR_LaserPower_01.uasset" 264
"../../../Engine/Content/VREditor/TransformGizmo/TransformGizmoMaterial.uasset" 265
"../../../Engine/Content/VREditor/TransformGizmo/TranslucentTransformGizmoMaterial.uasset" 266
"../../../Engine/Content/VREditor/TransformGizmo/BoundingBoxCorner.uasset" 267
"../../../Engine/Content/VREditor/TransformGizmo/BoundingBoxEdge.uasset" 268
"../../../Engine/Content/VREditor/TransformGizmo/PlaneTranslationHandle.uasset" 269
"../../../Engine/Content/VREditor/TransformGizmo/Main.uasset" 270
"../../../Engine/Content/VREditor/TransformGizmo/Xray.uasset" 271
"../../../Engine/Content/VREditor/TransformGizmo/SM_Sequencer_Key.uasset" 272
"../../../Engine/Content/VREditor/TransformGizmo/SM_Sequencer_Node.uasset" 273
"../../Plugins/2D/Paper2D/Content/PlaceholderTextures/DummySpriteTexture.uasset" 274
"../../Plugins/2D/Paper2D/Content/DummySprite.uasset" 275
"../../Plugins/2D/Paper2D/Content/DefaultPaperTerrainMaterial.uasset" 276
"../../Plugins/2D/Paper2D/Content/DefaultSpriteMaterial.uasset" 277
"../../Plugins/2D/Paper2D/Content/MaskedUnlitSpriteMaterial.uasset" 278
"../../Plugins/2D/Paper2D/Content/OpaqueUnlitSpriteMaterial.uasset" 279
"../../Plugins/Runtime/Oculus/OculusVR/Content/Materials/PokeAHoleMaterial.uasset" 280
"../../Plugins/Runtime/Oculus/OculusVR/Content/Textures/GearVRController_AO.uasset" 281
"../../Plugins/Runtime/Oculus/OculusVR/Content/Textures/GearVRController_Color.uasset" 282
"../../Plugins/Runtime/Oculus/OculusVR/Content/Textures/GearVRController_Normal.uasset" 283
"../../Plugins/Runtime/Oculus/OculusVR/Content/Materials/GearVRControllerMaterial.uasset" 284
"../../Plugins/Runtime/Oculus/OculusVR/Content/Meshes/GearVrController.uasset" 285
"../../Plugins/Runtime/Oculus/OculusVR/Content/Textures/touchController_albedo.uasset" 286
"../../Plugins/Runtime/Oculus/OculusVR/Content/Textures/touchController_controlmap.uasset" 287
"../../Plugins/Runtime/Oculus/OculusVR/Content/Materials/touchController_mat.uasset" 288
"../../Plugins/Runtime/Oculus/OculusVR/Content/Meshes/LeftTouchController.uasset" 289
"../../Plugins/Runtime/Oculus/OculusVR/Content/Meshes/RiftHMD.uasset" 290
"../../Plugins/Runtime/Oculus/OculusVR/Content/Meshes/RightTouchController.uasset" 291
"../../../Engine/Content/Maps/Entry_BuiltData.uasset" 292
"../../../Engine/Content/Maps/Entry.umap" 293
"../../../../../../Documents/Magic Leap Projects/XRT/magicleap/XRT 4.22/Content/Images/TrackerReference/ChinesePainting.uasset" 294
"../../../../../../Documents/Magic Leap Projects/XRT/magicleap/XRT 4.22/Content/Materials/Lotus/LotusPaintingMat.uasset" 295
"../../../../../../Documents/Magic Leap Projects/XRT/magicleap/XRT 4.22/Content/Images/TrackerReference/StarryNight.uasset" 296
"../../../../../../Documents/Magic Leap Projects/XRT/magicleap/XRT 4.22/Content/Materials/Lotus/StarryNightPaintingMat.uasset" 297
"../../../Engine/Content/BasicShapes/Plane.uasset" 298
"../../../../../../Documents/Magic Leap Projects/XRT/magicleap/XRT 4.22/Content/Blueprints/Visualizers/BP_StarryNightVisualizer.uasset" 299
"../../../../../../Documents/Magic Leap Projects/XRT/magicleap/XRT 4.22/Content/Examples/Blueprints/Common/MLFunctionLibrary.uasset" 300
"../../../../../../Documents/Magic Leap Projects/XRT/magicleap/XRT 4.22/Content/Examples/Blueprints/Utility/DirectionalFollowLight.uasset" 301
"../../../../../../Documents/Magic Leap Projects/XRT/magicleap/XRT 4.22/Content/Models/AnimatedBird/Animations/flyfly/flying_Skeleton.uasset" 302
"../../../../../../Documents/Magic Leap Projects/XRT/magicleap/XRT 4.22/Content/Models/AnimatedBird/Animations/flyfly/flying_Anim.uasset" 303
"../../../../../../Documents/Magic Leap Projects/XRT/magicleap/XRT 4.22/Content/Models/AnimatedBird/Animations/flyfly/phong2.uasset" 304
"../../../../../../Documents/Magic Leap Projects/XRT/magicleap/XRT 4.22/Content/Models/AnimatedBird/Animations/flyfly/flying_PhysicsAsset.uasset" 305
"../../../../../../Documents/Magic Leap Projects/XRT/magicleap/XRT 4.22/Content/Models/AnimatedBird/Animations/flyfly/flying.uasset" 306
"../../../../../../Documents/Magic Leap Projects/XRT/magicleap/XRT 4.22/Content/Blueprints/BP_Bird2.uasset" 307
"../../../Engine/Content/EditorBlueprintResources/StandardMacros.uasset" 308
"../../../../../../Documents/Magic Leap Projects/XRT/magicleap/XRT 4.22/Content/Blueprints/BP_ImageTrackerClass.uasset" 309
"../../../../../../Documents/Magic Leap Projects/XRT/magicleap/XRT 4.22/Content/Models/TiltBrush/LotusPaintingTestV2/SM_Chinese_08_SM_Bottom_Skeleton.uasset" 310
"../../../../../../Documents/Magic Leap Projects/XRT/magicleap/XRT 4.22/Content/Models/TiltBrush/LotusPaintingTestV2/SM_Chinese_08_SM_Bottom_Anim.uasset" 311
"../../../../../../Documents/Magic Leap Projects/XRT/magicleap/XRT 4.22/Content/Models/TiltBrush/LotusPaintingTestV2/SM_Chinese_08_SM_BottomLeaves_Outer_Skeleton.uasset" 312
"../../../../../../Documents/Magic Leap Projects/XRT/magicleap/XRT 4.22/Content/Models/TiltBrush/LotusPaintingTestV2/SM_Chinese_08_SM_BottomLeaves_Outer_Anim.uasset" 313
"../../../../../../Documents/Magic Leap Projects/XRT/magicleap/XRT 4.22/Content/Models/TiltBrush/LotusPaintingTestV2/SM_Chinese_08_SM_Branch_Skeleton.uasset" 314
"../../../../../../Documents/Magic Leap Projects/XRT/magicleap/XRT 4.22/Content/Models/TiltBrush/LotusPaintingTestV2/SM_Chinese_08_SM_Branch_Anim.uasset" 315
"../../../../../../Documents/Magic Leap Projects/XRT/magicleap/XRT 4.22/Content/Models/TiltBrush/LotusPaintingTestV2/SM_Chinese_08_SM_Calig_Skeleton.uasset" 316
"../../../../../../Documents/Magic Leap Projects/XRT/magicleap/XRT 4.22/Content/Models/TiltBrush/LotusPaintingTestV2/SM_Chinese_08_SM_Calig_Anim.uasset" 317
"../../../../../../Documents/Magic Leap Projects/XRT/magicleap/XRT 4.22/Content/Models/TiltBrush/LotusPaintingTestV2/SM_Chinese_08_SM_Splatbottom_Skeleton.uasset" 318
"../../../../../../Documents/Magic Leap Projects/XRT/magicleap/XRT 4.22/Content/Models/TiltBrush/LotusPaintingTestV2/SM_Chinese_08_SM_Splatbottom_Anim.uasset" 319
"../../../../../../Documents/Magic Leap Projects/XRT/magicleap/XRT 4.22/Content/Models/TiltBrush/LotusPaintingTestV2/SM_Chinese_08_SM_Splattop_Skeleton.uasset" 320
"../../../../../../Documents/Magic Leap Projects/XRT/magicleap/XRT 4.22/Content/Models/TiltBrush/LotusPaintingTestV2/SM_Chinese_08_SM_Splattop_Anim.uasset" 321
"../../../../../../Documents/Magic Leap Projects/XRT/magicleap/XRT 4.22/Content/Audio/Lotus/lotus_anim.uasset" 322
"../../../../../../Documents/Magic Leap Projects/XRT/magicleap/XRT 4.22/Content/Audio/Lotus/lotus_still.uasset" 323
"../../../../../../Documents/Magic Leap Projects/XRT/magicleap/XRT 4.22/Content/Audio/Lotus/LotusSoundCue.uasset" 324
"../../../../../../Documents/Magic Leap Projects/XRT/magicleap/XRT 4.22/Content/Models/TiltBrush/ChinesePaintingTest/Ink.uasset" 325
"../../../../../../Documents/Magic Leap Projects/XRT/magicleap/XRT 4.22/Content/Models/TiltBrush/ChinesePaintingTest/f5c336cf51084b40ade9c687504385ab_Ink.uasset" 326
"../../../../../../Documents/Magic Leap Projects/XRT/magicleap/XRT 4.22/Content/Models/TiltBrush/ChinesePaintingTest/BranchesModelTest.uasset" 327
"../../../../../../Documents/Magic Leap Projects/XRT/magicleap/XRT 4.22/Content/Models/TiltBrush/ChinesePaintingTest/Splatter.uasset" 328
"../../../../../../Documents/Magic Leap Projects/XRT/magicleap/XRT 4.22/Content/Models/TiltBrush/ChinesePaintingTest/8dc4a70cd5584efda5edd4e860f40dc3_Splatter.uasset" 329
"../../../../../../Documents/Magic Leap Projects/XRT/magicleap/XRT 4.22/Content/Models/TiltBrush/ChinesePaintingTest/GrassModelTest.uasset" 330
"../../../../../../Documents/Magic Leap Projects/XRT/magicleap/XRT 4.22/Content/Models/TiltBrush/ink_alpha.uasset" 331
"../../../../../../Documents/Magic Leap Projects/XRT/magicleap/XRT 4.22/Content/Models/TiltBrush/LotusPaintingTestV2/M_InkBase.uasset" 332
"../../../../../../Documents/Magic Leap Projects/XRT/magicleap/XRT 4.22/Content/Models/TiltBrush/LotusPaintingTestV2/M_InkFlower.uasset" 333
"../../../../../../Documents/Magic Leap Projects/XRT/magicleap/XRT 4.22/Content/Models/TiltBrush/LotusPaintingTestV2/M_InkLight.uasset" 334
"../../../../../../Documents/Magic Leap Projects/XRT/magicleap/XRT 4.22/Content/Models/TiltBrush/LotusPaintingTestV2/M_InkMed.uasset" 335
"../../../../../../Documents/Magic Leap Projects/XRT/magicleap/XRT 4.22/Content/Models/TiltBrush/LotusPaintingTestV2/M_Spat3.uasset" 336
"../../../../../../Documents/Magic Leap Projects/XRT/magicleap/XRT 4.22/Content/Models/TiltBrush/LotusPaintingTestV2/M_Splat2.uasset" 337
"../../../../../../Documents/Magic Leap Projects/XRT/magicleap/XRT 4.22/Content/Models/TiltBrush/LotusPaintingTestV2/M_Splatterbase.uasset" 338
"../../../../../../Documents/Magic Leap Projects/XRT/magicleap/XRT 4.22/Content/Models/TiltBrush/LotusPaintingTestV2/SM_Chinese_08_SM_Bottom_PhysicsAsset.uasset" 339
"../../../../../../Documents/Magic Leap Projects/XRT/magicleap/XRT 4.22/Content/Models/TiltBrush/LotusPaintingTestV2/SM_Chinese_08_SM_BottomLeaves_Outer_PhysicsAsset.uasset" 340
"../../../../../../Documents/Magic Leap Projects/XRT/magicleap/XRT 4.22/Content/Models/TiltBrush/LotusPaintingTestV2/SM_Chinese_08_SM_Branch_PhysicsAsset.uasset" 341
"../../../../../../Documents/Magic Leap Projects/XRT/magicleap/XRT 4.22/Content/Models/TiltBrush/LotusPaintingTestV2/SM_Chinese_08_SM_Calig_PhysicsAsset.uasset" 342
"../../../../../../Documents/Magic Leap Projects/XRT/magicleap/XRT 4.22/Content/Models/TiltBrush/LotusPaintingTestV2/SM_Chinese_08_SM_Splatbottom_PhysicsAsset.uasset" 343
"../../../../../../Documents/Magic Leap Projects/XRT/magicleap/XRT 4.22/Content/Models/TiltBrush/LotusPaintingTestV2/SM_Chinese_08_SM_Splattop_PhysicsAsset.uasset" 344
"../../../../../../Documents/Magic Leap Projects/XRT/magicleap/XRT 4.22/Content/Models/TiltBrush/LotusPaintingTestV2/SM_Chinese_08.uasset" 345
"../../../../../../Documents/Magic Leap Projects/XRT/magicleap/XRT 4.22/Content/Blueprints/Visualizers/BP_LotusVisualizer.uasset" 346
"../../../../../../Documents/Magic Leap Projects/XRT/magicleap/XRT 4.22/Content/Examples/Models/Axis/Axis_Skeleton.uasset" 347
"../../../../../../Documents/Magic Leap Projects/XRT/magicleap/XRT 4.22/Content/Examples/Models/Axis/Axis_Anim.uasset" 348
"../../../../../../Documents/Magic Leap Projects/XRT/magicleap/XRT 4.22/Content/Examples/Models/Axis/Materials/lambert5.uasset" 349
"../../../../../../Documents/Magic Leap Projects/XRT/magicleap/XRT 4.22/Content/Examples/Models/Axis/Materials/X_mat.uasset" 350
"../../../../../../Documents/Magic Leap Projects/XRT/magicleap/XRT 4.22/Content/Examples/Models/Axis/Materials/Y_mat.uasset" 351
"../../../../../../Documents/Magic Leap Projects/XRT/magicleap/XRT 4.22/Content/Examples/Models/Axis/Materials/Z_mat.uasset" 352
"../../../../../../Documents/Magic Leap Projects/XRT/magicleap/XRT 4.22/Content/Examples/Models/Axis/Axis_PhysicsAsset.uasset" 353
"../../../../../../Documents/Magic Leap Projects/XRT/magicleap/XRT 4.22/Content/Examples/Models/Axis/Meshes/Axis.uasset" 354
"../../../../../../Documents/Magic Leap Projects/XRT/magicleap/XRT 4.22/Content/Examples/Models/TrackingCube/Tracking_Cube_mat.uasset" 355
"../../../../../../Documents/Magic Leap Projects/XRT/magicleap/XRT 4.22/Content/Examples/Models/TrackingCube/Tracking_Cube.uasset" 356
"../../../../../../Documents/Magic Leap Projects/XRT/magicleap/XRT 4.22/Content/Examples/Blueprints/Common/BP_TrackedObject.uasset" 357
"../../../../../../Documents/Magic Leap Projects/XRT/magicleap/XRT 4.22/Content/Examples/Blueprints/Utility/InformationPanel.uasset" 358
"../../../../../../Documents/Magic Leap Projects/XRT/magicleap/XRT 4.22/Content/Examples/Models/DeepSeaExplorer/Meshes/DeepSea_Submarine_Anim_Skeleton.uasset" 359
"../../../../../../Documents/Magic Leap Projects/XRT/magicleap/XRT 4.22/Content/Examples/Models/DeepSeaExplorer/Meshes/DeepSea_Submarine_Anim_Anim.uasset" 360
"../../../../../../Documents/Magic Leap Projects/XRT/magicleap/XRT 4.22/Content/Examples/Models/DeepSeaExplorer/Textures/T_DeepSea_Submarine_A.uasset" 361
"../../../../../../Documents/Magic Leap Projects/XRT/magicleap/XRT 4.22/Content/Examples/Models/DeepSeaExplorer/Textures/T_DeepSea_Submarine_MET.uasset" 362
"../../../../../../Documents/Magic Leap Projects/XRT/magicleap/XRT 4.22/Content/Examples/Models/DeepSeaExplorer/Textures/T_DeepSea_Submarine_N.uasset" 363
"../../../../../../Documents/Magic Leap Projects/XRT/magicleap/XRT 4.22/Content/Examples/Models/DeepSeaExplorer/Materials/M_DeepSea_Submarine.uasset" 364
"../../../../../../Documents/Magic Leap Projects/XRT/magicleap/XRT 4.22/Content/Examples/Models/DeepSeaExplorer/Meshes/DeepSea_Submarine_Anim.uasset" 365
"../../../../../../Documents/Magic Leap Projects/XRT/magicleap/XRT 4.22/Content/Examples/Models/DeepSeaExplorer/Textures/T_Bubbles.uasset" 366
"../../../../../../Documents/Magic Leap Projects/XRT/magicleap/XRT 4.22/Content/Examples/Models/DeepSeaExplorer/Materials/M_Bubbles.uasset" 367
"../../../../../../Documents/Magic Leap Projects/XRT/magicleap/XRT 4.22/Content/Examples/ParticleSystems/PS_SubmarineBubbles.uasset" 368
"../../../../../../Documents/Magic Leap Projects/XRT/magicleap/XRT 4.22/Content/Examples/Blueprints/Visualizers/ImageTracking/BP_DeepSeaExplorer.uasset" 369
"../../../../../../Documents/Magic Leap Projects/XRT/magicleap/XRT 4.22/Content/Examples/Enums/E_ImageTrackingVisualMode.uasset" 370
"../../../../../../Documents/Magic Leap Projects/XRT/magicleap/XRT 4.22/Content/Examples/Blueprints/Visualizers/ImageTracking/BP_DeepSeaVisualizer.uasset" 371
"../../../../../../Documents/Magic Leap Projects/XRT/magicleap/XRT 4.22/Content/Examples/Components/HUDElementComponent.uasset" 372
"../../../../../../Documents/Magic Leap Projects/XRT/magicleap/XRT 4.22/Content/Examples/Enums/E_ImageTrackingStatus.uasset" 373
"../../../../../../Documents/Magic Leap Projects/XRT/magicleap/XRT 4.22/Content/Blueprints/BP_ImageTracker.uasset" 374
"../../../../../../Documents/Magic Leap Projects/XRT/magicleap/XRT 4.22/Content/Blueprints/PawnXRCanvas.uasset" 375
"../../../../../../Documents/Magic Leap Projects/XRT/magicleap/XRT 4.22/Content/Examples/Blueprints/Common/DefaultPawnVR.uasset" 376
"../../../../../../Documents/Magic Leap Projects/XRT/magicleap/XRT 4.22/Content/Examples/Blueprints/Common/DemoMode.uasset" 377
"../../../../../../Documents/Magic Leap Projects/XRT/magicleap/XRT 4.22/Content/Examples/Blueprints/Core/BP_Controller.uasset" 378
"../../../../../../Documents/Magic Leap Projects/XRT/magicleap/XRT 4.22/Content/Examples/Blueprints/Utility/BP_FocusActor.uasset" 379
"../../../../../../Documents/Magic Leap Projects/XRT/magicleap/XRT 4.22/Content/Examples/Materials/M_ImageTracking_Sea.uasset" 380
"../../../../../../Documents/Magic Leap Projects/XRT/magicleap/XRT 4.22/Content/Examples/Materials/M_ImageTracking_Space.uasset" 381
"../../../../../../Documents/Magic Leap Projects/XRT/magicleap/XRT 4.22/Content/Maps/XRT_Viewer.umap" 382
