UnrealBuildTool.GuardedMain: Command line: "C:/Users/nicks/Downloads/mlsdk-019/mlsdk019/Engine/Binaries/DotNET/UnrealBuildTool.exe"  -projectfiles -project="C:/Users/nicks/Documents/Magic Leap Projects/XRT/magicleap/XRT 4.22/Unreal.uproject" -game -engine -progress -log="C:\Users\nicks\Documents\Magic Leap Projects\XRT\magicleap\XRT 4.22/Saved/Logs/UnrealVersionSelector-2019.01.22-13.45.23.log"
ProjectFileGenerator.GenerateProjectFiles: Discovering modules, targets and source code for project...
Log.PushStatus: Binding IntelliSense data...
ProgressWriter.Write: @progress 'Binding IntelliSense data...' 0%
WindowsPlatform.UpdateCachedWindowsSdks: Found Windows 8.1 SDK at C:\Program Files (x86)\Windows Kits\8.1
WindowsPlatform.EnumerateSdkRootDirs: Found Windows 10 SDK root at C:\Program Files (x86)\Windows Kits\10 (1)
WindowsPlatform.EnumerateSdkRootDirs: Found Windows 10 SDK root at C:\Program Files (x86)\Windows Kits\10 (2)
WindowsPlatform.UpdateCachedWindowsSdks: Found Universal CRT version 10.0.10240.0 at C:\Program Files (x86)\Windows Kits\10
WindowsPlatform.UpdateCachedWindowsSdks: Found Windows 10 SDK version 10.0.17763.0 at C:\Program Files (x86)\Windows Kits\10
WindowsPlatform.UpdateCachedWindowsSdks: Found Universal CRT version 10.0.17763.0 at C:\Program Files (x86)\Windows Kits\10
UEBuildTarget.AddPlugin: Enabling plugin 'Paper2D' (referenced via default plugins)
UEBuildTarget.AddPlugin: Enabling plugin 'AISupport' (referenced via default plugins)
UEBuildTarget.AddPlugin: Enabling plugin 'LightPropagationVolume' (referenced via default plugins)
UEBuildTarget.AddPlugin: Enabling plugin 'ActorLayerUtilities' (referenced via default plugins)
UEBuildTarget.AddPlugin: Enabling plugin 'CLionSourceCodeAccess' (referenced via default plugins)
UEBuildTarget.AddPlugin: Enabling plugin 'CodeLiteSourceCodeAccess' (referenced via default plugins)
UEBuildTarget.AddPlugin: Enabling plugin 'GitSourceControl' (referenced via default plugins)
UEBuildTarget.AddPlugin: Enabling plugin 'KDevelopSourceCodeAccess' (referenced via default plugins)
UEBuildTarget.AddPlugin: Enabling plugin 'NullSourceCodeAccess' (referenced via default plugins)
UEBuildTarget.AddPlugin: Enabling plugin 'PerforceSourceControl' (referenced via default plugins)
UEBuildTarget.AddPlugin: Enabling plugin 'SubversionSourceControl' (referenced via default plugins)
UEBuildTarget.AddPlugin: Enabling plugin 'UObjectPlugin' (referenced via default plugins)
UEBuildTarget.AddPlugin: Enabling plugin 'VisualStudioCodeSourceCodeAccess' (referenced via default plugins)
UEBuildTarget.AddPlugin: Enabling plugin 'VisualStudioSourceCodeAccess' (referenced via default plugins)
UEBuildTarget.AddPlugin: Enabling plugin 'XCodeSourceCodeAccess' (referenced via default plugins)
UEBuildTarget.AddPlugin: Enabling plugin 'AssetManagerEditor' (referenced via default plugins)
UEBuildTarget.AddPlugin: Enabling plugin 'CryptoKeys' (referenced via default plugins)
UEBuildTarget.AddPlugin: Enabling plugin 'DataValidation' (referenced via default plugins)
UEBuildTarget.AddPlugin: Enabling plugin 'FacialAnimation' (referenced via default plugins)
UEBuildTarget.AddPlugin: Enabling plugin 'GameplayTagsEditor' (referenced via default plugins)
UEBuildTarget.AddPlugin: Enabling plugin 'MacGraphicsSwitching' (referenced via default plugins)
UEBuildTarget.AddPlugin: Enabling plugin 'MeshEditor' (referenced via default plugins)
UEBuildTarget.AddPlugin: Enabling plugin 'EditableMesh' (referenced via default plugins -> MeshEditor.uplugin)
UEBuildTarget.AddPlugin: Enabling plugin 'MobileLauncherProfileWizard' (referenced via default plugins)
UEBuildTarget.AddPlugin: Enabling plugin 'PluginBrowser' (referenced via default plugins)
UEBuildTarget.AddPlugin: Enabling plugin 'SpeedTreeImporter' (referenced via default plugins)
UEBuildTarget.AddPlugin: Enabling plugin 'DatasmithContent' (referenced via default plugins)
UEBuildTarget.AddPlugin: Enabling plugin 'VariantManagerContent' (referenced via default plugins)
UEBuildTarget.AddPlugin: Enabling plugin 'AlembicImporter' (referenced via default plugins)
UEBuildTarget.AddPlugin: Enabling plugin 'GeometryCache' (referenced via default plugins -> AlembicImporter.uplugin)
UEBuildTarget.AddPlugin: Enabling plugin 'AppleImageUtils' (referenced via default plugins)
UEBuildTarget.AddPlugin: Enabling plugin 'AppleVision' (referenced via default plugins)
UEBuildTarget.AddPlugin: Enabling plugin 'BackChannel' (referenced via default plugins)
UEBuildTarget.AddPlugin: Enabling plugin 'CharacterAI' (referenced via default plugins)
UEBuildTarget.AddPlugin: Enabling plugin 'HTML5Networking' (referenced via default plugins)
UEBuildTarget.AddPlugin: Enabling plugin 'ProxyLODPlugin' (referenced via default plugins)
UEBuildTarget.AddPlugin: Enabling plugin 'MagicLeap' (referenced via default plugins)
UEBuildTarget.AddPlugin: Enabling plugin 'ProceduralMeshComponent' (referenced via default plugins -> MagicLeap.uplugin)
UEBuildTarget.AddPlugin: Enabling plugin 'MagicLeapMedia' (referenced via default plugins)
UEBuildTarget.AddPlugin: Enabling plugin 'AndroidMedia' (referenced via default plugins)
UEBuildTarget.AddPlugin: Enabling plugin 'AvfMedia' (referenced via default plugins)
UEBuildTarget.AddPlugin: Enabling plugin 'ImgMedia' (referenced via default plugins)
UEBuildTarget.AddPlugin: Enabling plugin 'LinearTimecode' (referenced via default plugins)
UEBuildTarget.AddPlugin: Enabling plugin 'MediaCompositing' (referenced via default plugins)
UEBuildTarget.AddPlugin: Enabling plugin 'MediaPlayerEditor' (referenced via default plugins)
UEBuildTarget.AddPlugin: Enabling plugin 'WmfMedia' (referenced via default plugins)
UEBuildTarget.AddPlugin: Enabling plugin 'TcpMessaging' (referenced via default plugins)
UEBuildTarget.AddPlugin: Enabling plugin 'UdpMessaging' (referenced via default plugins)
UEBuildTarget.AddPlugin: Enabling plugin 'ActorSequence' (referenced via default plugins)
UEBuildTarget.AddPlugin: Enabling plugin 'LevelSequenceEditor' (referenced via default plugins)
UEBuildTarget.AddPlugin: Enabling plugin 'MatineeToLevelSequence' (referenced via default plugins)
UEBuildTarget.AddPlugin: Enabling plugin 'NetcodeUnitTest' (referenced via default plugins)
UEBuildTarget.AddPlugin: Enabling plugin 'NUTUnrealEngine4' (referenced via default plugins)
UEBuildTarget.AddPlugin: Enabling plugin 'OnlineSubsystemGooglePlay' (referenced via default plugins)
UEBuildTarget.AddPlugin: Enabling plugin 'OnlineSubsystem' (referenced via default plugins -> OnlineSubsystemGooglePlay.uplugin)
UEBuildTarget.AddPlugin: Enabling plugin 'AndroidPermission' (referenced via default plugins -> OnlineSubsystemGooglePlay.uplugin)
UEBuildTarget.AddPlugin: Enabling plugin 'OnlineSubsystemIOS' (referenced via default plugins)
UEBuildTarget.AddPlugin: Enabling plugin 'OnlineSubsystemNull' (referenced via default plugins)
UEBuildTarget.AddPlugin: Enabling plugin 'OnlineSubsystemUtils' (referenced via default plugins -> OnlineSubsystemNull.uplugin)
UEBuildTarget.AddPlugin: Enabling plugin 'LauncherChunkInstaller' (referenced via default plugins)
UEBuildTarget.AddPlugin: Enabling plugin 'AndroidDeviceProfileSelector' (referenced via default plugins)
UEBuildTarget.AddPlugin: Enabling plugin 'AndroidMoviePlayer' (referenced via default plugins)
UEBuildTarget.AddPlugin: Enabling plugin 'AppleMoviePlayer' (referenced via default plugins)
UEBuildTarget.AddPlugin: Enabling plugin 'ArchVisCharacter' (referenced via default plugins)
UEBuildTarget.AddPlugin: Enabling plugin 'AudioCapture' (referenced via default plugins)
UEBuildTarget.AddPlugin: Enabling plugin 'CableComponent' (referenced via default plugins)
UEBuildTarget.AddPlugin: Enabling plugin 'CustomMeshComponent' (referenced via default plugins)
UEBuildTarget.AddPlugin: Enabling plugin 'ExampleDeviceProfileSelector' (referenced via default plugins)
UEBuildTarget.AddPlugin: Enabling plugin 'Firebase' (referenced via default plugins)
UEBuildTarget.AddPlugin: Enabling plugin 'GoogleCloudMessaging' (referenced via default plugins)
UEBuildTarget.AddPlugin: Enabling plugin 'IOSDeviceProfileSelector' (referenced via default plugins)
UEBuildTarget.AddPlugin: Enabling plugin 'LinuxDeviceProfileSelector' (referenced via default plugins)
UEBuildTarget.AddPlugin: Enabling plugin 'LocationServicesBPLibrary' (referenced via default plugins)
UEBuildTarget.AddPlugin: Enabling plugin 'MobilePatchingUtils' (referenced via default plugins)
UEBuildTarget.AddPlugin: Enabling plugin 'OculusVR' (referenced via default plugins)
UEBuildTarget.AddPlugin: Enabling plugin 'PhysXVehicles' (referenced via default plugins)
UEBuildTarget.AddPlugin: Enabling plugin 'RuntimePhysXCooking' (referenced via default plugins)
UEBuildTarget.AddPlugin: Enabling plugin 'SteamVR' (referenced via default plugins)
UEBuildTarget.AddPlugin: Enabling plugin 'WebMMoviePlayer' (referenced via default plugins)
UEBuildTarget.AddPlugin: Enabling plugin 'WebMMedia' (referenced via default plugins -> WebMMoviePlayer.uplugin)
UEBuildTarget.AddPlugin: Enabling plugin 'WindowsMoviePlayer' (referenced via default plugins)
ProgressWriter.Write: @progress 'Binding IntelliSense data...' 4%
ProgressWriter.Write: @progress 'Binding IntelliSense data...' 8%
ProgressWriter.Write: @progress 'Binding IntelliSense data...' 12%
ProgressWriter.Write: @progress 'Binding IntelliSense data...' 15%
ProgressWriter.Write: @progress 'Binding IntelliSense data...' 19%
ProgressWriter.Write: @progress 'Binding IntelliSense data...' 23%
ProgressWriter.Write: @progress 'Binding IntelliSense data...' 27%
ProgressWriter.Write: @progress 'Binding IntelliSense data...' 31%
ProgressWriter.Write: @progress 'Binding IntelliSense data...' 35%
ProgressWriter.Write: @progress 'Binding IntelliSense data...' 38%
ProgressWriter.Write: @progress 'Binding IntelliSense data...' 42%
ProgressWriter.Write: @progress 'Binding IntelliSense data...' 46%
ProgressWriter.Write: @progress 'Binding IntelliSense data...' 50%
ProgressWriter.Write: @progress 'Binding IntelliSense data...' 54%
ProgressWriter.Write: @progress 'Binding IntelliSense data...' 58%
ProgressWriter.Write: @progress 'Binding IntelliSense data...' 62%
ProgressWriter.Write: @progress 'Binding IntelliSense data...' 65%
ProgressWriter.Write: @progress 'Binding IntelliSense data...' 69%
UEBuildTarget.AddPlugin: Ignoring plugin 'Paper2D' (referenced via default plugins) due to absence from supported programs list.
UEBuildTarget.AddPlugin: Ignoring plugin 'AISupport' (referenced via default plugins) due to absence from supported programs list.
UEBuildTarget.AddPlugin: Ignoring plugin 'LightPropagationVolume' (referenced via default plugins) due to absence from supported programs list.
UEBuildTarget.AddPlugin: Ignoring plugin 'ActorLayerUtilities' (referenced via default plugins) due to absence from supported programs list.
UEBuildTarget.AddPlugin: Ignoring plugin 'CLionSourceCodeAccess' (referenced via default plugins) due to absence from supported programs list.
UEBuildTarget.AddPlugin: Ignoring plugin 'CodeLiteSourceCodeAccess' (referenced via default plugins) due to absence from supported programs list.
UEBuildTarget.AddPlugin: Ignoring plugin 'GitSourceControl' (referenced via default plugins) due to absence from supported programs list.
UEBuildTarget.AddPlugin: Ignoring plugin 'KDevelopSourceCodeAccess' (referenced via default plugins) due to absence from supported programs list.
UEBuildTarget.AddPlugin: Ignoring plugin 'NullSourceCodeAccess' (referenced via default plugins) due to absence from supported programs list.
UEBuildTarget.AddPlugin: Ignoring plugin 'PerforceSourceControl' (referenced via default plugins) due to absence from supported programs list.
UEBuildTarget.AddPlugin: Ignoring plugin 'SubversionSourceControl' (referenced via default plugins) due to absence from supported programs list.
UEBuildTarget.AddPlugin: Ignoring plugin 'UObjectPlugin' (referenced via default plugins) due to absence from supported programs list.
UEBuildTarget.AddPlugin: Ignoring plugin 'VisualStudioCodeSourceCodeAccess' (referenced via default plugins) due to absence from supported programs list.
UEBuildTarget.AddPlugin: Enabling plugin 'VisualStudioSourceCodeAccess' (referenced via default plugins)
UEBuildTarget.AddPlugin: Enabling plugin 'XCodeSourceCodeAccess' (referenced via default plugins)
UEBuildTarget.AddPlugin: Ignoring plugin 'AssetManagerEditor' (referenced via default plugins) due to absence from supported programs list.
UEBuildTarget.AddPlugin: Ignoring plugin 'CryptoKeys' (referenced via default plugins) due to absence from supported programs list.
UEBuildTarget.AddPlugin: Ignoring plugin 'DataValidation' (referenced via default plugins) due to absence from supported programs list.
UEBuildTarget.AddPlugin: Ignoring plugin 'FacialAnimation' (referenced via default plugins) due to absence from supported programs list.
UEBuildTarget.AddPlugin: Ignoring plugin 'GameplayTagsEditor' (referenced via default plugins) due to absence from supported programs list.
UEBuildTarget.AddPlugin: Ignoring plugin 'MacGraphicsSwitching' (referenced via default plugins) due to absence from supported programs list.
UEBuildTarget.AddPlugin: Ignoring plugin 'MeshEditor' (referenced via default plugins) due to absence from supported programs list.
UEBuildTarget.AddPlugin: Ignoring plugin 'MobileLauncherProfileWizard' (referenced via default plugins) due to absence from supported programs list.
UEBuildTarget.AddPlugin: Ignoring plugin 'PluginBrowser' (referenced via default plugins) due to absence from supported programs list.
UEBuildTarget.AddPlugin: Ignoring plugin 'SpeedTreeImporter' (referenced via default plugins) due to absence from supported programs list.
UEBuildTarget.AddPlugin: Ignoring plugin 'DatasmithContent' (referenced via default plugins) due to absence from supported programs list.
UEBuildTarget.AddPlugin: Ignoring plugin 'VariantManagerContent' (referenced via default plugins) due to absence from supported programs list.
UEBuildTarget.AddPlugin: Ignoring plugin 'AlembicImporter' (referenced via default plugins) due to absence from supported programs list.
UEBuildTarget.AddPlugin: Ignoring plugin 'AppleImageUtils' (referenced via default plugins) due to absence from supported programs list.
UEBuildTarget.AddPlugin: Ignoring plugin 'AppleVision' (referenced via default plugins) due to absence from supported programs list.
UEBuildTarget.AddPlugin: Ignoring plugin 'BackChannel' (referenced via default plugins) due to absence from supported programs list.
UEBuildTarget.AddPlugin: Ignoring plugin 'CharacterAI' (referenced via default plugins) due to absence from supported programs list.
UEBuildTarget.AddPlugin: Ignoring plugin 'GeometryCache' (referenced via default plugins) due to absence from supported programs list.
UEBuildTarget.AddPlugin: Ignoring plugin 'HTML5Networking' (referenced via default plugins) due to absence from supported programs list.
UEBuildTarget.AddPlugin: Ignoring plugin 'ProxyLODPlugin' (referenced via default plugins) due to absence from supported programs list.
UEBuildTarget.AddPlugin: Ignoring plugin 'MagicLeap' (referenced via default plugins) due to target platform not supported by descriptor.
UEBuildTarget.AddPlugin: Ignoring plugin 'MagicLeapMedia' (referenced via default plugins) due to target platform not supported by descriptor.
UEBuildTarget.AddPlugin: Ignoring plugin 'AndroidMedia' (referenced via default plugins) due to absence from supported programs list.
UEBuildTarget.AddPlugin: Ignoring plugin 'AvfMedia' (referenced via default plugins) due to absence from supported programs list.
UEBuildTarget.AddPlugin: Ignoring plugin 'ImgMedia' (referenced via default plugins) due to absence from supported programs list.
UEBuildTarget.AddPlugin: Ignoring plugin 'LinearTimecode' (referenced via default plugins) due to absence from supported programs list.
UEBuildTarget.AddPlugin: Ignoring plugin 'MediaCompositing' (referenced via default plugins) due to absence from supported programs list.
UEBuildTarget.AddPlugin: Ignoring plugin 'MediaPlayerEditor' (referenced via default plugins) due to absence from supported programs list.
UEBuildTarget.AddPlugin: Ignoring plugin 'WmfMedia' (referenced via default plugins) due to absence from supported programs list.
UEBuildTarget.AddPlugin: Enabling plugin 'TcpMessaging' (referenced via default plugins)
UEBuildTarget.AddPlugin: Enabling plugin 'UdpMessaging' (referenced via default plugins)
UEBuildTarget.AddPlugin: Ignoring plugin 'ActorSequence' (referenced via default plugins) due to absence from supported programs list.
UEBuildTarget.AddPlugin: Ignoring plugin 'LevelSequenceEditor' (referenced via default plugins) due to absence from supported programs list.
UEBuildTarget.AddPlugin: Ignoring plugin 'MatineeToLevelSequence' (referenced via default plugins) due to absence from supported programs list.
UEBuildTarget.AddPlugin: Ignoring plugin 'NetcodeUnitTest' (referenced via default plugins) due to absence from supported programs list.
UEBuildTarget.AddPlugin: Ignoring plugin 'NUTUnrealEngine4' (referenced via default plugins) due to absence from supported programs list.
UEBuildTarget.AddPlugin: Ignoring plugin 'OnlineSubsystemGooglePlay' (referenced via default plugins) due to target platform not supported by descriptor.
UEBuildTarget.AddPlugin: Ignoring plugin 'OnlineSubsystemIOS' (referenced via default plugins) due to target platform not supported by descriptor.
UEBuildTarget.AddPlugin: Ignoring plugin 'OnlineSubsystem' (referenced via default plugins) due to absence from supported programs list.
UEBuildTarget.AddPlugin: Ignoring plugin 'OnlineSubsystemNull' (referenced via default plugins) due to absence from supported programs list.
UEBuildTarget.AddPlugin: Ignoring plugin 'OnlineSubsystemUtils' (referenced via default plugins) due to absence from supported programs list.
UEBuildTarget.AddPlugin: Ignoring plugin 'LauncherChunkInstaller' (referenced via default plugins) due to absence from supported programs list.
UEBuildTarget.AddPlugin: Ignoring plugin 'AndroidDeviceProfileSelector' (referenced via default plugins) due to absence from supported programs list.
UEBuildTarget.AddPlugin: Ignoring plugin 'AndroidMoviePlayer' (referenced via default plugins) due to absence from supported programs list.
UEBuildTarget.AddPlugin: Ignoring plugin 'AndroidPermission' (referenced via default plugins) due to absence from supported programs list.
UEBuildTarget.AddPlugin: Ignoring plugin 'AppleMoviePlayer' (referenced via default plugins) due to absence from supported programs list.
UEBuildTarget.AddPlugin: Ignoring plugin 'ArchVisCharacter' (referenced via default plugins) due to absence from supported programs list.
UEBuildTarget.AddPlugin: Ignoring plugin 'AudioCapture' (referenced via default plugins) due to absence from supported programs list.
UEBuildTarget.AddPlugin: Ignoring plugin 'CableComponent' (referenced via default plugins) due to absence from supported programs list.
UEBuildTarget.AddPlugin: Ignoring plugin 'CustomMeshComponent' (referenced via default plugins) due to absence from supported programs list.
UEBuildTarget.AddPlugin: Ignoring plugin 'EditableMesh' (referenced via default plugins) due to absence from supported programs list.
UEBuildTarget.AddPlugin: Ignoring plugin 'ExampleDeviceProfileSelector' (referenced via default plugins) due to absence from supported programs list.
UEBuildTarget.AddPlugin: Ignoring plugin 'Firebase' (referenced via default plugins) due to target platform not supported by descriptor.
UEBuildTarget.AddPlugin: Ignoring plugin 'GoogleCloudMessaging' (referenced via default plugins) due to absence from supported programs list.
UEBuildTarget.AddPlugin: Ignoring plugin 'IOSDeviceProfileSelector' (referenced via default plugins) due to absence from supported programs list.
UEBuildTarget.AddPlugin: Ignoring plugin 'LinuxDeviceProfileSelector' (referenced via default plugins) due to absence from supported programs list.
UEBuildTarget.AddPlugin: Ignoring plugin 'LocationServicesBPLibrary' (referenced via default plugins) due to absence from supported programs list.
UEBuildTarget.AddPlugin: Ignoring plugin 'MobilePatchingUtils' (referenced via default plugins) due to absence from supported programs list.
UEBuildTarget.AddPlugin: Ignoring plugin 'OculusVR' (referenced via default plugins) due to absence from supported programs list.
UEBuildTarget.AddPlugin: Ignoring plugin 'PhysXVehicles' (referenced via default plugins) due to absence from supported programs list.
UEBuildTarget.AddPlugin: Ignoring plugin 'ProceduralMeshComponent' (referenced via default plugins) due to absence from supported programs list.
UEBuildTarget.AddPlugin: Ignoring plugin 'RuntimePhysXCooking' (referenced via default plugins) due to absence from supported programs list.
UEBuildTarget.AddPlugin: Ignoring plugin 'SteamVR' (referenced via default plugins) due to absence from supported programs list.
UEBuildTarget.AddPlugin: Ignoring plugin 'WebMMoviePlayer' (referenced via default plugins) due to absence from supported programs list.
UEBuildTarget.AddPlugin: Ignoring plugin 'WindowsMoviePlayer' (referenced via default plugins) due to absence from supported programs list.
ProgressWriter.Write: @progress 'Binding IntelliSense data...' 73%
UEBuildTarget.AddPlugin: Ignoring plugin 'Paper2D' (referenced via default plugins) due to absence from supported programs list.
UEBuildTarget.AddPlugin: Ignoring plugin 'AISupport' (referenced via default plugins) due to absence from supported programs list.
UEBuildTarget.AddPlugin: Ignoring plugin 'LightPropagationVolume' (referenced via default plugins) due to absence from supported programs list.
UEBuildTarget.AddPlugin: Ignoring plugin 'ActorLayerUtilities' (referenced via default plugins) due to absence from supported programs list.
UEBuildTarget.AddPlugin: Ignoring plugin 'CLionSourceCodeAccess' (referenced via default plugins) due to absence from supported programs list.
UEBuildTarget.AddPlugin: Ignoring plugin 'CodeLiteSourceCodeAccess' (referenced via default plugins) due to absence from supported programs list.
UEBuildTarget.AddPlugin: Ignoring plugin 'GitSourceControl' (referenced via default plugins) due to absence from supported programs list.
UEBuildTarget.AddPlugin: Ignoring plugin 'KDevelopSourceCodeAccess' (referenced via default plugins) due to absence from supported programs list.
UEBuildTarget.AddPlugin: Ignoring plugin 'NullSourceCodeAccess' (referenced via default plugins) due to absence from supported programs list.
UEBuildTarget.AddPlugin: Ignoring plugin 'PerforceSourceControl' (referenced via default plugins) due to absence from supported programs list.
UEBuildTarget.AddPlugin: Ignoring plugin 'SubversionSourceControl' (referenced via default plugins) due to absence from supported programs list.
UEBuildTarget.AddPlugin: Ignoring plugin 'UObjectPlugin' (referenced via default plugins) due to absence from supported programs list.
UEBuildTarget.AddPlugin: Ignoring plugin 'VisualStudioCodeSourceCodeAccess' (referenced via default plugins) due to absence from supported programs list.
UEBuildTarget.AddPlugin: Ignoring plugin 'VisualStudioSourceCodeAccess' (referenced via default plugins) due to absence from supported programs list.
UEBuildTarget.AddPlugin: Ignoring plugin 'XCodeSourceCodeAccess' (referenced via default plugins) due to absence from supported programs list.
UEBuildTarget.AddPlugin: Ignoring plugin 'AssetManagerEditor' (referenced via default plugins) due to absence from supported programs list.
UEBuildTarget.AddPlugin: Ignoring plugin 'CryptoKeys' (referenced via default plugins) due to absence from supported programs list.
UEBuildTarget.AddPlugin: Ignoring plugin 'DataValidation' (referenced via default plugins) due to absence from supported programs list.
UEBuildTarget.AddPlugin: Ignoring plugin 'FacialAnimation' (referenced via default plugins) due to absence from supported programs list.
UEBuildTarget.AddPlugin: Ignoring plugin 'GameplayTagsEditor' (referenced via default plugins) due to absence from supported programs list.
UEBuildTarget.AddPlugin: Ignoring plugin 'MacGraphicsSwitching' (referenced via default plugins) due to absence from supported programs list.
UEBuildTarget.AddPlugin: Ignoring plugin 'MeshEditor' (referenced via default plugins) due to absence from supported programs list.
UEBuildTarget.AddPlugin: Ignoring plugin 'MobileLauncherProfileWizard' (referenced via default plugins) due to absence from supported programs list.
UEBuildTarget.AddPlugin: Ignoring plugin 'PluginBrowser' (referenced via default plugins) due to absence from supported programs list.
UEBuildTarget.AddPlugin: Ignoring plugin 'SpeedTreeImporter' (referenced via default plugins) due to absence from supported programs list.
UEBuildTarget.AddPlugin: Ignoring plugin 'DatasmithContent' (referenced via default plugins) due to absence from supported programs list.
UEBuildTarget.AddPlugin: Ignoring plugin 'VariantManagerContent' (referenced via default plugins) due to absence from supported programs list.
UEBuildTarget.AddPlugin: Ignoring plugin 'AlembicImporter' (referenced via default plugins) due to absence from supported programs list.
UEBuildTarget.AddPlugin: Ignoring plugin 'AppleImageUtils' (referenced via default plugins) due to absence from supported programs list.
UEBuildTarget.AddPlugin: Ignoring plugin 'AppleVision' (referenced via default plugins) due to absence from supported programs list.
UEBuildTarget.AddPlugin: Ignoring plugin 'BackChannel' (referenced via default plugins) due to absence from supported programs list.
UEBuildTarget.AddPlugin: Ignoring plugin 'CharacterAI' (referenced via default plugins) due to absence from supported programs list.
UEBuildTarget.AddPlugin: Ignoring plugin 'GeometryCache' (referenced via default plugins) due to absence from supported programs list.
UEBuildTarget.AddPlugin: Ignoring plugin 'HTML5Networking' (referenced via default plugins) due to absence from supported programs list.
UEBuildTarget.AddPlugin: Ignoring plugin 'ProxyLODPlugin' (referenced via default plugins) due to absence from supported programs list.
UEBuildTarget.AddPlugin: Ignoring plugin 'MagicLeap' (referenced via default plugins) due to target platform not supported by descriptor.
UEBuildTarget.AddPlugin: Ignoring plugin 'MagicLeapMedia' (referenced via default plugins) due to target platform not supported by descriptor.
UEBuildTarget.AddPlugin: Ignoring plugin 'AndroidMedia' (referenced via default plugins) due to absence from supported programs list.
UEBuildTarget.AddPlugin: Ignoring plugin 'AvfMedia' (referenced via default plugins) due to absence from supported programs list.
UEBuildTarget.AddPlugin: Ignoring plugin 'ImgMedia' (referenced via default plugins) due to absence from supported programs list.
UEBuildTarget.AddPlugin: Ignoring plugin 'LinearTimecode' (referenced via default plugins) due to absence from supported programs list.
UEBuildTarget.AddPlugin: Ignoring plugin 'MediaCompositing' (referenced via default plugins) due to absence from supported programs list.
UEBuildTarget.AddPlugin: Ignoring plugin 'MediaPlayerEditor' (referenced via default plugins) due to absence from supported programs list.
UEBuildTarget.AddPlugin: Ignoring plugin 'WmfMedia' (referenced via default plugins) due to absence from supported programs list.
UEBuildTarget.AddPlugin: Ignoring plugin 'TcpMessaging' (referenced via default plugins) due to absence from supported programs list.
UEBuildTarget.AddPlugin: Ignoring plugin 'UdpMessaging' (referenced via default plugins) due to absence from supported programs list.
UEBuildTarget.AddPlugin: Ignoring plugin 'ActorSequence' (referenced via default plugins) due to absence from supported programs list.
UEBuildTarget.AddPlugin: Ignoring plugin 'LevelSequenceEditor' (referenced via default plugins) due to absence from supported programs list.
UEBuildTarget.AddPlugin: Ignoring plugin 'MatineeToLevelSequence' (referenced via default plugins) due to absence from supported programs list.
UEBuildTarget.AddPlugin: Ignoring plugin 'NetcodeUnitTest' (referenced via default plugins) due to absence from supported programs list.
UEBuildTarget.AddPlugin: Ignoring plugin 'NUTUnrealEngine4' (referenced via default plugins) due to absence from supported programs list.
UEBuildTarget.AddPlugin: Ignoring plugin 'OnlineSubsystemGooglePlay' (referenced via default plugins) due to target platform not supported by descriptor.
UEBuildTarget.AddPlugin: Ignoring plugin 'OnlineSubsystemIOS' (referenced via default plugins) due to target platform not supported by descriptor.
UEBuildTarget.AddPlugin: Ignoring plugin 'OnlineSubsystem' (referenced via default plugins) due to absence from supported programs list.
UEBuildTarget.AddPlugin: Ignoring plugin 'OnlineSubsystemNull' (referenced via default plugins) due to absence from supported programs list.
UEBuildTarget.AddPlugin: Ignoring plugin 'OnlineSubsystemUtils' (referenced via default plugins) due to absence from supported programs list.
UEBuildTarget.AddPlugin: Ignoring plugin 'LauncherChunkInstaller' (referenced via default plugins) due to absence from supported programs list.
UEBuildTarget.AddPlugin: Ignoring plugin 'AndroidDeviceProfileSelector' (referenced via default plugins) due to absence from supported programs list.
UEBuildTarget.AddPlugin: Ignoring plugin 'AndroidMoviePlayer' (referenced via default plugins) due to absence from supported programs list.
UEBuildTarget.AddPlugin: Ignoring plugin 'AndroidPermission' (referenced via default plugins) due to absence from supported programs list.
UEBuildTarget.AddPlugin: Ignoring plugin 'AppleMoviePlayer' (referenced via default plugins) due to absence from supported programs list.
UEBuildTarget.AddPlugin: Ignoring plugin 'ArchVisCharacter' (referenced via default plugins) due to absence from supported programs list.
UEBuildTarget.AddPlugin: Ignoring plugin 'AudioCapture' (referenced via default plugins) due to absence from supported programs list.
UEBuildTarget.AddPlugin: Ignoring plugin 'CableComponent' (referenced via default plugins) due to absence from supported programs list.
UEBuildTarget.AddPlugin: Ignoring plugin 'CustomMeshComponent' (referenced via default plugins) due to absence from supported programs list.
UEBuildTarget.AddPlugin: Ignoring plugin 'EditableMesh' (referenced via default plugins) due to absence from supported programs list.
UEBuildTarget.AddPlugin: Ignoring plugin 'ExampleDeviceProfileSelector' (referenced via default plugins) due to absence from supported programs list.
UEBuildTarget.AddPlugin: Ignoring plugin 'Firebase' (referenced via default plugins) due to target platform not supported by descriptor.
UEBuildTarget.AddPlugin: Ignoring plugin 'GoogleCloudMessaging' (referenced via default plugins) due to absence from supported programs list.
UEBuildTarget.AddPlugin: Ignoring plugin 'IOSDeviceProfileSelector' (referenced via default plugins) due to absence from supported programs list.
UEBuildTarget.AddPlugin: Ignoring plugin 'LinuxDeviceProfileSelector' (referenced via default plugins) due to absence from supported programs list.
UEBuildTarget.AddPlugin: Ignoring plugin 'LocationServicesBPLibrary' (referenced via default plugins) due to absence from supported programs list.
UEBuildTarget.AddPlugin: Ignoring plugin 'MobilePatchingUtils' (referenced via default plugins) due to absence from supported programs list.
UEBuildTarget.AddPlugin: Ignoring plugin 'OculusVR' (referenced via default plugins) due to absence from supported programs list.
UEBuildTarget.AddPlugin: Ignoring plugin 'PhysXVehicles' (referenced via default plugins) due to absence from supported programs list.
UEBuildTarget.AddPlugin: Ignoring plugin 'ProceduralMeshComponent' (referenced via default plugins) due to absence from supported programs list.
UEBuildTarget.AddPlugin: Ignoring plugin 'RuntimePhysXCooking' (referenced via default plugins) due to absence from supported programs list.
UEBuildTarget.AddPlugin: Ignoring plugin 'SteamVR' (referenced via default plugins) due to absence from supported programs list.
UEBuildTarget.AddPlugin: Ignoring plugin 'WebMMoviePlayer' (referenced via default plugins) due to absence from supported programs list.
UEBuildTarget.AddPlugin: Ignoring plugin 'WindowsMoviePlayer' (referenced via default plugins) due to absence from supported programs list.
ProgressWriter.Write: @progress 'Binding IntelliSense data...' 77%
UEBuildTarget.AddPlugin: Enabling plugin 'UdpMessaging' (referenced via DefaultEngine.ini)
ProgressWriter.Write: @progress 'Binding IntelliSense data...' 81%
UEBuildTarget.AddPlugin: Ignoring plugin 'Paper2D' (referenced via default plugins) due to absence from supported programs list.
UEBuildTarget.AddPlugin: Ignoring plugin 'AISupport' (referenced via default plugins) due to absence from supported programs list.
UEBuildTarget.AddPlugin: Ignoring plugin 'LightPropagationVolume' (referenced via default plugins) due to absence from supported programs list.
UEBuildTarget.AddPlugin: Ignoring plugin 'ActorLayerUtilities' (referenced via default plugins) due to absence from supported programs list.
UEBuildTarget.AddPlugin: Ignoring plugin 'CLionSourceCodeAccess' (referenced via default plugins) due to absence from supported programs list.
UEBuildTarget.AddPlugin: Ignoring plugin 'CodeLiteSourceCodeAccess' (referenced via default plugins) due to absence from supported programs list.
UEBuildTarget.AddPlugin: Ignoring plugin 'GitSourceControl' (referenced via default plugins) due to absence from supported programs list.
UEBuildTarget.AddPlugin: Ignoring plugin 'KDevelopSourceCodeAccess' (referenced via default plugins) due to absence from supported programs list.
UEBuildTarget.AddPlugin: Ignoring plugin 'NullSourceCodeAccess' (referenced via default plugins) due to absence from supported programs list.
UEBuildTarget.AddPlugin: Ignoring plugin 'PerforceSourceControl' (referenced via default plugins) due to absence from supported programs list.
UEBuildTarget.AddPlugin: Ignoring plugin 'SubversionSourceControl' (referenced via default plugins) due to absence from supported programs list.
UEBuildTarget.AddPlugin: Ignoring plugin 'UObjectPlugin' (referenced via default plugins) due to absence from supported programs list.
UEBuildTarget.AddPlugin: Ignoring plugin 'VisualStudioCodeSourceCodeAccess' (referenced via default plugins) due to absence from supported programs list.
UEBuildTarget.AddPlugin: Ignoring plugin 'VisualStudioSourceCodeAccess' (referenced via default plugins) due to absence from supported programs list.
UEBuildTarget.AddPlugin: Ignoring plugin 'XCodeSourceCodeAccess' (referenced via default plugins) due to absence from supported programs list.
UEBuildTarget.AddPlugin: Ignoring plugin 'AssetManagerEditor' (referenced via default plugins) due to absence from supported programs list.
UEBuildTarget.AddPlugin: Ignoring plugin 'CryptoKeys' (referenced via default plugins) due to absence from supported programs list.
UEBuildTarget.AddPlugin: Ignoring plugin 'DataValidation' (referenced via default plugins) due to absence from supported programs list.
UEBuildTarget.AddPlugin: Ignoring plugin 'FacialAnimation' (referenced via default plugins) due to absence from supported programs list.
UEBuildTarget.AddPlugin: Ignoring plugin 'GameplayTagsEditor' (referenced via default plugins) due to absence from supported programs list.
UEBuildTarget.AddPlugin: Ignoring plugin 'MacGraphicsSwitching' (referenced via default plugins) due to absence from supported programs list.
UEBuildTarget.AddPlugin: Ignoring plugin 'MeshEditor' (referenced via default plugins) due to absence from supported programs list.
UEBuildTarget.AddPlugin: Ignoring plugin 'MobileLauncherProfileWizard' (referenced via default plugins) due to absence from supported programs list.
UEBuildTarget.AddPlugin: Ignoring plugin 'PluginBrowser' (referenced via default plugins) due to absence from supported programs list.
UEBuildTarget.AddPlugin: Ignoring plugin 'SpeedTreeImporter' (referenced via default plugins) due to absence from supported programs list.
UEBuildTarget.AddPlugin: Ignoring plugin 'DatasmithContent' (referenced via default plugins) due to absence from supported programs list.
UEBuildTarget.AddPlugin: Ignoring plugin 'VariantManagerContent' (referenced via default plugins) due to absence from supported programs list.
UEBuildTarget.AddPlugin: Ignoring plugin 'AlembicImporter' (referenced via default plugins) due to absence from supported programs list.
UEBuildTarget.AddPlugin: Ignoring plugin 'AppleImageUtils' (referenced via default plugins) due to absence from supported programs list.
UEBuildTarget.AddPlugin: Ignoring plugin 'AppleVision' (referenced via default plugins) due to absence from supported programs list.
UEBuildTarget.AddPlugin: Ignoring plugin 'BackChannel' (referenced via default plugins) due to absence from supported programs list.
UEBuildTarget.AddPlugin: Ignoring plugin 'CharacterAI' (referenced via default plugins) due to absence from supported programs list.
UEBuildTarget.AddPlugin: Ignoring plugin 'GeometryCache' (referenced via default plugins) due to absence from supported programs list.
UEBuildTarget.AddPlugin: Ignoring plugin 'HTML5Networking' (referenced via default plugins) due to absence from supported programs list.
UEBuildTarget.AddPlugin: Ignoring plugin 'ProxyLODPlugin' (referenced via default plugins) due to absence from supported programs list.
UEBuildTarget.AddPlugin: Ignoring plugin 'MagicLeap' (referenced via default plugins) due to target platform not supported by descriptor.
UEBuildTarget.AddPlugin: Ignoring plugin 'MagicLeapMedia' (referenced via default plugins) due to target platform not supported by descriptor.
UEBuildTarget.AddPlugin: Ignoring plugin 'AndroidMedia' (referenced via default plugins) due to absence from supported programs list.
UEBuildTarget.AddPlugin: Ignoring plugin 'AvfMedia' (referenced via default plugins) due to absence from supported programs list.
UEBuildTarget.AddPlugin: Ignoring plugin 'ImgMedia' (referenced via default plugins) due to absence from supported programs list.
UEBuildTarget.AddPlugin: Ignoring plugin 'LinearTimecode' (referenced via default plugins) due to absence from supported programs list.
UEBuildTarget.AddPlugin: Ignoring plugin 'MediaCompositing' (referenced via default plugins) due to absence from supported programs list.
UEBuildTarget.AddPlugin: Ignoring plugin 'MediaPlayerEditor' (referenced via default plugins) due to absence from supported programs list.
UEBuildTarget.AddPlugin: Ignoring plugin 'WmfMedia' (referenced via default plugins) due to absence from supported programs list.
UEBuildTarget.AddPlugin: Ignoring plugin 'TcpMessaging' (referenced via default plugins) due to absence from supported programs list.
UEBuildTarget.AddPlugin: Ignoring plugin 'UdpMessaging' (referenced via default plugins) due to absence from supported programs list.
UEBuildTarget.AddPlugin: Ignoring plugin 'ActorSequence' (referenced via default plugins) due to absence from supported programs list.
UEBuildTarget.AddPlugin: Ignoring plugin 'LevelSequenceEditor' (referenced via default plugins) due to absence from supported programs list.
UEBuildTarget.AddPlugin: Ignoring plugin 'MatineeToLevelSequence' (referenced via default plugins) due to absence from supported programs list.
UEBuildTarget.AddPlugin: Ignoring plugin 'NetcodeUnitTest' (referenced via default plugins) due to absence from supported programs list.
UEBuildTarget.AddPlugin: Ignoring plugin 'NUTUnrealEngine4' (referenced via default plugins) due to absence from supported programs list.
UEBuildTarget.AddPlugin: Ignoring plugin 'OnlineSubsystemGooglePlay' (referenced via default plugins) due to target platform not supported by descriptor.
UEBuildTarget.AddPlugin: Ignoring plugin 'OnlineSubsystemIOS' (referenced via default plugins) due to target platform not supported by descriptor.
UEBuildTarget.AddPlugin: Ignoring plugin 'OnlineSubsystem' (referenced via default plugins) due to absence from supported programs list.
UEBuildTarget.AddPlugin: Ignoring plugin 'OnlineSubsystemNull' (referenced via default plugins) due to absence from supported programs list.
UEBuildTarget.AddPlugin: Ignoring plugin 'OnlineSubsystemUtils' (referenced via default plugins) due to absence from supported programs list.
UEBuildTarget.AddPlugin: Ignoring plugin 'LauncherChunkInstaller' (referenced via default plugins) due to absence from supported programs list.
UEBuildTarget.AddPlugin: Ignoring plugin 'AndroidDeviceProfileSelector' (referenced via default plugins) due to absence from supported programs list.
UEBuildTarget.AddPlugin: Ignoring plugin 'AndroidMoviePlayer' (referenced via default plugins) due to absence from supported programs list.
UEBuildTarget.AddPlugin: Ignoring plugin 'AndroidPermission' (referenced via default plugins) due to absence from supported programs list.
UEBuildTarget.AddPlugin: Ignoring plugin 'AppleMoviePlayer' (referenced via default plugins) due to absence from supported programs list.
UEBuildTarget.AddPlugin: Ignoring plugin 'ArchVisCharacter' (referenced via default plugins) due to absence from supported programs list.
UEBuildTarget.AddPlugin: Ignoring plugin 'AudioCapture' (referenced via default plugins) due to absence from supported programs list.
UEBuildTarget.AddPlugin: Ignoring plugin 'CableComponent' (referenced via default plugins) due to absence from supported programs list.
UEBuildTarget.AddPlugin: Ignoring plugin 'CustomMeshComponent' (referenced via default plugins) due to absence from supported programs list.
UEBuildTarget.AddPlugin: Ignoring plugin 'EditableMesh' (referenced via default plugins) due to absence from supported programs list.
UEBuildTarget.AddPlugin: Ignoring plugin 'ExampleDeviceProfileSelector' (referenced via default plugins) due to absence from supported programs list.
UEBuildTarget.AddPlugin: Ignoring plugin 'Firebase' (referenced via default plugins) due to target platform not supported by descriptor.
UEBuildTarget.AddPlugin: Ignoring plugin 'GoogleCloudMessaging' (referenced via default plugins) due to absence from supported programs list.
UEBuildTarget.AddPlugin: Ignoring plugin 'IOSDeviceProfileSelector' (referenced via default plugins) due to absence from supported programs list.
UEBuildTarget.AddPlugin: Ignoring plugin 'LinuxDeviceProfileSelector' (referenced via default plugins) due to absence from supported programs list.
UEBuildTarget.AddPlugin: Ignoring plugin 'LocationServicesBPLibrary' (referenced via default plugins) due to absence from supported programs list.
UEBuildTarget.AddPlugin: Ignoring plugin 'MobilePatchingUtils' (referenced via default plugins) due to absence from supported programs list.
UEBuildTarget.AddPlugin: Ignoring plugin 'OculusVR' (referenced via default plugins) due to absence from supported programs list.
UEBuildTarget.AddPlugin: Ignoring plugin 'PhysXVehicles' (referenced via default plugins) due to absence from supported programs list.
UEBuildTarget.AddPlugin: Ignoring plugin 'ProceduralMeshComponent' (referenced via default plugins) due to absence from supported programs list.
UEBuildTarget.AddPlugin: Ignoring plugin 'RuntimePhysXCooking' (referenced via default plugins) due to absence from supported programs list.
UEBuildTarget.AddPlugin: Ignoring plugin 'SteamVR' (referenced via default plugins) due to absence from supported programs list.
UEBuildTarget.AddPlugin: Ignoring plugin 'WebMMoviePlayer' (referenced via default plugins) due to absence from supported programs list.
UEBuildTarget.AddPlugin: Ignoring plugin 'WindowsMoviePlayer' (referenced via default plugins) due to absence from supported programs list.
ProgressWriter.Write: @progress 'Binding IntelliSense data...' 85%
ProgressWriter.Write: @progress 'Binding IntelliSense data...' 88%
ProgressWriter.Write: @progress 'Binding IntelliSense data...' 92%
ProgressWriter.Write: @progress 'Binding IntelliSense data...' 96%
UEBuildTarget.AddPlugin: Enabling plugin 'Paper2D' (referenced via default plugins)
UEBuildTarget.AddPlugin: Enabling plugin 'AISupport' (referenced via default plugins)
UEBuildTarget.AddPlugin: Enabling plugin 'LightPropagationVolume' (referenced via default plugins)
UEBuildTarget.AddPlugin: Enabling plugin 'ActorLayerUtilities' (referenced via default plugins)
UEBuildTarget.AddPlugin: Enabling plugin 'CLionSourceCodeAccess' (referenced via default plugins)
UEBuildTarget.AddPlugin: Enabling plugin 'CodeLiteSourceCodeAccess' (referenced via default plugins)
UEBuildTarget.AddPlugin: Enabling plugin 'GitSourceControl' (referenced via default plugins)
UEBuildTarget.AddPlugin: Enabling plugin 'KDevelopSourceCodeAccess' (referenced via default plugins)
UEBuildTarget.AddPlugin: Enabling plugin 'NullSourceCodeAccess' (referenced via default plugins)
UEBuildTarget.AddPlugin: Enabling plugin 'PerforceSourceControl' (referenced via default plugins)
UEBuildTarget.AddPlugin: Enabling plugin 'SubversionSourceControl' (referenced via default plugins)
UEBuildTarget.AddPlugin: Enabling plugin 'UObjectPlugin' (referenced via default plugins)
UEBuildTarget.AddPlugin: Enabling plugin 'VisualStudioCodeSourceCodeAccess' (referenced via default plugins)
UEBuildTarget.AddPlugin: Enabling plugin 'VisualStudioSourceCodeAccess' (referenced via default plugins)
UEBuildTarget.AddPlugin: Enabling plugin 'XCodeSourceCodeAccess' (referenced via default plugins)
UEBuildTarget.AddPlugin: Enabling plugin 'AssetManagerEditor' (referenced via default plugins)
UEBuildTarget.AddPlugin: Enabling plugin 'CryptoKeys' (referenced via default plugins)
UEBuildTarget.AddPlugin: Enabling plugin 'DataValidation' (referenced via default plugins)
UEBuildTarget.AddPlugin: Enabling plugin 'FacialAnimation' (referenced via default plugins)
UEBuildTarget.AddPlugin: Enabling plugin 'GameplayTagsEditor' (referenced via default plugins)
UEBuildTarget.AddPlugin: Enabling plugin 'MacGraphicsSwitching' (referenced via default plugins)
UEBuildTarget.AddPlugin: Enabling plugin 'MeshEditor' (referenced via default plugins)
UEBuildTarget.AddPlugin: Enabling plugin 'EditableMesh' (referenced via default plugins -> MeshEditor.uplugin)
UEBuildTarget.AddPlugin: Enabling plugin 'MobileLauncherProfileWizard' (referenced via default plugins)
UEBuildTarget.AddPlugin: Enabling plugin 'PluginBrowser' (referenced via default plugins)
UEBuildTarget.AddPlugin: Enabling plugin 'SpeedTreeImporter' (referenced via default plugins)
UEBuildTarget.AddPlugin: Enabling plugin 'DatasmithContent' (referenced via default plugins)
UEBuildTarget.AddPlugin: Enabling plugin 'VariantManagerContent' (referenced via default plugins)
UEBuildTarget.AddPlugin: Enabling plugin 'AlembicImporter' (referenced via default plugins)
UEBuildTarget.AddPlugin: Enabling plugin 'GeometryCache' (referenced via default plugins -> AlembicImporter.uplugin)
UEBuildTarget.AddPlugin: Enabling plugin 'AppleImageUtils' (referenced via default plugins)
UEBuildTarget.AddPlugin: Enabling plugin 'AppleVision' (referenced via default plugins)
UEBuildTarget.AddPlugin: Enabling plugin 'BackChannel' (referenced via default plugins)
UEBuildTarget.AddPlugin: Enabling plugin 'CharacterAI' (referenced via default plugins)
UEBuildTarget.AddPlugin: Enabling plugin 'HTML5Networking' (referenced via default plugins)
UEBuildTarget.AddPlugin: Enabling plugin 'ProxyLODPlugin' (referenced via default plugins)
UEBuildTarget.AddPlugin: Enabling plugin 'MagicLeap' (referenced via default plugins)
UEBuildTarget.AddPlugin: Enabling plugin 'ProceduralMeshComponent' (referenced via default plugins -> MagicLeap.uplugin)
UEBuildTarget.AddPlugin: Enabling plugin 'MagicLeapMedia' (referenced via default plugins)
UEBuildTarget.AddPlugin: Enabling plugin 'AndroidMedia' (referenced via default plugins)
UEBuildTarget.AddPlugin: Enabling plugin 'AvfMedia' (referenced via default plugins)
UEBuildTarget.AddPlugin: Enabling plugin 'ImgMedia' (referenced via default plugins)
UEBuildTarget.AddPlugin: Enabling plugin 'LinearTimecode' (referenced via default plugins)
UEBuildTarget.AddPlugin: Enabling plugin 'MediaCompositing' (referenced via default plugins)
UEBuildTarget.AddPlugin: Enabling plugin 'MediaPlayerEditor' (referenced via default plugins)
UEBuildTarget.AddPlugin: Enabling plugin 'WmfMedia' (referenced via default plugins)
UEBuildTarget.AddPlugin: Enabling plugin 'TcpMessaging' (referenced via default plugins)
UEBuildTarget.AddPlugin: Enabling plugin 'UdpMessaging' (referenced via default plugins)
UEBuildTarget.AddPlugin: Enabling plugin 'ActorSequence' (referenced via default plugins)
UEBuildTarget.AddPlugin: Enabling plugin 'LevelSequenceEditor' (referenced via default plugins)
UEBuildTarget.AddPlugin: Enabling plugin 'MatineeToLevelSequence' (referenced via default plugins)
UEBuildTarget.AddPlugin: Enabling plugin 'NetcodeUnitTest' (referenced via default plugins)
UEBuildTarget.AddPlugin: Enabling plugin 'NUTUnrealEngine4' (referenced via default plugins)
UEBuildTarget.AddPlugin: Enabling plugin 'OnlineSubsystemGooglePlay' (referenced via default plugins)
UEBuildTarget.AddPlugin: Enabling plugin 'OnlineSubsystem' (referenced via default plugins -> OnlineSubsystemGooglePlay.uplugin)
UEBuildTarget.AddPlugin: Enabling plugin 'AndroidPermission' (referenced via default plugins -> OnlineSubsystemGooglePlay.uplugin)
UEBuildTarget.AddPlugin: Enabling plugin 'OnlineSubsystemIOS' (referenced via default plugins)
UEBuildTarget.AddPlugin: Enabling plugin 'OnlineSubsystemNull' (referenced via default plugins)
UEBuildTarget.AddPlugin: Enabling plugin 'OnlineSubsystemUtils' (referenced via default plugins -> OnlineSubsystemNull.uplugin)
UEBuildTarget.AddPlugin: Enabling plugin 'LauncherChunkInstaller' (referenced via default plugins)
UEBuildTarget.AddPlugin: Enabling plugin 'AndroidDeviceProfileSelector' (referenced via default plugins)
UEBuildTarget.AddPlugin: Enabling plugin 'AndroidMoviePlayer' (referenced via default plugins)
UEBuildTarget.AddPlugin: Enabling plugin 'AppleMoviePlayer' (referenced via default plugins)
UEBuildTarget.AddPlugin: Enabling plugin 'ArchVisCharacter' (referenced via default plugins)
UEBuildTarget.AddPlugin: Enabling plugin 'AudioCapture' (referenced via default plugins)
UEBuildTarget.AddPlugin: Enabling plugin 'CableComponent' (referenced via default plugins)
UEBuildTarget.AddPlugin: Enabling plugin 'CustomMeshComponent' (referenced via default plugins)
UEBuildTarget.AddPlugin: Enabling plugin 'ExampleDeviceProfileSelector' (referenced via default plugins)
UEBuildTarget.AddPlugin: Enabling plugin 'Firebase' (referenced via default plugins)
UEBuildTarget.AddPlugin: Enabling plugin 'GoogleCloudMessaging' (referenced via default plugins)
UEBuildTarget.AddPlugin: Enabling plugin 'IOSDeviceProfileSelector' (referenced via default plugins)
UEBuildTarget.AddPlugin: Enabling plugin 'LinuxDeviceProfileSelector' (referenced via default plugins)
UEBuildTarget.AddPlugin: Enabling plugin 'LocationServicesBPLibrary' (referenced via default plugins)
UEBuildTarget.AddPlugin: Enabling plugin 'MobilePatchingUtils' (referenced via default plugins)
UEBuildTarget.AddPlugin: Enabling plugin 'OculusVR' (referenced via default plugins)
UEBuildTarget.AddPlugin: Enabling plugin 'PhysXVehicles' (referenced via default plugins)
UEBuildTarget.AddPlugin: Enabling plugin 'RuntimePhysXCooking' (referenced via default plugins)
UEBuildTarget.AddPlugin: Enabling plugin 'SteamVR' (referenced via default plugins)
UEBuildTarget.AddPlugin: Enabling plugin 'WebMMoviePlayer' (referenced via default plugins)
UEBuildTarget.AddPlugin: Enabling plugin 'WebMMedia' (referenced via default plugins -> WebMMoviePlayer.uplugin)
UEBuildTarget.AddPlugin: Enabling plugin 'WindowsMoviePlayer' (referenced via default plugins)
UEBuildTarget.CreateModuleRulesAndSetDefaults: C:\Users\nicks\Documents\Magic Leap Projects\XRT\magicleap\XRT 4.22\Source\Unreal\Unreal.Build.cs: warning: Modules must specify an explicit precompiled header (eg. PrivatePCHHeaderFile = "Unreal.h") from UE 4.21 onwards.
ProgressWriter.Write: @progress 'Binding IntelliSense data...' 100%
Log.PushStatus: Writing project files...
ProgressWriter.Write: @progress 'Writing project files...' 0%
ProgressWriter.Write: @progress 'Writing project files...' 4%
ProgressWriter.Write: @progress 'Writing project files...' 7%
ProgressWriter.Write: @progress 'Writing project files...' 11%
ProgressWriter.Write: @progress 'Writing project files...' 15%
ProgressWriter.Write: @progress 'Writing project files...' 19%
ProgressWriter.Write: @progress 'Writing project files...' 22%
ProgressWriter.Write: @progress 'Writing project files...' 26%
ProgressWriter.Write: @progress 'Writing project files...' 30%
ProgressWriter.Write: @progress 'Writing project files...' 33%
ProgressWriter.Write: @progress 'Writing project files...' 37%
ProgressWriter.Write: @progress 'Writing project files...' 41%
ProgressWriter.Write: @progress 'Writing project files...' 44%
ProgressWriter.Write: @progress 'Writing project files...' 48%
ProgressWriter.Write: @progress 'Writing project files...' 52%
ProgressWriter.Write: @progress 'Writing project files...' 56%
ProgressWriter.Write: @progress 'Writing project files...' 59%
ProgressWriter.Write: @progress 'Writing project files...' 63%
ProgressWriter.Write: @progress 'Writing project files...' 67%
ProgressWriter.Write: @progress 'Writing project files...' 70%
ProgressWriter.Write: @progress 'Writing project files...' 74%
ProgressWriter.Write: @progress 'Writing project files...' 78%
ProgressWriter.Write: @progress 'Writing project files...' 81%
ProgressWriter.Write: @progress 'Writing project files...' 85%
ProgressWriter.Write: @progress 'Writing project files...' 89%
ProgressWriter.Write: @progress 'Writing project files...' 93%
ProgressWriter.Write: @progress 'Writing project files...' 96%
ProgressWriter.Write: @progress 'Writing project files...' 100%
