Log file open, 01/22/19 14:14:07
LogWindows: Failed to load 'aqProf.dll' (GetLastError=126)
LogWindows: File 'aqProf.dll' does not exist
LogWindows: Failed to load 'VtuneApi.dll' (GetLastError=126)
LogWindows: File 'VtuneApi.dll' does not exist
LogWindows: Failed to load 'VtuneApi32e.dll' (GetLastError=126)
LogWindows: File 'VtuneApi32e.dll' does not exist
LogConsoleResponse: Display: Failed to find resolution value strings in scalability ini. Falling back to default.
LogInit: Display: Running engine for game: Unreal
LogPakFile: Registered encryption key '00000000000000000000000000000000': 0 pak files mounted, 0 remain pending
LogPlatformFile: Not using cached read wrapper
LogTaskGraph: Started task graph with 5 named threads and 35 total threads with 3 sets of task threads.
LogStats: Stats thread started at 2.227597
LogD3D11RHI: Loaded GFSDK_Aftermath_Lib.x64.dll
LogICUInternationalization: ICU TimeZone Detection - Raw Offset: -5:00, Platform Override: ''
LogPluginManager: Mounting plugin Paper2D
LogPluginManager: Mounting plugin AISupport
LogPluginManager: Mounting plugin LightPropagationVolume
LogPluginManager: Mounting plugin ActorLayerUtilities
LogPluginManager: Mounting plugin CLionSourceCodeAccess
LogPluginManager: Mounting plugin CodeLiteSourceCodeAccess
LogPluginManager: Mounting plugin GitSourceControl
LogPluginManager: Mounting plugin KDevelopSourceCodeAccess
LogPluginManager: Mounting plugin NullSourceCodeAccess
LogPluginManager: Mounting plugin PerforceSourceControl
LogPluginManager: Mounting plugin SubversionSourceControl
LogPluginManager: Mounting plugin UObjectPlugin
LogPluginManager: Mounting plugin VisualStudioCodeSourceCodeAccess
LogPluginManager: Mounting plugin VisualStudioSourceCodeAccess
LogPluginManager: Mounting plugin XCodeSourceCodeAccess
LogPluginManager: Mounting plugin AssetManagerEditor
LogPluginManager: Mounting plugin CryptoKeys
LogPluginManager: Mounting plugin DataValidation
LogPluginManager: Mounting plugin FacialAnimation
LogPluginManager: Mounting plugin GameplayTagsEditor
LogPluginManager: Mounting plugin MacGraphicsSwitching
LogPluginManager: Mounting plugin MeshEditor
LogPluginManager: Mounting plugin MobileLauncherProfileWizard
LogPluginManager: Mounting plugin PluginBrowser
LogPluginManager: Mounting plugin SpeedTreeImporter
LogPluginManager: Mounting plugin DatasmithContent
LogPluginManager: Mounting plugin VariantManagerContent
LogPluginManager: Mounting plugin AlembicImporter
LogPluginManager: Mounting plugin AppleImageUtils
LogPluginManager: Mounting plugin AppleVision
LogPluginManager: Mounting plugin BackChannel
LogPluginManager: Mounting plugin CharacterAI
LogPluginManager: Mounting plugin GeometryCache
LogPluginManager: Mounting plugin HTML5Networking
LogPluginManager: Mounting plugin ProxyLODPlugin
LogPluginManager: Mounting plugin MagicLeap
LogPluginManager: Mounting plugin MagicLeapMedia
LogPluginManager: Mounting plugin AndroidMedia
LogPluginManager: Mounting plugin AvfMedia
LogPluginManager: Mounting plugin ImgMedia
LogPluginManager: Mounting plugin LinearTimecode
LogPluginManager: Mounting plugin MediaCompositing
LogPluginManager: Mounting plugin MediaPlayerEditor
LogPluginManager: Mounting plugin WebMMedia
LogPluginManager: Mounting plugin WmfMedia
LogPluginManager: Mounting plugin TcpMessaging
LogPluginManager: Mounting plugin UdpMessaging
LogPluginManager: Mounting plugin ActorSequence
LogPluginManager: Mounting plugin LevelSequenceEditor
LogPluginManager: Mounting plugin MatineeToLevelSequence
LogPluginManager: Mounting plugin NetcodeUnitTest
LogPluginManager: Mounting plugin NUTUnrealEngine4
LogPluginManager: Mounting plugin OnlineSubsystemGooglePlay
LogPluginManager: Mounting plugin OnlineSubsystemIOS
LogPluginManager: Mounting plugin OnlineSubsystem
LogPluginManager: Mounting plugin OnlineSubsystemNull
LogPluginManager: Mounting plugin OnlineSubsystemUtils
LogPluginManager: Mounting plugin LauncherChunkInstaller
LogPluginManager: Mounting plugin AndroidDeviceProfileSelector
LogPluginManager: Mounting plugin AndroidMoviePlayer
LogPluginManager: Mounting plugin AndroidPermission
LogPluginManager: Mounting plugin AppleMoviePlayer
LogPluginManager: Mounting plugin ArchVisCharacter
LogPluginManager: Mounting plugin AudioCapture
LogPluginManager: Mounting plugin CableComponent
LogPluginManager: Mounting plugin CustomMeshComponent
LogPluginManager: Mounting plugin EditableMesh
LogPluginManager: Mounting plugin ExampleDeviceProfileSelector
LogPluginManager: Mounting plugin Firebase
LogPluginManager: Mounting plugin GoogleCloudMessaging
LogPluginManager: Mounting plugin IOSDeviceProfileSelector
LogPluginManager: Mounting plugin LinuxDeviceProfileSelector
LogPluginManager: Mounting plugin LocationServicesBPLibrary
LogPluginManager: Mounting plugin MobilePatchingUtils
LogPluginManager: Mounting plugin OculusVR
LogPluginManager: Mounting plugin PhysXVehicles
LogPluginManager: Mounting plugin ProceduralMeshComponent
LogPluginManager: Mounting plugin RuntimePhysXCooking
LogPluginManager: Mounting plugin SteamVR
LogPluginManager: Mounting plugin WebMMoviePlayer
LogPluginManager: Mounting plugin WindowsMoviePlayer
LogStreaming: Display: Took  0.108s to configure plugins.
LogMagicLeapAPISetup: Display: Dll loaded: C:\Users\nicks\MagicLeap\mlsdk\v0.19.0/lib/win64/ml_perception_client.dll
LogMagicLeapAPISetup: Display: Dll loaded: C:\Users\nicks\MagicLeap\mlsdk\v0.19.0/VirtualDevice/lib/ml_perception_client.dll
LogMagicLeapAPISetup: Display: Dll loaded: C:\Users\nicks\MagicLeap\mlsdk\v0.19.0/VirtualDevice/lib/ml_graphics.dll
LogMagicLeapAPISetup: Display: Dll loaded: C:\Users\nicks\MagicLeap\mlsdk\v0.19.0/VirtualDevice/lib/ml_lifecycle.dll
LogWindows: Failed to load 'C:\Users\nicks\MagicLeap\mlsdk\v0.19.0/VirtualDevice/lib/ml_privileges.dll' (GetLastError=126)
LogWindows: File 'C:\Users\nicks\MagicLeap\mlsdk\v0.19.0/VirtualDevice/lib/ml_privileges.dll' does not exist
LogWindows: Failed to load 'C:\Users\nicks\MagicLeap\mlsdk\v0.19.0/VirtualDevice/bin/ml_privileges.dll' (GetLastError=126)
LogWindows: File 'C:\Users\nicks\MagicLeap\mlsdk\v0.19.0/VirtualDevice/bin/ml_privileges.dll' does not exist
LogMagicLeapAPISetup: Display: Dll loaded: C:\Users\nicks\MagicLeap\mlsdk\v0.19.0/lib/win64/ml_privileges.dll
LogMagicLeapAPISetup: Display: Dll loaded: C:\Users\nicks\MagicLeap\mlsdk\v0.19.0/VirtualDevice/lib/ml_remote.dll
LogMagicLeap: ML VDZI mode enabled. Using OpenGL renderer.
LogMagicLeapAPISetup: Display: Dll loaded: C:\Users\nicks\MagicLeap\mlsdk\v0.19.0/VirtualDevice/lib/ml_input.dll
LogMagicLeapAPISetup: Display: Dll loaded: C:\Users\nicks\MagicLeap\mlsdk\v0.19.0/lib/win64/ml_secure_storage.dll
LogMagicLeapAPISetup: Display: Dll loaded: C:\Users\nicks\MagicLeap\mlsdk\v0.19.0/lib/win64/ml_identity.dll
LogInit: Using libcurl 7.55.1-DEV
LogInit:  - built for x86_64-pc-win32
LogInit:  - supports SSL with OpenSSL/1.0.2h
LogInit:  - supports HTTP deflate (compression) using libz 1.2.8
LogInit:  - other features:
LogInit:      CURL_VERSION_SSL
LogInit:      CURL_VERSION_LIBZ
LogInit:      CURL_VERSION_IPV6
LogInit:      CURL_VERSION_ASYNCHDNS
LogInit:      CURL_VERSION_LARGEFILE
LogInit:      CURL_VERSION_IDN
LogInit:  CurlRequestOptions (configurable via config and command line):
LogInit:  - bVerifyPeer = true  - Libcurl will verify peer certificate
LogInit:  - bUseHttpProxy = false  - Libcurl will NOT use HTTP proxy
LogInit:  - bDontReuseConnections = false  - Libcurl will reuse connections
LogInit:  - MaxHostConnections = 16  - Libcurl will limit the number of connections to a host
LogInit:  - LocalHostAddr = Default
LogInit:  - BufferSize = 65536
LogInit: WinSock: version 1.1 (2.2), MaxSocks=32767, MaxUdp=65467
LogInit: Build: UE4-CL-0
LogInit: Engine Version: 4.22.0-0+UE4
LogInit: Compatible Engine Version: 4.22.0-0+UE4
LogInit: Net CL: 0
LogInit: OS: Windows 10 (), CPU: Intel(R) Core(TM) i7-8750H CPU @ 2.20GHz, GPU: NVIDIA GeForce GTX 1070
LogInit: Compiled (64-bit): Jan 18 2019 10:53:56
LogInit: Compiled with Visual C++: 19.16.27026.01
LogInit: Build Configuration: Development
LogInit: Branch Name: UE4
LogInit: Command Line:  -opengl4 
LogInit: Base Directory: D:/SDKs/MagicLeap/v019/mlsdk-019/mlsdk019/Engine/Binaries/Win64/
LogInit: Installed Engine Build: 0
LogDevObjectVersion: Number of dev versions registered: 22
LogDevObjectVersion:   Dev-Blueprints (B0D832E4-1F89-4F0D-ACCF-7EB736FD4AA2): 10
LogDevObjectVersion:   Dev-Build (E1C64328-A22C-4D53-A36C-8E866417BD8C): 0
LogDevObjectVersion:   Dev-Core (375EC13C-06E4-48FB-B500-84F0262A717E): 2
LogDevObjectVersion:   Dev-Editor (E4B068ED-F494-42E9-A231-DA0B2E46BB41): 26
LogDevObjectVersion:   Dev-Framework (CFFC743F-43B0-4480-9391-14DF171D2073): 34
LogDevObjectVersion:   Dev-Mobile (B02B49B5-BB20-44E9-A304-32B752E40360): 2
LogDevObjectVersion:   Dev-Networking (A4E4105C-59A1-49B5-A7C5-40C4547EDFEE): 0
LogDevObjectVersion:   Dev-Online (39C831C9-5AE6-47DC-9A44-9C173E1C8E7C): 0
LogDevObjectVersion:   Dev-Physics (78F01B33-EBEA-4F98-B9B4-84EACCB95AA2): 0
LogDevObjectVersion:   Dev-Platform (6631380F-2D4D-43E0-8009-CF276956A95A): 0
LogDevObjectVersion:   Dev-Rendering (12F88B9F-8875-4AFC-A67C-D90C383ABD29): 27
LogDevObjectVersion:   Dev-Sequencer (7B5AE74C-D270-4C10-A958-57980B212A5A): 9
LogDevObjectVersion:   Dev-VR (D7296918-1DD6-4BDD-9DE2-64A83CC13884): 2
LogDevObjectVersion:   Dev-LoadTimes (C2A15278-BFE7-4AFE-6C17-90FF531DF755): 1
LogDevObjectVersion:   Private-Geometry (6EACA3D4-40EC-4CC1-B786-8BED09428FC5): 3
LogDevObjectVersion:   Dev-AnimPhys (29E575DD-E0A3-4627-9D10-D276232CDCEA): 17
LogDevObjectVersion:   Dev-Anim (AF43A65D-7FD3-4947-9873-3E8ED9C1BB05): 2
LogDevObjectVersion:   Dev-ReflectionCapture (6B266CEC-1EC7-4B8F-A30B-E4D90942FC07): 1
LogDevObjectVersion:   Dev-Automation (0DF73D61-A23F-47EA-B727-89E90C41499A): 1
LogDevObjectVersion:   FortniteMain (601D1886-AC64-4F84-AA16-D3DE0DEAC7D6): 17
LogDevObjectVersion:   Dev-Enterprise (9DFFBCD6-494F-0158-E221-12823C92A888): 4
LogDevObjectVersion:   Dev-Niagara (F2AED0AC-9AFE-416F-8664-AA7FFA26D6FC): 1
LogStreaming: Display: Took  0.006s to delete old logs.
LogInit: Presizing for max 8388607 objects, including 0 objects not considered by GC, pre-allocating 0 bytes for permanent pool.
LogInit: Object subsystem initialized
LogConfig: Setting CVar [[con.DebugEarlyDefault:1]]
LogConfig: Setting CVar [[r.setres:1280x720]]
[2019.01.22-19.14.14:326][  0]LogConfig: Setting CVar [[r.VSync:0]]
[2019.01.22-19.14.14:326][  0]LogConfig: Setting CVar [[r.RHICmdBypass:0]]
[2019.01.22-19.14.14:326][  0]LogConfig: Applying CVar settings from Section [/Script/Engine.RendererSettings] File [C:/Users/nicks/Documents/Magic Leap Projects/XRT/magicleap/XRT 4.22/Saved/Config/Windows/Engine.ini]
[2019.01.22-19.14.14:326][  0]LogConfig: Setting CVar [[r.GPUCrashDebugging:0]]
[2019.01.22-19.14.14:326][  0]LogConfig: Setting CVar [[r.DefaultFeature.MotionBlur:0]]
[2019.01.22-19.14.14:326][  0]LogConfig: Setting CVar [[r.DefaultFeature.AutoExposure:0]]
[2019.01.22-19.14.14:326][  0]LogConfig: Setting CVar [[r.DefaultFeature.AmbientOcclusionStaticFraction:1]]
[2019.01.22-19.14.14:326][  0]LogConfig: Setting CVar [[r.DefaultFeature.Bloom:1]]
[2019.01.22-19.14.14:326][  0]LogConfig: Setting CVar [[r.DefaultFeature.AmbientOcclusion:1]]
[2019.01.22-19.14.14:326][  0]LogConfig: Setting CVar [[r.CustomDepth:1]]
[2019.01.22-19.14.14:326][  0]LogConfig: Setting CVar [[r.DBuffer:1]]
[2019.01.22-19.14.14:327][  0]LogConfig: Setting CVar [[r.EarlyZPassMovable:1]]
[2019.01.22-19.14.14:327][  0]LogConfig: Applying CVar settings from Section [/Script/Engine.RendererOverrideSettings] File [C:/Users/nicks/Documents/Magic Leap Projects/XRT/magicleap/XRT 4.22/Saved/Config/Windows/Engine.ini]
[2019.01.22-19.14.14:327][  0]LogConfig: Applying CVar settings from Section [/Script/Engine.StreamingSettings] File [C:/Users/nicks/Documents/Magic Leap Projects/XRT/magicleap/XRT 4.22/Saved/Config/Windows/Engine.ini]
[2019.01.22-19.14.14:327][  0]LogConfig: Setting CVar [[s.MinBulkDataSizeForAsyncLoading:131072]]
[2019.01.22-19.14.14:327][  0]LogConfig: Setting CVar [[s.AsyncLoadingThreadEnabled:0]]
[2019.01.22-19.14.14:327][  0]LogConfig: Setting CVar [[s.EventDrivenLoaderEnabled:1]]
[2019.01.22-19.14.14:327][  0]LogConfig: Setting CVar [[s.WarnIfTimeLimitExceeded:0]]
[2019.01.22-19.14.14:327][  0]LogConfig: Setting CVar [[s.TimeLimitExceededMultiplier:1.5]]
[2019.01.22-19.14.14:327][  0]LogConfig: Setting CVar [[s.TimeLimitExceededMinTime:0.005]]
[2019.01.22-19.14.14:327][  0]LogConfig: Setting CVar [[s.UseBackgroundLevelStreaming:1]]
[2019.01.22-19.14.14:327][  0]LogConfig: Setting CVar [[s.PriorityAsyncLoadingExtraTime:15.0]]
[2019.01.22-19.14.14:327][  0]LogConfig: Setting CVar [[s.LevelStreamingActorsUpdateTimeLimit:5.0]]
[2019.01.22-19.14.14:327][  0]LogConfig: Setting CVar [[s.PriorityLevelStreamingActorsUpdateExtraTime:5.0]]
[2019.01.22-19.14.14:327][  0]LogConfig: Setting CVar [[s.LevelStreamingComponentsRegistrationGranularity:10]]
[2019.01.22-19.14.14:327][  0]LogConfig: Setting CVar [[s.UnregisterComponentsTimeLimit:1.0]]
[2019.01.22-19.14.14:327][  0]LogConfig: Setting CVar [[s.LevelStreamingComponentsUnregistrationGranularity:5]]
[2019.01.22-19.14.14:327][  0]LogConfig: Applying CVar settings from Section [/Script/Engine.GarbageCollectionSettings] File [C:/Users/nicks/Documents/Magic Leap Projects/XRT/magicleap/XRT 4.22/Saved/Config/Windows/Engine.ini]
[2019.01.22-19.14.14:327][  0]LogConfig: Setting CVar [[gc.MaxObjectsNotConsideredByGC:1]]
[2019.01.22-19.14.14:327][  0]LogConfig: Setting CVar [[gc.SizeOfPermanentObjectPool:0]]
[2019.01.22-19.14.14:327][  0]LogConfig: Setting CVar [[gc.FlushStreamingOnGC:0]]
[2019.01.22-19.14.14:327][  0]LogConfig: Setting CVar [[gc.NumRetriesBeforeForcingGC:10]]
[2019.01.22-19.14.14:327][  0]LogConfig: Setting CVar [[gc.AllowParallelGC:1]]
[2019.01.22-19.14.14:327][  0]LogConfig: Setting CVar [[gc.TimeBetweenPurgingPendingKillObjects:61.1]]
[2019.01.22-19.14.14:327][  0]LogConfig: Setting CVar [[gc.MaxObjectsInEditor:8388607]]
[2019.01.22-19.14.14:327][  0]LogConfig: Setting CVar [[gc.IncrementalBeginDestroyEnabled:1]]
[2019.01.22-19.14.14:327][  0]LogConfig: Setting CVar [[gc.CreateGCClusters:1]]
[2019.01.22-19.14.14:327][  0]LogConfig: Setting CVar [[gc.MergeGCClusters:0]]
[2019.01.22-19.14.14:327][  0]LogConfig: Setting CVar [[gc.MinGCClusterSize:5]]
[2019.01.22-19.14.14:327][  0]LogConfig: Setting CVar [[gc.ActorClusteringEnabled:0]]
[2019.01.22-19.14.14:327][  0]LogConfig: Setting CVar [[gc.BlueprintClusteringEnabled:0]]
[2019.01.22-19.14.14:327][  0]LogConfig: Setting CVar [[gc.UseDisregardForGCOnDedicatedServers:0]]
[2019.01.22-19.14.14:327][  0]LogConfig: Applying CVar settings from Section [/Script/Engine.NetworkSettings] File [C:/Users/nicks/Documents/Magic Leap Projects/XRT/magicleap/XRT 4.22/Saved/Config/Windows/Engine.ini]
[2019.01.22-19.14.14:327][  0]LogConfig: Applying CVar settings from Section [/Script/UnrealEd.CookerSettings] File [C:/Users/nicks/Documents/Magic Leap Projects/XRT/magicleap/XRT 4.22/Saved/Config/Windows/Engine.ini]
[2019.01.22-19.14.14:330][  0]LogConfig: Applying CVar settings from Section [ViewDistanceQuality@3] File [C:/Users/nicks/Documents/Magic Leap Projects/XRT/magicleap/XRT 4.22/Saved/Config/Windows/Scalability.ini]
[2019.01.22-19.14.14:330][  0]LogConfig: Setting CVar [[r.SkeletalMeshLODBias:0]]
[2019.01.22-19.14.14:330][  0]LogConfig: Setting CVar [[r.ViewDistanceScale:1.0]]
[2019.01.22-19.14.14:330][  0]LogConfig: Applying CVar settings from Section [AntiAliasingQuality@3] File [C:/Users/nicks/Documents/Magic Leap Projects/XRT/magicleap/XRT 4.22/Saved/Config/Windows/Scalability.ini]
[2019.01.22-19.14.14:330][  0]LogConfig: Setting CVar [[r.PostProcessAAQuality:4]]
[2019.01.22-19.14.14:330][  0]LogConfig: Applying CVar settings from Section [ShadowQuality@3] File [C:/Users/nicks/Documents/Magic Leap Projects/XRT/magicleap/XRT 4.22/Saved/Config/Windows/Scalability.ini]
[2019.01.22-19.14.14:330][  0]LogConfig: Setting CVar [[r.LightFunctionQuality:1]]
[2019.01.22-19.14.14:330][  0]LogConfig: Setting CVar [[r.ShadowQuality:5]]
[2019.01.22-19.14.14:330][  0]LogConfig: Setting CVar [[r.Shadow.CSM.MaxCascades:10]]
[2019.01.22-19.14.14:330][  0]LogConfig: Setting CVar [[r.Shadow.MaxResolution:2048]]
[2019.01.22-19.14.14:330][  0]LogConfig: Setting CVar [[r.Shadow.MaxCSMResolution:2048]]
[2019.01.22-19.14.14:330][  0]LogConfig: Setting CVar [[r.Shadow.RadiusThreshold:0.01]]
[2019.01.22-19.14.14:330][  0]LogConfig: Setting CVar [[r.Shadow.DistanceScale:1.0]]
[2019.01.22-19.14.14:330][  0]LogConfig: Setting CVar [[r.Shadow.CSM.TransitionScale:1.0]]
[2019.01.22-19.14.14:330][  0]LogConfig: Setting CVar [[r.Shadow.PreShadowResolutionFactor:1.0]]
[2019.01.22-19.14.14:330][  0]LogConfig: Setting CVar [[r.DistanceFieldShadowing:1]]
[2019.01.22-19.14.14:330][  0]LogConfig: Setting CVar [[r.DistanceFieldAO:1]]
[2019.01.22-19.14.14:330][  0]LogConfig: Setting CVar [[r.AOQuality:2]]
[2019.01.22-19.14.14:330][  0]LogConfig: Setting CVar [[r.VolumetricFog:1]]
[2019.01.22-19.14.14:330][  0]LogConfig: Setting CVar [[r.VolumetricFog.GridPixelSize:8]]
[2019.01.22-19.14.14:330][  0]LogConfig: Setting CVar [[r.VolumetricFog.GridSizeZ:128]]
[2019.01.22-19.14.14:330][  0]LogConfig: Setting CVar [[r.VolumetricFog.HistoryMissSupersampleCount:4]]
[2019.01.22-19.14.14:330][  0]LogConfig: Setting CVar [[r.LightMaxDrawDistanceScale:1]]
[2019.01.22-19.14.14:330][  0]LogConfig: Setting CVar [[r.CapsuleShadows:1]]
[2019.01.22-19.14.14:330][  0]LogConfig: Applying CVar settings from Section [PostProcessQuality@3] File [C:/Users/nicks/Documents/Magic Leap Projects/XRT/magicleap/XRT 4.22/Saved/Config/Windows/Scalability.ini]
[2019.01.22-19.14.14:330][  0]LogConfig: Setting CVar [[r.MotionBlurQuality:4]]
[2019.01.22-19.14.14:330][  0]LogConfig: Setting CVar [[r.AmbientOcclusionMipLevelFactor:0.4]]
[2019.01.22-19.14.14:330][  0]LogConfig: Setting CVar [[r.AmbientOcclusionMaxQuality:100]]
[2019.01.22-19.14.14:330][  0]LogConfig: Setting CVar [[r.AmbientOcclusionLevels:-1]]
[2019.01.22-19.14.14:330][  0]LogConfig: Setting CVar [[r.AmbientOcclusionRadiusScale:1.0]]
[2019.01.22-19.14.14:330][  0]LogConfig: Setting CVar [[r.DepthOfFieldQuality:2]]
[2019.01.22-19.14.14:330][  0]LogConfig: Setting CVar [[r.RenderTargetPoolMin:400]]
[2019.01.22-19.14.14:330][  0]LogConfig: Setting CVar [[r.LensFlareQuality:2]]
[2019.01.22-19.14.14:330][  0]LogConfig: Setting CVar [[r.SceneColorFringeQuality:1]]
[2019.01.22-19.14.14:330][  0]LogConfig: Setting CVar [[r.EyeAdaptationQuality:2]]
[2019.01.22-19.14.14:330][  0]LogConfig: Setting CVar [[r.BloomQuality:5]]
[2019.01.22-19.14.14:330][  0]LogConfig: Setting CVar [[r.FastBlurThreshold:100]]
[2019.01.22-19.14.14:330][  0]LogConfig: Setting CVar [[r.Upscale.Quality:3]]
[2019.01.22-19.14.14:330][  0]LogConfig: Setting CVar [[r.Tonemapper.GrainQuantization:1]]
[2019.01.22-19.14.14:330][  0]LogConfig: Setting CVar [[r.LightShaftQuality:1]]
[2019.01.22-19.14.14:330][  0]LogConfig: Setting CVar [[r.Filter.SizeScale:1]]
[2019.01.22-19.14.14:330][  0]LogConfig: Setting CVar [[r.Tonemapper.Quality:5]]
[2019.01.22-19.14.14:330][  0]LogConfig: Setting CVar [[r.DOF.Gather.AccumulatorQuality:1        ; higher gathering accumulator quality]]
[2019.01.22-19.14.14:330][  0]LogConfig: Setting CVar [[r.DOF.Gather.PostfilterMethod:1          ; Median3x3 postfilering method]]
[2019.01.22-19.14.14:330][  0]LogConfig: Setting CVar [[r.DOF.Gather.EnableBokehSettings:0       ; no bokeh simulation when gathering]]
[2019.01.22-19.14.14:330][  0]LogConfig: Setting CVar [[r.DOF.Gather.RingCount:4                 ; medium number of samples when gathering]]
[2019.01.22-19.14.14:330][  0]LogConfig: Setting CVar [[r.DOF.Scatter.ForegroundCompositing:1    ; additive foreground scattering]]
[2019.01.22-19.14.14:331][  0]LogConfig: Setting CVar [[r.DOF.Scatter.BackgroundCompositing:2    ; additive background scattering]]
[2019.01.22-19.14.14:331][  0]LogConfig: Setting CVar [[r.DOF.Scatter.EnableBokehSettings:1      ; bokeh simulation when scattering]]
[2019.01.22-19.14.14:331][  0]LogConfig: Setting CVar [[r.DOF.Scatter.MaxSpriteRatio:0.1         ; only a maximum of 10% of scattered bokeh]]
[2019.01.22-19.14.14:331][  0]LogConfig: Setting CVar [[r.DOF.Recombine.Quality:1                ; cheap slight out of focus]]
[2019.01.22-19.14.14:331][  0]LogConfig: Setting CVar [[r.DOF.Recombine.EnableBokehSettings:0    ; no bokeh simulation on slight out of focus]]
[2019.01.22-19.14.14:331][  0]LogConfig: Setting CVar [[r.DOF.TemporalAAQuality:1                ; more stable temporal accumulation]]
[2019.01.22-19.14.14:331][  0]LogConfig: Setting CVar [[r.DOF.Kernel.MaxForegroundRadius:0.025]]
[2019.01.22-19.14.14:331][  0]LogConfig: Setting CVar [[r.DOF.Kernel.MaxBackgroundRadius:0.025]]
[2019.01.22-19.14.14:331][  0]LogConfig: Applying CVar settings from Section [TextureQuality@3] File [C:/Users/nicks/Documents/Magic Leap Projects/XRT/magicleap/XRT 4.22/Saved/Config/Windows/Scalability.ini]
[2019.01.22-19.14.14:331][  0]LogConfig: Setting CVar [[r.Streaming.MipBias:0]]
[2019.01.22-19.14.14:331][  0]LogConfig: Setting CVar [[r.Streaming.AmortizeCPUToGPUCopy:0]]
[2019.01.22-19.14.14:331][  0]LogConfig: Setting CVar [[r.Streaming.MaxNumTexturesToStreamPerFrame:0]]
[2019.01.22-19.14.14:331][  0]LogConfig: Setting CVar [[r.Streaming.Boost:1]]
[2019.01.22-19.14.14:331][  0]LogConfig: Setting CVar [[r.MaxAnisotropy:8]]
[2019.01.22-19.14.14:331][  0]LogConfig: Setting CVar [[r.Streaming.LimitPoolSizeToVRAM:0]]
[2019.01.22-19.14.14:331][  0]LogConfig: Setting CVar [[r.Streaming.PoolSize:1000]]
[2019.01.22-19.14.14:331][  0]LogConfig: Setting CVar [[r.Streaming.MaxEffectiveScreenSize:0]]
[2019.01.22-19.14.14:331][  0]LogConfig: Applying CVar settings from Section [EffectsQuality@3] File [C:/Users/nicks/Documents/Magic Leap Projects/XRT/magicleap/XRT 4.22/Saved/Config/Windows/Scalability.ini]
[2019.01.22-19.14.14:331][  0]LogConfig: Setting CVar [[r.TranslucencyLightingVolumeDim:64]]
[2019.01.22-19.14.14:331][  0]LogConfig: Setting CVar [[r.RefractionQuality:2]]
[2019.01.22-19.14.14:331][  0]LogConfig: Setting CVar [[r.SSR.Quality:3]]
[2019.01.22-19.14.14:331][  0]LogConfig: Setting CVar [[r.SceneColorFormat:4]]
[2019.01.22-19.14.14:331][  0]LogConfig: Setting CVar [[r.DetailMode:2]]
[2019.01.22-19.14.14:331][  0]LogConfig: Setting CVar [[r.TranslucencyVolumeBlur:1]]
[2019.01.22-19.14.14:331][  0]LogConfig: Setting CVar [[r.MaterialQualityLevel:1 ; High quality]]
[2019.01.22-19.14.14:331][  0]LogConfig: Setting CVar [[r.SSS.Scale:1]]
[2019.01.22-19.14.14:331][  0]LogConfig: Setting CVar [[r.SSS.SampleSet:2]]
[2019.01.22-19.14.14:331][  0]LogConfig: Setting CVar [[r.SSS.Quality:1]]
[2019.01.22-19.14.14:331][  0]LogConfig: Setting CVar [[r.SSS.HalfRes:1]]
[2019.01.22-19.14.14:331][  0]LogConfig: Setting CVar [[r.EmitterSpawnRateScale:1.0]]
[2019.01.22-19.14.14:331][  0]LogConfig: Setting CVar [[r.ParticleLightQuality:2]]
[2019.01.22-19.14.14:331][  0]LogConfig: Applying CVar settings from Section [FoliageQuality@3] File [C:/Users/nicks/Documents/Magic Leap Projects/XRT/magicleap/XRT 4.22/Saved/Config/Windows/Scalability.ini]
[2019.01.22-19.14.14:331][  0]LogConfig: Setting CVar [[foliage.DensityScale:1.0]]
[2019.01.22-19.14.14:331][  0]LogConfig: Setting CVar [[grass.DensityScale:1.0]]
[2019.01.22-19.14.14:331][  0]LogInit: Selected Device Profile: [Windows]
[2019.01.22-19.14.14:331][  0]LogInit: Applying CVar settings loaded from the selected device profile: [Windows]
[2019.01.22-19.14.14:349][  0]LogHAL: Display: Platform has ~ 16 GB [17099591680 / 17179869184 / 16], which maps to Larger [LargestMinGB=32, LargerMinGB=12, DefaultMinGB=8, SmallerMinGB=6, SmallestMinGB=0)
[2019.01.22-19.14.14:349][  0]LogConfig: Setting CVar [[r.Vulkan.UseRealUBs:1]]
[2019.01.22-19.14.14:349][  0]LogInit: Going up to parent DeviceProfile []
[2019.01.22-19.14.14:349][  0]LogConfig: Applying CVar settings from Section [ViewDistanceQuality@3] File [C:/Users/nicks/Documents/Magic Leap Projects/XRT/magicleap/XRT 4.22/Saved/Config/Windows/Scalability.ini]
[2019.01.22-19.14.14:349][  0]LogConfig: Setting CVar [[r.SkeletalMeshLODBias:0]]
[2019.01.22-19.14.14:349][  0]LogConfig: Setting CVar [[r.ViewDistanceScale:1.0]]
[2019.01.22-19.14.14:349][  0]LogConfig: Applying CVar settings from Section [AntiAliasingQuality@3] File [C:/Users/nicks/Documents/Magic Leap Projects/XRT/magicleap/XRT 4.22/Saved/Config/Windows/Scalability.ini]
[2019.01.22-19.14.14:349][  0]LogConfig: Setting CVar [[r.PostProcessAAQuality:4]]
[2019.01.22-19.14.14:349][  0]LogConfig: Applying CVar settings from Section [ShadowQuality@3] File [C:/Users/nicks/Documents/Magic Leap Projects/XRT/magicleap/XRT 4.22/Saved/Config/Windows/Scalability.ini]
[2019.01.22-19.14.14:349][  0]LogConfig: Setting CVar [[r.LightFunctionQuality:1]]
[2019.01.22-19.14.14:349][  0]LogConfig: Setting CVar [[r.ShadowQuality:5]]
[2019.01.22-19.14.14:349][  0]LogConfig: Setting CVar [[r.Shadow.CSM.MaxCascades:10]]
[2019.01.22-19.14.14:349][  0]LogConfig: Setting CVar [[r.Shadow.MaxResolution:2048]]
[2019.01.22-19.14.14:349][  0]LogConfig: Setting CVar [[r.Shadow.MaxCSMResolution:2048]]
[2019.01.22-19.14.14:349][  0]LogConfig: Setting CVar [[r.Shadow.RadiusThreshold:0.01]]
[2019.01.22-19.14.14:349][  0]LogConfig: Setting CVar [[r.Shadow.DistanceScale:1.0]]
[2019.01.22-19.14.14:349][  0]LogConfig: Setting CVar [[r.Shadow.CSM.TransitionScale:1.0]]
[2019.01.22-19.14.14:349][  0]LogConfig: Setting CVar [[r.Shadow.PreShadowResolutionFactor:1.0]]
[2019.01.22-19.14.14:349][  0]LogConfig: Setting CVar [[r.DistanceFieldShadowing:1]]
[2019.01.22-19.14.14:349][  0]LogConfig: Setting CVar [[r.DistanceFieldAO:1]]
[2019.01.22-19.14.14:349][  0]LogConfig: Setting CVar [[r.AOQuality:2]]
[2019.01.22-19.14.14:349][  0]LogConfig: Setting CVar [[r.VolumetricFog:1]]
[2019.01.22-19.14.14:349][  0]LogConfig: Setting CVar [[r.VolumetricFog.GridPixelSize:8]]
[2019.01.22-19.14.14:349][  0]LogConfig: Setting CVar [[r.VolumetricFog.GridSizeZ:128]]
[2019.01.22-19.14.14:349][  0]LogConfig: Setting CVar [[r.VolumetricFog.HistoryMissSupersampleCount:4]]
[2019.01.22-19.14.14:349][  0]LogConfig: Setting CVar [[r.LightMaxDrawDistanceScale:1]]
[2019.01.22-19.14.14:349][  0]LogConfig: Setting CVar [[r.CapsuleShadows:1]]
[2019.01.22-19.14.14:349][  0]LogConfig: Applying CVar settings from Section [PostProcessQuality@3] File [C:/Users/nicks/Documents/Magic Leap Projects/XRT/magicleap/XRT 4.22/Saved/Config/Windows/Scalability.ini]
[2019.01.22-19.14.14:349][  0]LogConfig: Setting CVar [[r.MotionBlurQuality:4]]
[2019.01.22-19.14.14:349][  0]LogConfig: Setting CVar [[r.AmbientOcclusionMipLevelFactor:0.4]]
[2019.01.22-19.14.14:349][  0]LogConfig: Setting CVar [[r.AmbientOcclusionMaxQuality:100]]
[2019.01.22-19.14.14:349][  0]LogConfig: Setting CVar [[r.AmbientOcclusionLevels:-1]]
[2019.01.22-19.14.14:349][  0]LogConfig: Setting CVar [[r.AmbientOcclusionRadiusScale:1.0]]
[2019.01.22-19.14.14:349][  0]LogConfig: Setting CVar [[r.DepthOfFieldQuality:2]]
[2019.01.22-19.14.14:349][  0]LogConfig: Setting CVar [[r.RenderTargetPoolMin:400]]
[2019.01.22-19.14.14:349][  0]LogConfig: Setting CVar [[r.LensFlareQuality:2]]
[2019.01.22-19.14.14:349][  0]LogConfig: Setting CVar [[r.SceneColorFringeQuality:1]]
[2019.01.22-19.14.14:349][  0]LogConfig: Setting CVar [[r.EyeAdaptationQuality:2]]
[2019.01.22-19.14.14:349][  0]LogConfig: Setting CVar [[r.BloomQuality:5]]
[2019.01.22-19.14.14:349][  0]LogConfig: Setting CVar [[r.FastBlurThreshold:100]]
[2019.01.22-19.14.14:349][  0]LogConfig: Setting CVar [[r.Upscale.Quality:3]]
[2019.01.22-19.14.14:349][  0]LogConfig: Setting CVar [[r.Tonemapper.GrainQuantization:1]]
[2019.01.22-19.14.14:349][  0]LogConfig: Setting CVar [[r.LightShaftQuality:1]]
[2019.01.22-19.14.14:349][  0]LogConfig: Setting CVar [[r.Filter.SizeScale:1]]
[2019.01.22-19.14.14:349][  0]LogConfig: Setting CVar [[r.Tonemapper.Quality:5]]
[2019.01.22-19.14.14:349][  0]LogConfig: Setting CVar [[r.DOF.Gather.AccumulatorQuality:1        ; higher gathering accumulator quality]]
[2019.01.22-19.14.14:349][  0]LogConfig: Setting CVar [[r.DOF.Gather.PostfilterMethod:1          ; Median3x3 postfilering method]]
[2019.01.22-19.14.14:349][  0]LogConfig: Setting CVar [[r.DOF.Gather.EnableBokehSettings:0       ; no bokeh simulation when gathering]]
[2019.01.22-19.14.14:349][  0]LogConfig: Setting CVar [[r.DOF.Gather.RingCount:4                 ; medium number of samples when gathering]]
[2019.01.22-19.14.14:349][  0]LogConfig: Setting CVar [[r.DOF.Scatter.ForegroundCompositing:1    ; additive foreground scattering]]
[2019.01.22-19.14.14:349][  0]LogConfig: Setting CVar [[r.DOF.Scatter.BackgroundCompositing:2    ; additive background scattering]]
[2019.01.22-19.14.14:349][  0]LogConfig: Setting CVar [[r.DOF.Scatter.EnableBokehSettings:1      ; bokeh simulation when scattering]]
[2019.01.22-19.14.14:349][  0]LogConfig: Setting CVar [[r.DOF.Scatter.MaxSpriteRatio:0.1         ; only a maximum of 10% of scattered bokeh]]
[2019.01.22-19.14.14:349][  0]LogConfig: Setting CVar [[r.DOF.Recombine.Quality:1                ; cheap slight out of focus]]
[2019.01.22-19.14.14:349][  0]LogConfig: Setting CVar [[r.DOF.Recombine.EnableBokehSettings:0    ; no bokeh simulation on slight out of focus]]
[2019.01.22-19.14.14:349][  0]LogConfig: Setting CVar [[r.DOF.TemporalAAQuality:1                ; more stable temporal accumulation]]
[2019.01.22-19.14.14:349][  0]LogConfig: Setting CVar [[r.DOF.Kernel.MaxForegroundRadius:0.025]]
[2019.01.22-19.14.14:349][  0]LogConfig: Setting CVar [[r.DOF.Kernel.MaxBackgroundRadius:0.025]]
[2019.01.22-19.14.14:349][  0]LogConfig: Applying CVar settings from Section [TextureQuality@3] File [C:/Users/nicks/Documents/Magic Leap Projects/XRT/magicleap/XRT 4.22/Saved/Config/Windows/Scalability.ini]
[2019.01.22-19.14.14:349][  0]LogConfig: Setting CVar [[r.Streaming.MipBias:0]]
[2019.01.22-19.14.14:349][  0]LogConfig: Setting CVar [[r.Streaming.AmortizeCPUToGPUCopy:0]]
[2019.01.22-19.14.14:349][  0]LogConfig: Setting CVar [[r.Streaming.MaxNumTexturesToStreamPerFrame:0]]
[2019.01.22-19.14.14:349][  0]LogConfig: Setting CVar [[r.Streaming.Boost:1]]
[2019.01.22-19.14.14:349][  0]LogConfig: Setting CVar [[r.MaxAnisotropy:8]]
[2019.01.22-19.14.14:349][  0]LogConfig: Setting CVar [[r.Streaming.LimitPoolSizeToVRAM:0]]
[2019.01.22-19.14.14:349][  0]LogConfig: Setting CVar [[r.Streaming.PoolSize:1000]]
[2019.01.22-19.14.14:350][  0]LogConfig: Setting CVar [[r.Streaming.MaxEffectiveScreenSize:0]]
[2019.01.22-19.14.14:350][  0]LogConfig: Applying CVar settings from Section [EffectsQuality@3] File [C:/Users/nicks/Documents/Magic Leap Projects/XRT/magicleap/XRT 4.22/Saved/Config/Windows/Scalability.ini]
[2019.01.22-19.14.14:350][  0]LogConfig: Setting CVar [[r.TranslucencyLightingVolumeDim:64]]
[2019.01.22-19.14.14:350][  0]LogConfig: Setting CVar [[r.RefractionQuality:2]]
[2019.01.22-19.14.14:350][  0]LogConfig: Setting CVar [[r.SSR.Quality:3]]
[2019.01.22-19.14.14:350][  0]LogConfig: Setting CVar [[r.SceneColorFormat:4]]
[2019.01.22-19.14.14:350][  0]LogConfig: Setting CVar [[r.DetailMode:2]]
[2019.01.22-19.14.14:350][  0]LogConfig: Setting CVar [[r.TranslucencyVolumeBlur:1]]
[2019.01.22-19.14.14:350][  0]LogConfig: Setting CVar [[r.MaterialQualityLevel:1 ; High quality]]
[2019.01.22-19.14.14:350][  0]LogConfig: Setting CVar [[r.SSS.Scale:1]]
[2019.01.22-19.14.14:350][  0]LogConfig: Setting CVar [[r.SSS.SampleSet:2]]
[2019.01.22-19.14.14:350][  0]LogConfig: Setting CVar [[r.SSS.Quality:1]]
[2019.01.22-19.14.14:350][  0]LogConfig: Setting CVar [[r.SSS.HalfRes:1]]
[2019.01.22-19.14.14:350][  0]LogConfig: Setting CVar [[r.EmitterSpawnRateScale:1.0]]
[2019.01.22-19.14.14:350][  0]LogConfig: Setting CVar [[r.ParticleLightQuality:2]]
[2019.01.22-19.14.14:350][  0]LogConfig: Applying CVar settings from Section [FoliageQuality@3] File [C:/Users/nicks/Documents/Magic Leap Projects/XRT/magicleap/XRT 4.22/Saved/Config/Windows/Scalability.ini]
[2019.01.22-19.14.14:350][  0]LogConfig: Setting CVar [[foliage.DensityScale:1.0]]
[2019.01.22-19.14.14:350][  0]LogConfig: Setting CVar [[grass.DensityScale:1.0]]
[2019.01.22-19.14.14:350][  0]LogConfig: Applying CVar settings from Section [Startup] File [../../../Engine/Config/ConsoleVariables.ini]
[2019.01.22-19.14.14:351][  0]LogConfig: Setting CVar [[net.UseAdaptiveNetUpdateFrequency:0]]
[2019.01.22-19.14.14:351][  0]LogConfig: Applying CVar settings from Section [ConsoleVariables] File [C:/Users/nicks/Documents/Magic Leap Projects/XRT/magicleap/XRT 4.22/Saved/Config/Windows/Engine.ini]
[2019.01.22-19.14.14:351][  0]LogInit: Computer: LAPTOP-QBAVS0JQ
[2019.01.22-19.14.14:351][  0]LogInit: User: nicks
[2019.01.22-19.14.14:351][  0]LogInit: CPU Page size=4096, Cores=6
[2019.01.22-19.14.14:351][  0]LogInit: High frequency timer resolution =2.156253 MHz
[2019.01.22-19.14.14:351][  0]LogMemory: Memory total: Physical=15.9GB (16GB approx)
[2019.01.22-19.14.14:351][  0]LogMemory: Platform Memory Stats for Windows
[2019.01.22-19.14.14:351][  0]LogMemory: Process Physical Memory: 112.31 MB used, 112.31 MB peak
[2019.01.22-19.14.14:351][  0]LogMemory: Process Virtual Memory: 108.74 MB used, 108.74 MB peak
[2019.01.22-19.14.14:351][  0]LogMemory: Physical Memory: 5520.09 MB used,  10787.35 MB free, 16307.44 MB total
[2019.01.22-19.14.14:351][  0]LogMemory: Virtual Memory: 620.89 MB used,  134217104.00 MB free, 134217728.00 MB total
[2019.01.22-19.14.15:631][  0]LogInit: Using OS detected language (en-US).
[2019.01.22-19.14.15:631][  0]LogInit: Using OS detected locale (en-US).
[2019.01.22-19.14.15:632][  0]LogTextLocalizationManager: No specific localization for 'en-US' exists, so the 'en' localization will be used.
[2019.01.22-19.14.16:537][  0]LogStreaming: Display: Took  0.907s to InitEngineTextLocalization.
[2019.01.22-19.14.16:538][  0]LogInit: Setting process to per monitor DPI aware
[2019.01.22-19.14.16:939][  0]LogSlate: New Slate User Created.  User Index 0, Is Virtual User: 0
[2019.01.22-19.14.16:939][  0]LogSlate: Slate User Registered.  User Index 0, Is Virtual User: 0
[2019.01.22-19.14.18:470][  0]LogRHI: Initializing OpenGL RHI
[2019.01.22-19.14.18:470][  0]LogRHI:   GL_VENDOR: NVIDIA Corporation
[2019.01.22-19.14.18:470][  0]LogRHI:   GL_RENDERER: GeForce GTX 1070/PCIe/SSE2
[2019.01.22-19.14.18:470][  0]LogRHI:   GL_VERSION: 4.3.0 NVIDIA 417.71
[2019.01.22-19.14.18:470][  0]LogRHI:   GL_SHADING_LANGUAGE_VERSION: 4.30 NVIDIA via Cg compiler
[2019.01.22-19.14.18:471][  0]LogRHI: OpenGL Extensions:
[2019.01.22-19.14.18:471][  0]LogRHI:   GL_AMD_multi_draw_indirect
[2019.01.22-19.14.18:471][  0]LogRHI:   GL_AMD_seamless_cubemap_per_texture
[2019.01.22-19.14.18:471][  0]LogRHI:   GL_AMD_vertex_shader_viewport_index
[2019.01.22-19.14.18:471][  0]LogRHI:   GL_AMD_vertex_shader_layer
[2019.01.22-19.14.18:471][  0]LogRHI:   GL_ARB_arrays_of_arrays
[2019.01.22-19.14.18:471][  0]LogRHI:   GL_ARB_base_instance
[2019.01.22-19.14.18:471][  0]LogRHI:   GL_ARB_bindless_texture
[2019.01.22-19.14.18:471][  0]LogRHI:   GL_ARB_blend_func_extended
[2019.01.22-19.14.18:471][  0]LogRHI:   GL_ARB_buffer_storage
[2019.01.22-19.14.18:471][  0]LogRHI:   GL_ARB_clear_buffer_object
[2019.01.22-19.14.18:471][  0]LogRHI:   GL_ARB_clear_texture
[2019.01.22-19.14.18:471][  0]LogRHI:   GL_ARB_clip_control
[2019.01.22-19.14.18:471][  0]LogRHI:   GL_ARB_color_buffer_float
[2019.01.22-19.14.18:471][  0]LogRHI:   GL_ARB_compressed_texture_pixel_storage
[2019.01.22-19.14.18:471][  0]LogRHI:   GL_ARB_conservative_depth
[2019.01.22-19.14.18:471][  0]LogRHI:   GL_ARB_compute_shader
[2019.01.22-19.14.18:471][  0]LogRHI:   GL_ARB_compute_variable_group_size
[2019.01.22-19.14.18:471][  0]LogRHI:   GL_ARB_conditional_render_inverted
[2019.01.22-19.14.18:471][  0]LogRHI:   GL_ARB_copy_buffer
[2019.01.22-19.14.18:471][  0]LogRHI:   GL_ARB_copy_image
[2019.01.22-19.14.18:471][  0]LogRHI:   GL_ARB_cull_distance
[2019.01.22-19.14.18:471][  0]LogRHI:   GL_ARB_debug_output
[2019.01.22-19.14.18:471][  0]LogRHI:   GL_ARB_depth_buffer_float
[2019.01.22-19.14.18:471][  0]LogRHI:   GL_ARB_depth_clamp
[2019.01.22-19.14.18:471][  0]LogRHI:   GL_ARB_depth_texture
[2019.01.22-19.14.18:471][  0]LogRHI:   GL_ARB_derivative_control
[2019.01.22-19.14.18:471][  0]LogRHI:   GL_ARB_direct_state_access
[2019.01.22-19.14.18:471][  0]LogRHI:   GL_ARB_draw_buffers
[2019.01.22-19.14.18:471][  0]LogRHI:   GL_ARB_draw_buffers_blend
[2019.01.22-19.14.18:471][  0]LogRHI:   GL_ARB_draw_indirect
[2019.01.22-19.14.18:471][  0]LogRHI:   GL_ARB_draw_elements_base_vertex
[2019.01.22-19.14.18:471][  0]LogRHI:   GL_ARB_draw_instanced
[2019.01.22-19.14.18:471][  0]LogRHI:   GL_ARB_enhanced_layouts
[2019.01.22-19.14.18:471][  0]LogRHI:   GL_ARB_ES2_compatibility
[2019.01.22-19.14.18:471][  0]LogRHI:   GL_ARB_ES3_compatibility
[2019.01.22-19.14.18:471][  0]LogRHI:   GL_ARB_ES3_1_compatibility
[2019.01.22-19.14.18:471][  0]LogRHI:   GL_ARB_ES3_2_compatibility
[2019.01.22-19.14.18:471][  0]LogRHI:   GL_ARB_explicit_attrib_location
[2019.01.22-19.14.18:471][  0]LogRHI:   GL_ARB_explicit_uniform_location
[2019.01.22-19.14.18:471][  0]LogRHI:   GL_ARB_fragment_coord_conventions
[2019.01.22-19.14.18:471][  0]LogRHI:   GL_ARB_fragment_layer_viewport
[2019.01.22-19.14.18:471][  0]LogRHI:   GL_ARB_fragment_program
[2019.01.22-19.14.18:471][  0]LogRHI:   GL_ARB_fragment_program_shadow
[2019.01.22-19.14.18:471][  0]LogRHI:   GL_ARB_fragment_shader
[2019.01.22-19.14.18:471][  0]LogRHI:   GL_ARB_fragment_shader_interlock
[2019.01.22-19.14.18:471][  0]LogRHI:   GL_ARB_framebuffer_no_attachments
[2019.01.22-19.14.18:471][  0]LogRHI:   GL_ARB_framebuffer_object
[2019.01.22-19.14.18:471][  0]LogRHI:   GL_ARB_framebuffer_sRGB
[2019.01.22-19.14.18:471][  0]LogRHI:   GL_ARB_geometry_shader4
[2019.01.22-19.14.18:471][  0]LogRHI:   GL_ARB_get_program_binary
[2019.01.22-19.14.18:471][  0]LogRHI:   GL_ARB_get_texture_sub_image
[2019.01.22-19.14.18:471][  0]LogRHI:   GL_ARB_gl_spirv
[2019.01.22-19.14.18:471][  0]LogRHI:   GL_ARB_gpu_shader5
[2019.01.22-19.14.18:471][  0]LogRHI:   GL_ARB_gpu_shader_fp64
[2019.01.22-19.14.18:471][  0]LogRHI:   GL_ARB_gpu_shader_int64
[2019.01.22-19.14.18:471][  0]LogRHI:   GL_ARB_half_float_pixel
[2019.01.22-19.14.18:471][  0]LogRHI:   GL_ARB_half_float_vertex
[2019.01.22-19.14.18:471][  0]LogRHI:   GL_ARB_imaging
[2019.01.22-19.14.18:471][  0]LogRHI:   GL_ARB_indirect_parameters
[2019.01.22-19.14.18:471][  0]LogRHI:   GL_ARB_instanced_arrays
[2019.01.22-19.14.18:471][  0]LogRHI:   GL_ARB_internalformat_query
[2019.01.22-19.14.18:471][  0]LogRHI:   GL_ARB_internalformat_query2
[2019.01.22-19.14.18:471][  0]LogRHI:   GL_ARB_invalidate_subdata
[2019.01.22-19.14.18:471][  0]LogRHI:   GL_ARB_map_buffer_alignment
[2019.01.22-19.14.18:471][  0]LogRHI:   GL_ARB_map_buffer_range
[2019.01.22-19.14.18:471][  0]LogRHI:   GL_ARB_multi_bind
[2019.01.22-19.14.18:471][  0]LogRHI:   GL_ARB_multi_draw_indirect
[2019.01.22-19.14.18:471][  0]LogRHI:   GL_ARB_multisample
[2019.01.22-19.14.18:471][  0]LogRHI:   GL_ARB_multitexture
[2019.01.22-19.14.18:471][  0]LogRHI:   GL_ARB_occlusion_query
[2019.01.22-19.14.18:471][  0]LogRHI:   GL_ARB_occlusion_query2
[2019.01.22-19.14.18:471][  0]LogRHI:   GL_ARB_parallel_shader_compile
[2019.01.22-19.14.18:471][  0]LogRHI:   GL_ARB_pipeline_statistics_query
[2019.01.22-19.14.18:471][  0]LogRHI:   GL_ARB_pixel_buffer_object
[2019.01.22-19.14.18:471][  0]LogRHI:   GL_ARB_point_parameters
[2019.01.22-19.14.18:472][  0]LogRHI:   GL_ARB_point_sprite
[2019.01.22-19.14.18:472][  0]LogRHI:   GL_ARB_polygon_offset_clamp
[2019.01.22-19.14.18:472][  0]LogRHI:   GL_ARB_post_depth_coverage
[2019.01.22-19.14.18:472][  0]LogRHI:   GL_ARB_program_interface_query
[2019.01.22-19.14.18:472][  0]LogRHI:   GL_ARB_provoking_vertex
[2019.01.22-19.14.18:472][  0]LogRHI:   GL_ARB_query_buffer_object
[2019.01.22-19.14.18:472][  0]LogRHI:   GL_ARB_robust_buffer_access_behavior
[2019.01.22-19.14.18:472][  0]LogRHI:   GL_ARB_robustness
[2019.01.22-19.14.18:472][  0]LogRHI:   GL_ARB_sample_locations
[2019.01.22-19.14.18:472][  0]LogRHI:   GL_ARB_sample_shading
[2019.01.22-19.14.18:472][  0]LogRHI:   GL_ARB_sampler_objects
[2019.01.22-19.14.18:472][  0]LogRHI:   GL_ARB_seamless_cube_map
[2019.01.22-19.14.18:472][  0]LogRHI:   GL_ARB_seamless_cubemap_per_texture
[2019.01.22-19.14.18:472][  0]LogRHI:   GL_ARB_separate_shader_objects
[2019.01.22-19.14.18:472][  0]LogRHI:   GL_ARB_shader_atomic_counter_ops
[2019.01.22-19.14.18:472][  0]LogRHI:   GL_ARB_shader_atomic_counters
[2019.01.22-19.14.18:472][  0]LogRHI:   GL_ARB_shader_ballot
[2019.01.22-19.14.18:472][  0]LogRHI:   GL_ARB_shader_bit_encoding
[2019.01.22-19.14.18:472][  0]LogRHI:   GL_ARB_shader_clock
[2019.01.22-19.14.18:472][  0]LogRHI:   GL_ARB_shader_draw_parameters
[2019.01.22-19.14.18:472][  0]LogRHI:   GL_ARB_shader_group_vote
[2019.01.22-19.14.18:472][  0]LogRHI:   GL_ARB_shader_image_load_store
[2019.01.22-19.14.18:472][  0]LogRHI:   GL_ARB_shader_image_size
[2019.01.22-19.14.18:472][  0]LogRHI:   GL_ARB_shader_objects
[2019.01.22-19.14.18:472][  0]LogRHI:   GL_ARB_shader_precision
[2019.01.22-19.14.18:472][  0]LogRHI:   GL_ARB_shader_storage_buffer_object
[2019.01.22-19.14.18:472][  0]LogRHI:   GL_ARB_shader_subroutine
[2019.01.22-19.14.18:472][  0]LogRHI:   GL_ARB_shader_texture_image_samples
[2019.01.22-19.14.18:472][  0]LogRHI:   GL_ARB_shader_texture_lod
[2019.01.22-19.14.18:472][  0]LogRHI:   GL_ARB_shading_language_100
[2019.01.22-19.14.18:472][  0]LogRHI:   GL_ARB_shader_viewport_layer_array
[2019.01.22-19.14.18:472][  0]LogRHI:   GL_ARB_shading_language_420pack
[2019.01.22-19.14.18:472][  0]LogRHI:   GL_ARB_shading_language_include
[2019.01.22-19.14.18:472][  0]LogRHI:   GL_ARB_shading_language_packing
[2019.01.22-19.14.18:472][  0]LogRHI:   GL_ARB_shadow
[2019.01.22-19.14.18:472][  0]LogRHI:   GL_ARB_sparse_buffer
[2019.01.22-19.14.18:472][  0]LogRHI:   GL_ARB_sparse_texture
[2019.01.22-19.14.18:472][  0]LogRHI:   GL_ARB_sparse_texture2
[2019.01.22-19.14.18:472][  0]LogRHI:   GL_ARB_sparse_texture_clamp
[2019.01.22-19.14.18:472][  0]LogRHI:   GL_ARB_spirv_extensions
[2019.01.22-19.14.18:472][  0]LogRHI:   GL_ARB_stencil_texturing
[2019.01.22-19.14.18:472][  0]LogRHI:   GL_ARB_sync
[2019.01.22-19.14.18:472][  0]LogRHI:   GL_ARB_tessellation_shader
[2019.01.22-19.14.18:472][  0]LogRHI:   GL_ARB_texture_barrier
[2019.01.22-19.14.18:472][  0]LogRHI:   GL_ARB_texture_border_clamp
[2019.01.22-19.14.18:472][  0]LogRHI:   GL_ARB_texture_buffer_object
[2019.01.22-19.14.18:472][  0]LogRHI:   GL_ARB_texture_buffer_object_rgb32
[2019.01.22-19.14.18:472][  0]LogRHI:   GL_ARB_texture_buffer_range
[2019.01.22-19.14.18:472][  0]LogRHI:   GL_ARB_texture_compression
[2019.01.22-19.14.18:472][  0]LogRHI:   GL_ARB_texture_compression_bptc
[2019.01.22-19.14.18:472][  0]LogRHI:   GL_ARB_texture_compression_rgtc
[2019.01.22-19.14.18:472][  0]LogRHI:   GL_ARB_texture_cube_map
[2019.01.22-19.14.18:472][  0]LogRHI:   GL_ARB_texture_cube_map_array
[2019.01.22-19.14.18:472][  0]LogRHI:   GL_ARB_texture_env_add
[2019.01.22-19.14.18:472][  0]LogRHI:   GL_ARB_texture_env_combine
[2019.01.22-19.14.18:472][  0]LogRHI:   GL_ARB_texture_env_crossbar
[2019.01.22-19.14.18:472][  0]LogRHI:   GL_ARB_texture_env_dot3
[2019.01.22-19.14.18:472][  0]LogRHI:   GL_ARB_texture_filter_anisotropic
[2019.01.22-19.14.18:472][  0]LogRHI:   GL_ARB_texture_filter_minmax
[2019.01.22-19.14.18:472][  0]LogRHI:   GL_ARB_texture_float
[2019.01.22-19.14.18:472][  0]LogRHI:   GL_ARB_texture_gather
[2019.01.22-19.14.18:472][  0]LogRHI:   GL_ARB_texture_mirror_clamp_to_edge
[2019.01.22-19.14.18:472][  0]LogRHI:   GL_ARB_texture_mirrored_repeat
[2019.01.22-19.14.18:472][  0]LogRHI:   GL_ARB_texture_multisample
[2019.01.22-19.14.18:472][  0]LogRHI:   GL_ARB_texture_non_power_of_two
[2019.01.22-19.14.18:472][  0]LogRHI:   GL_ARB_texture_query_levels
[2019.01.22-19.14.18:472][  0]LogRHI:   GL_ARB_texture_query_lod
[2019.01.22-19.14.18:472][  0]LogRHI:   GL_ARB_texture_rectangle
[2019.01.22-19.14.18:472][  0]LogRHI:   GL_ARB_texture_rg
[2019.01.22-19.14.18:472][  0]LogRHI:   GL_ARB_texture_rgb10_a2ui
[2019.01.22-19.14.18:472][  0]LogRHI:   GL_ARB_texture_stencil8
[2019.01.22-19.14.18:472][  0]LogRHI:   GL_ARB_texture_storage
[2019.01.22-19.14.18:472][  0]LogRHI:   GL_ARB_texture_storage_multisample
[2019.01.22-19.14.18:472][  0]LogRHI:   GL_ARB_texture_swizzle
[2019.01.22-19.14.18:472][  0]LogRHI:   GL_ARB_texture_view
[2019.01.22-19.14.18:472][  0]LogRHI:   GL_ARB_timer_query
[2019.01.22-19.14.18:472][  0]LogRHI:   GL_ARB_transform_feedback2
[2019.01.22-19.14.18:472][  0]LogRHI:   GL_ARB_transform_feedback3
[2019.01.22-19.14.18:472][  0]LogRHI:   GL_ARB_transform_feedback_instanced
[2019.01.22-19.14.18:472][  0]LogRHI:   GL_ARB_transform_feedback_overflow_query
[2019.01.22-19.14.18:472][  0]LogRHI:   GL_ARB_transpose_matrix
[2019.01.22-19.14.18:472][  0]LogRHI:   GL_ARB_uniform_buffer_object
[2019.01.22-19.14.18:472][  0]LogRHI:   GL_ARB_vertex_array_bgra
[2019.01.22-19.14.18:472][  0]LogRHI:   GL_ARB_vertex_array_object
[2019.01.22-19.14.18:472][  0]LogRHI:   GL_ARB_vertex_attrib_64bit
[2019.01.22-19.14.18:472][  0]LogRHI:   GL_ARB_vertex_attrib_binding
[2019.01.22-19.14.18:472][  0]LogRHI:   GL_ARB_vertex_buffer_object
[2019.01.22-19.14.18:472][  0]LogRHI:   GL_ARB_vertex_program
[2019.01.22-19.14.18:472][  0]LogRHI:   GL_ARB_vertex_shader
[2019.01.22-19.14.18:472][  0]LogRHI:   GL_ARB_vertex_type_10f_11f_11f_rev
[2019.01.22-19.14.18:472][  0]LogRHI:   GL_ARB_vertex_type_2_10_10_10_rev
[2019.01.22-19.14.18:472][  0]LogRHI:   GL_ARB_viewport_array
[2019.01.22-19.14.18:472][  0]LogRHI:   GL_ARB_window_pos
[2019.01.22-19.14.18:472][  0]LogRHI:   GL_ATI_draw_buffers
[2019.01.22-19.14.18:472][  0]LogRHI:   GL_ATI_texture_float
[2019.01.22-19.14.18:472][  0]LogRHI:   GL_ATI_texture_mirror_once
[2019.01.22-19.14.18:472][  0]LogRHI:   GL_S3_s3tc
[2019.01.22-19.14.18:472][  0]LogRHI:   GL_EXT_texture_env_add
[2019.01.22-19.14.18:472][  0]LogRHI:   GL_EXT_abgr
[2019.01.22-19.14.18:472][  0]LogRHI:   GL_EXT_bgra
[2019.01.22-19.14.18:472][  0]LogRHI:   GL_EXT_bindable_uniform
[2019.01.22-19.14.18:472][  0]LogRHI:   GL_EXT_blend_color
[2019.01.22-19.14.18:472][  0]LogRHI:   GL_EXT_blend_equation_separate
[2019.01.22-19.14.18:472][  0]LogRHI:   GL_EXT_blend_func_separate
[2019.01.22-19.14.18:472][  0]LogRHI:   GL_EXT_blend_minmax
[2019.01.22-19.14.18:472][  0]LogRHI:   GL_EXT_blend_subtract
[2019.01.22-19.14.18:472][  0]LogRHI:   GL_EXT_compiled_vertex_array
[2019.01.22-19.14.18:472][  0]LogRHI:   GL_EXT_Cg_shader
[2019.01.22-19.14.18:472][  0]LogRHI:   GL_EXT_depth_bounds_test
[2019.01.22-19.14.18:472][  0]LogRHI:   GL_EXT_direct_state_access
[2019.01.22-19.14.18:472][  0]LogRHI:   GL_EXT_draw_buffers2
[2019.01.22-19.14.18:472][  0]LogRHI:   GL_EXT_draw_instanced
[2019.01.22-19.14.18:472][  0]LogRHI:   GL_EXT_draw_range_elements
[2019.01.22-19.14.18:472][  0]LogRHI:   GL_EXT_fog_coord
[2019.01.22-19.14.18:472][  0]LogRHI:   GL_EXT_framebuffer_blit
[2019.01.22-19.14.18:472][  0]LogRHI:   GL_EXT_framebuffer_multisample
[2019.01.22-19.14.18:473][  0]LogRHI:   GL_EXTX_framebuffer_mixed_formats
[2019.01.22-19.14.18:473][  0]LogRHI:   GL_EXT_framebuffer_multisample_blit_scaled
[2019.01.22-19.14.18:473][  0]LogRHI:   GL_EXT_framebuffer_object
[2019.01.22-19.14.18:473][  0]LogRHI:   GL_EXT_framebuffer_sRGB
[2019.01.22-19.14.18:473][  0]LogRHI:   GL_EXT_geometry_shader4
[2019.01.22-19.14.18:473][  0]LogRHI:   GL_EXT_gpu_program_parameters
[2019.01.22-19.14.18:473][  0]LogRHI:   GL_EXT_gpu_shader4
[2019.01.22-19.14.18:473][  0]LogRHI:   GL_EXT_multi_draw_arrays
[2019.01.22-19.14.18:473][  0]LogRHI:   GL_EXT_packed_depth_stencil
[2019.01.22-19.14.18:473][  0]LogRHI:   GL_EXT_packed_float
[2019.01.22-19.14.18:473][  0]LogRHI:   GL_EXT_packed_pixels
[2019.01.22-19.14.18:473][  0]LogRHI:   GL_EXT_pixel_buffer_object
[2019.01.22-19.14.18:473][  0]LogRHI:   GL_EXT_point_parameters
[2019.01.22-19.14.18:473][  0]LogRHI:   GL_EXT_polygon_offset_clamp
[2019.01.22-19.14.18:473][  0]LogRHI:   GL_EXT_post_depth_coverage
[2019.01.22-19.14.18:473][  0]LogRHI:   GL_EXT_provoking_vertex
[2019.01.22-19.14.18:473][  0]LogRHI:   GL_EXT_raster_multisample
[2019.01.22-19.14.18:473][  0]LogRHI:   GL_EXT_rescale_normal
[2019.01.22-19.14.18:473][  0]LogRHI:   GL_EXT_secondary_color
[2019.01.22-19.14.18:473][  0]LogRHI:   GL_EXT_separate_shader_objects
[2019.01.22-19.14.18:473][  0]LogRHI:   GL_EXT_separate_specular_color
[2019.01.22-19.14.18:473][  0]LogRHI:   GL_EXT_shader_image_load_formatted
[2019.01.22-19.14.18:473][  0]LogRHI:   GL_EXT_shader_image_load_store
[2019.01.22-19.14.18:473][  0]LogRHI:   GL_EXT_shader_integer_mix
[2019.01.22-19.14.18:473][  0]LogRHI:   GL_EXT_shadow_funcs
[2019.01.22-19.14.18:473][  0]LogRHI:   GL_EXT_sparse_texture2
[2019.01.22-19.14.18:473][  0]LogRHI:   GL_EXT_stencil_two_side
[2019.01.22-19.14.18:473][  0]LogRHI:   GL_EXT_stencil_wrap
[2019.01.22-19.14.18:473][  0]LogRHI:   GL_EXT_texture3D
[2019.01.22-19.14.18:473][  0]LogRHI:   GL_EXT_texture_array
[2019.01.22-19.14.18:473][  0]LogRHI:   GL_EXT_texture_buffer_object
[2019.01.22-19.14.18:473][  0]LogRHI:   GL_EXT_texture_compression_dxt1
[2019.01.22-19.14.18:473][  0]LogRHI:   GL_EXT_texture_compression_latc
[2019.01.22-19.14.18:473][  0]LogRHI:   GL_EXT_texture_compression_rgtc
[2019.01.22-19.14.18:473][  0]LogRHI:   GL_EXT_texture_compression_s3tc
[2019.01.22-19.14.18:473][  0]LogRHI:   GL_EXT_texture_cube_map
[2019.01.22-19.14.18:473][  0]LogRHI:   GL_EXT_texture_edge_clamp
[2019.01.22-19.14.18:473][  0]LogRHI:   GL_EXT_texture_env_combine
[2019.01.22-19.14.18:473][  0]LogRHI:   GL_EXT_texture_env_dot3
[2019.01.22-19.14.18:473][  0]LogRHI:   GL_EXT_texture_filter_anisotropic
[2019.01.22-19.14.18:473][  0]LogRHI:   GL_EXT_texture_filter_minmax
[2019.01.22-19.14.18:473][  0]LogRHI:   GL_EXT_texture_integer
[2019.01.22-19.14.18:473][  0]LogRHI:   GL_EXT_texture_lod
[2019.01.22-19.14.18:473][  0]LogRHI:   GL_EXT_texture_lod_bias
[2019.01.22-19.14.18:473][  0]LogRHI:   GL_EXT_texture_mirror_clamp
[2019.01.22-19.14.18:473][  0]LogRHI:   GL_EXT_texture_object
[2019.01.22-19.14.18:473][  0]LogRHI:   GL_EXT_texture_shared_exponent
[2019.01.22-19.14.18:473][  0]LogRHI:   GL_EXT_texture_sRGB
[2019.01.22-19.14.18:473][  0]LogRHI:   GL_EXT_texture_sRGB_R8
[2019.01.22-19.14.18:473][  0]LogRHI:   GL_EXT_texture_sRGB_decode
[2019.01.22-19.14.18:473][  0]LogRHI:   GL_EXT_texture_storage
[2019.01.22-19.14.18:473][  0]LogRHI:   GL_EXT_texture_swizzle
[2019.01.22-19.14.18:473][  0]LogRHI:   GL_EXT_timer_query
[2019.01.22-19.14.18:473][  0]LogRHI:   GL_EXT_transform_feedback2
[2019.01.22-19.14.18:473][  0]LogRHI:   GL_EXT_vertex_array
[2019.01.22-19.14.18:473][  0]LogRHI:   GL_EXT_vertex_array_bgra
[2019.01.22-19.14.18:473][  0]LogRHI:   GL_EXT_vertex_attrib_64bit
[2019.01.22-19.14.18:473][  0]LogRHI:   GL_EXT_window_rectangles
[2019.01.22-19.14.18:473][  0]LogRHI:   GL_EXT_import_sync_object
[2019.01.22-19.14.18:473][  0]LogRHI:   GL_IBM_rasterpos_clip
[2019.01.22-19.14.18:473][  0]LogRHI:   GL_IBM_texture_mirrored_repeat
[2019.01.22-19.14.18:473][  0]LogRHI:   GL_KHR_context_flush_control
[2019.01.22-19.14.18:473][  0]LogRHI:   GL_KHR_debug
[2019.01.22-19.14.18:473][  0]LogRHI:   GL_EXT_memory_object
[2019.01.22-19.14.18:473][  0]LogRHI:   GL_EXT_memory_object_win32
[2019.01.22-19.14.18:473][  0]LogRHI:   GL_EXT_win32_keyed_mutex
[2019.01.22-19.14.18:473][  0]LogRHI:   GL_KHR_parallel_shader_compile
[2019.01.22-19.14.18:473][  0]LogRHI:   GL_KHR_no_error
[2019.01.22-19.14.18:473][  0]LogRHI:   GL_KHR_robust_buffer_access_behavior
[2019.01.22-19.14.18:473][  0]LogRHI:   GL_KHR_robustness
[2019.01.22-19.14.18:473][  0]LogRHI:   GL_EXT_semaphore
[2019.01.22-19.14.18:473][  0]LogRHI:   GL_EXT_semaphore_win32
[2019.01.22-19.14.18:473][  0]LogRHI:   GL_KTX_buffer_region
[2019.01.22-19.14.18:473][  0]LogRHI:   GL_NV_alpha_to_coverage_dither_control
[2019.01.22-19.14.18:473][  0]LogRHI:   GL_NV_bindless_multi_draw_indirect
[2019.01.22-19.14.18:473][  0]LogRHI:   GL_NV_bindless_multi_draw_indirect_count
[2019.01.22-19.14.18:473][  0]LogRHI:   GL_NV_bindless_texture
[2019.01.22-19.14.18:473][  0]LogRHI:   GL_NV_blend_equation_advanced
[2019.01.22-19.14.18:473][  0]LogRHI:   GL_NV_blend_equation_advanced_coherent
[2019.01.22-19.14.18:473][  0]LogRHI:   GL_NVX_blend_equation_advanced_multi_draw_buffers
[2019.01.22-19.14.18:473][  0]LogRHI:   GL_NV_blend_minmax_factor
[2019.01.22-19.14.18:473][  0]LogRHI:   GL_NV_blend_square
[2019.01.22-19.14.18:473][  0]LogRHI:   GL_NV_clip_space_w_scaling
[2019.01.22-19.14.18:473][  0]LogRHI:   GL_NV_command_list
[2019.01.22-19.14.18:473][  0]LogRHI:   GL_NV_compute_program5
[2019.01.22-19.14.18:473][  0]LogRHI:   GL_NV_conditional_render
[2019.01.22-19.14.18:473][  0]LogRHI:   GL_NV_conservative_raster
[2019.01.22-19.14.18:473][  0]LogRHI:   GL_NV_conservative_raster_dilate
[2019.01.22-19.14.18:473][  0]LogRHI:   GL_NV_conservative_raster_pre_snap_triangles
[2019.01.22-19.14.18:473][  0]LogRHI:   GL_NV_copy_depth_to_color
[2019.01.22-19.14.18:473][  0]LogRHI:   GL_NV_copy_image
[2019.01.22-19.14.18:473][  0]LogRHI:   GL_NV_depth_buffer_float
[2019.01.22-19.14.18:473][  0]LogRHI:   GL_NV_depth_clamp
[2019.01.22-19.14.18:473][  0]LogRHI:   GL_NV_draw_texture
[2019.01.22-19.14.18:473][  0]LogRHI:   GL_NV_draw_vulkan_image
[2019.01.22-19.14.18:473][  0]LogRHI:   GL_NV_ES1_1_compatibility
[2019.01.22-19.14.18:473][  0]LogRHI:   GL_NV_ES3_1_compatibility
[2019.01.22-19.14.18:473][  0]LogRHI:   GL_NV_explicit_multisample
[2019.01.22-19.14.18:473][  0]LogRHI:   GL_NV_feature_query
[2019.01.22-19.14.18:473][  0]LogRHI:   GL_NV_fence
[2019.01.22-19.14.18:473][  0]LogRHI:   GL_NV_fill_rectangle
[2019.01.22-19.14.18:473][  0]LogRHI:   GL_NV_float_buffer
[2019.01.22-19.14.18:473][  0]LogRHI:   GL_NV_fog_distance
[2019.01.22-19.14.18:473][  0]LogRHI:   GL_NV_fragment_coverage_to_color
[2019.01.22-19.14.18:473][  0]LogRHI:   GL_NV_fragment_program
[2019.01.22-19.14.18:473][  0]LogRHI:   GL_NV_fragment_program_option
[2019.01.22-19.14.18:473][  0]LogRHI:   GL_NV_fragment_program2
[2019.01.22-19.14.18:473][  0]LogRHI:   GL_NV_fragment_shader_interlock
[2019.01.22-19.14.18:473][  0]LogRHI:   GL_NV_framebuffer_mixed_samples
[2019.01.22-19.14.18:473][  0]LogRHI:   GL_NV_framebuffer_multisample_coverage
[2019.01.22-19.14.18:473][  0]LogRHI:   GL_NV_geometry_shader4
[2019.01.22-19.14.18:473][  0]LogRHI:   GL_NV_geometry_shader_passthrough
[2019.01.22-19.14.18:473][  0]LogRHI:   GL_NV_gpu_program4
[2019.01.22-19.14.18:473][  0]LogRHI:   GL_NV_internalformat_sample_query
[2019.01.22-19.14.18:474][  0]LogRHI:   GL_NV_gpu_program4_1
[2019.01.22-19.14.18:474][  0]LogRHI:   GL_NV_gpu_program5
[2019.01.22-19.14.18:474][  0]LogRHI:   GL_NV_gpu_program5_mem_extended
[2019.01.22-19.14.18:474][  0]LogRHI:   GL_NV_gpu_program_fp64
[2019.01.22-19.14.18:474][  0]LogRHI:   GL_NV_gpu_shader5
[2019.01.22-19.14.18:474][  0]LogRHI:   GL_NV_half_float
[2019.01.22-19.14.18:474][  0]LogRHI:   GL_NV_light_max_exponent
[2019.01.22-19.14.18:474][  0]LogRHI:   GL_NV_memory_attachment
[2019.01.22-19.14.18:474][  0]LogRHI:   GL_NV_multisample_coverage
[2019.01.22-19.14.18:474][  0]LogRHI:   GL_NV_multisample_filter_hint
[2019.01.22-19.14.18:474][  0]LogRHI:   GL_NV_occlusion_query
[2019.01.22-19.14.18:474][  0]LogRHI:   GL_NV_packed_depth_stencil
[2019.01.22-19.14.18:474][  0]LogRHI:   GL_NV_parameter_buffer_object
[2019.01.22-19.14.18:474][  0]LogRHI:   GL_NV_parameter_buffer_object2
[2019.01.22-19.14.18:474][  0]LogRHI:   GL_NV_path_rendering
[2019.01.22-19.14.18:474][  0]LogRHI:   GL_NV_path_rendering_shared_edge
[2019.01.22-19.14.18:474][  0]LogRHI:   GL_NV_pixel_data_range
[2019.01.22-19.14.18:474][  0]LogRHI:   GL_NV_point_sprite
[2019.01.22-19.14.18:474][  0]LogRHI:   GL_NV_primitive_restart
[2019.01.22-19.14.18:474][  0]LogRHI:   GL_NV_query_resource
[2019.01.22-19.14.18:474][  0]LogRHI:   GL_NV_query_resource_tag
[2019.01.22-19.14.18:474][  0]LogRHI:   GL_NV_register_combiners
[2019.01.22-19.14.18:474][  0]LogRHI:   GL_NV_register_combiners2
[2019.01.22-19.14.18:474][  0]LogRHI:   GL_NV_sample_locations
[2019.01.22-19.14.18:474][  0]LogRHI:   GL_NV_sample_mask_override_coverage
[2019.01.22-19.14.18:474][  0]LogRHI:   GL_NV_shader_atomic_counters
[2019.01.22-19.14.18:474][  0]LogRHI:   GL_NV_shader_atomic_float
[2019.01.22-19.14.18:474][  0]LogRHI:   GL_NV_shader_atomic_float64
[2019.01.22-19.14.18:474][  0]LogRHI:   GL_NV_shader_atomic_fp16_vector
[2019.01.22-19.14.18:474][  0]LogRHI:   GL_NV_shader_atomic_int64
[2019.01.22-19.14.18:474][  0]LogRHI:   GL_NV_shader_buffer_load
[2019.01.22-19.14.18:474][  0]LogRHI:   GL_NV_shader_storage_buffer_object
[2019.01.22-19.14.18:474][  0]LogRHI:   GL_NV_stereo_view_rendering
[2019.01.22-19.14.18:474][  0]LogRHI:   GL_NV_texgen_reflection
[2019.01.22-19.14.18:474][  0]LogRHI:   GL_NV_texture_barrier
[2019.01.22-19.14.18:474][  0]LogRHI:   GL_NV_texture_compression_vtc
[2019.01.22-19.14.18:474][  0]LogRHI:   GL_NV_texture_env_combine4
[2019.01.22-19.14.18:474][  0]LogRHI:   GL_NV_texture_multisample
[2019.01.22-19.14.18:474][  0]LogRHI:   GL_NV_texture_rectangle
[2019.01.22-19.14.18:474][  0]LogRHI:   GL_NV_texture_rectangle_compressed
[2019.01.22-19.14.18:474][  0]LogRHI:   GL_NV_texture_shader
[2019.01.22-19.14.18:474][  0]LogRHI:   GL_NV_texture_shader2
[2019.01.22-19.14.18:474][  0]LogRHI:   GL_NV_texture_shader3
[2019.01.22-19.14.18:474][  0]LogRHI:   GL_NV_transform_feedback
[2019.01.22-19.14.18:474][  0]LogRHI:   GL_NV_transform_feedback2
[2019.01.22-19.14.18:474][  0]LogRHI:   GL_NV_uniform_buffer_unified_memory
[2019.01.22-19.14.18:474][  0]LogRHI:   GL_NV_vertex_array_range
[2019.01.22-19.14.18:474][  0]LogRHI:   GL_NV_vertex_array_range2
[2019.01.22-19.14.18:474][  0]LogRHI:   GL_NV_vertex_attrib_integer_64bit
[2019.01.22-19.14.18:474][  0]LogRHI:   GL_NV_vertex_buffer_unified_memory
[2019.01.22-19.14.18:474][  0]LogRHI:   GL_NV_vertex_program
[2019.01.22-19.14.18:474][  0]LogRHI:   GL_NV_vertex_program1_1
[2019.01.22-19.14.18:474][  0]LogRHI:   GL_NV_vertex_program2
[2019.01.22-19.14.18:474][  0]LogRHI:   GL_NV_vertex_program2_option
[2019.01.22-19.14.18:474][  0]LogRHI:   GL_NV_vertex_program3
[2019.01.22-19.14.18:474][  0]LogRHI:   GL_NV_viewport_array2
[2019.01.22-19.14.18:474][  0]LogRHI:   GL_NV_viewport_swizzle
[2019.01.22-19.14.18:474][  0]LogRHI:   GL_NVX_conditional_render
[2019.01.22-19.14.18:474][  0]LogRHI:   GL_NVX_gpu_memory_info
[2019.01.22-19.14.18:474][  0]LogRHI:   GL_NVX_multigpu_info
[2019.01.22-19.14.18:474][  0]LogRHI:   GL_NVX_nvenc_interop
[2019.01.22-19.14.18:474][  0]LogRHI:   GL_NV_shader_thread_group
[2019.01.22-19.14.18:474][  0]LogRHI:   GL_NV_shader_thread_shuffle
[2019.01.22-19.14.18:474][  0]LogRHI:   GL_KHR_blend_equation_advanced
[2019.01.22-19.14.18:474][  0]LogRHI:   GL_KHR_blend_equation_advanced_coherent
[2019.01.22-19.14.18:474][  0]LogRHI:   GL_OVR_multiview
[2019.01.22-19.14.18:474][  0]LogRHI:   GL_OVR_multiview2
[2019.01.22-19.14.18:474][  0]LogRHI:   GL_SGIS_generate_mipmap
[2019.01.22-19.14.18:474][  0]LogRHI:   GL_SGIS_texture_lod
[2019.01.22-19.14.18:474][  0]LogRHI:   GL_SGIX_depth_texture
[2019.01.22-19.14.18:474][  0]LogRHI:   GL_SGIX_shadow
[2019.01.22-19.14.18:474][  0]LogRHI:   GL_SUN_slice_accum
[2019.01.22-19.14.18:474][  0]LogRHI:   GL_WIN_swap_hint
[2019.01.22-19.14.18:474][  0]LogRHI:   WGL_EXT_swap_control
[2019.01.22-19.14.18:479][  0]LogRHI:   GL_MAX_TEXTURE_SIZE: 32768
[2019.01.22-19.14.18:479][  0]LogRHI:   GL_MAX_CUBE_MAP_TEXTURE_SIZE: 32768
[2019.01.22-19.14.18:479][  0]LogRHI:   GL_MAX_ARRAY_TEXTURE_LAYERS: 2048
[2019.01.22-19.14.18:479][  0]LogRHI:   GL_MAX_3D_TEXTURE_SIZE: 16384
[2019.01.22-19.14.18:479][  0]LogRHI:   GL_MAX_RENDERBUFFER_SIZE: 32768
[2019.01.22-19.14.18:479][  0]LogRHI:   GL_MAX_TEXTURE_IMAGE_UNITS: 32
[2019.01.22-19.14.18:479][  0]LogRHI:   GL_MAX_DRAW_BUFFERS: 8
[2019.01.22-19.14.18:479][  0]LogRHI:   GL_MAX_COLOR_ATTACHMENTS: 8
[2019.01.22-19.14.18:479][  0]LogRHI:   GL_MAX_SAMPLES: 32
[2019.01.22-19.14.18:479][  0]LogRHI:   GL_MAX_COLOR_TEXTURE_SAMPLES: 32
[2019.01.22-19.14.18:479][  0]LogRHI:   GL_MAX_DEPTH_TEXTURE_SAMPLES: 32
[2019.01.22-19.14.18:479][  0]LogRHI:   GL_MAX_INTEGER_SAMPLES: 32
[2019.01.22-19.14.18:479][  0]LogRHI:   GL_MAX_COMBINED_TEXTURE_IMAGE_UNITS: 192
[2019.01.22-19.14.18:479][  0]LogRHI:   GL_MAX_VERTEX_ATTRIBS: 16
[2019.01.22-19.14.18:479][  0]LogRHI:   GL_MAX_TEXTURE_MAX_ANISOTROPY_EXT: 16
[2019.01.22-19.14.18:479][  0]LogRHI: OpenGL MajorVersion = 4, MinorVersion = 3, ShaderPlatform = GLSL_430, FeatureLevel = SM5
[2019.01.22-19.14.18:479][  0]LogRHI: FOpenGLProgramBinaryCache disabled by r.ProgramBinaryCache.Enable=0
[2019.01.22-19.14.18:489][  0]LogRHI: Texture pool is 5734 MB (70% of 8192 MB)
[2019.01.22-19.14.18:976][  0]LogTemp: Display: Loaded TP AllDesktopTargetPlatform
[2019.01.22-19.14.19:144][  0]LogTemp: Display: Loaded TP MacClientTargetPlatform
[2019.01.22-19.14.19:332][  0]LogTemp: Display: Loaded TP MacNoEditorTargetPlatform
[2019.01.22-19.14.19:516][  0]LogTemp: Display: Loaded TP MacServerTargetPlatform
[2019.01.22-19.14.19:667][  0]LogTemp: Display: Loaded TP MacTargetPlatform
[2019.01.22-19.14.19:799][  0]LogTemp: Display: Loaded TP WindowsClientTargetPlatform
[2019.01.22-19.14.19:940][  0]LogTemp: Display: Loaded TP WindowsNoEditorTargetPlatform
[2019.01.22-19.14.20:081][  0]LogTemp: Display: Loaded TP WindowsServerTargetPlatform
[2019.01.22-19.14.20:209][  0]LogTemp: Display: Loaded TP WindowsTargetPlatform
[2019.01.22-19.14.20:542][  0]LogTemp: Display: Loaded TP AndroidTargetPlatform
[2019.01.22-19.14.20:542][  0]LogTemp: Display: Loaded TP AndroidTargetPlatform
[2019.01.22-19.14.20:542][  0]LogTemp: Display: Loaded TP AndroidTargetPlatform
[2019.01.22-19.14.20:542][  0]LogTemp: Display: Loaded TP AndroidTargetPlatform
[2019.01.22-19.14.20:542][  0]LogTemp: Display: Loaded TP AndroidTargetPlatform
[2019.01.22-19.14.20:542][  0]LogTemp: Display: Loaded TP AndroidTargetPlatform
[2019.01.22-19.14.20:542][  0]LogTemp: Display: Loaded TP AndroidTargetPlatform
[2019.01.22-19.14.20:542][  0]LogTemp: Display: Loaded TP AndroidTargetPlatform
[2019.01.22-19.14.20:542][  0]LogTemp: Display: Loaded TP AndroidTargetPlatform
[2019.01.22-19.14.20:542][  0]LogTemp: Display: Loaded TP AndroidTargetPlatform
[2019.01.22-19.14.20:542][  0]LogTemp: Display: Loaded TP AndroidTargetPlatform
[2019.01.22-19.14.20:543][  0]LogTemp: Display: Loaded TP AndroidTargetPlatform
[2019.01.22-19.14.20:543][  0]LogTemp: Display: Loaded TP AndroidTargetPlatform
[2019.01.22-19.14.20:543][  0]LogTemp: Display: Loaded TP AndroidTargetPlatform
[2019.01.22-19.14.20:543][  0]LogTemp: Display: Loaded TP AndroidTargetPlatform
[2019.01.22-19.14.20:543][  0]LogTemp: Display: Loaded TP AndroidTargetPlatform
[2019.01.22-19.14.20:543][  0]LogTemp: Display: Loaded TP AndroidTargetPlatform
[2019.01.22-19.14.20:543][  0]LogTemp: Display: Loaded TP AndroidTargetPlatform
[2019.01.22-19.14.20:787][  0]LogTemp: Display: HTML5 SDK path "D:/SDKs/MagicLeap/v019/mlsdk-019/mlsdk019/Engine/Extras/ThirdPartyNotUE/emsdk/Win64", does not exist!
[2019.01.22-19.14.20:787][  0]LogTemp: Display: HTML5 SDK path "D:/SDKs/MagicLeap/v019/mlsdk-019/mlsdk019/Engine/Extras/ThirdPartyNotUE/emsdk/Win64", does not exist!
[2019.01.22-19.14.21:433][  0]LogTemp: Display: Loaded TP IOSTargetPlatform
[2019.01.22-19.14.21:433][  0]LogTemp: Display: Loaded TP IOSTargetPlatform
[2019.01.22-19.14.21:635][  0]LogTemp: Display: Loaded TP TVOSTargetPlatform
[2019.01.22-19.14.21:635][  0]LogTemp: Display: Loaded TP TVOSTargetPlatform
[2019.01.22-19.14.21:811][  0]LogTemp: Display: Loaded TP LuminTargetPlatform
[2019.01.22-19.14.21:811][  0]LogTemp: Display: Loaded TP LuminTargetPlatform
[2019.01.22-19.14.21:811][  0]LogTargetPlatformManager: Display: Building Assets For Windows
[2019.01.22-19.14.26:491][  0]LogShaderCompilers: Guid format shader working directory is -22 characters bigger than the processId version (C:/Users/nicks/Documents/Magic Leap Projects/XRT/magicleap/XRT 4.22/Intermediate/Shaders/WorkingDirectory/18764/).
[2019.01.22-19.14.26:491][  0]LogShaderCompilers: Cleaned the shader compiler working directory 'C:/Users/nicks/AppData/Local/Temp/UnrealShaderWorkingDir/4A9500B74518868BAFE44CBB6D9F1F1D/'.
[2019.01.22-19.14.26:492][  0]LogXGEController: Cleaning working directory: C:/Users/nicks/AppData/Local/Temp/UnrealXGEWorkingDir/
[2019.01.22-19.14.26:493][  0]LogXGEController: Cannot use XGE Controller as Incredibuild is not installed on this machine.
[2019.01.22-19.14.26:493][  0]LogShaderCompilers: Cannot use XGE Shader Compiler as Incredibuild is not installed on this machine.
[2019.01.22-19.14.26:493][  0]LogShaderCompilers: Display: Using Local Shader Compiler.
[2019.01.22-19.14.27:596][  0]LogDerivedDataCache: Display: Max Cache Size: 512 MB
[2019.01.22-19.14.27:687][  0]LogDerivedDataCache: Loaded boot cache 0.09s 87MB C:/Users/nicks/Documents/Magic Leap Projects/XRT/magicleap/XRT 4.22/DerivedDataCache/Boot.ddc.
[2019.01.22-19.14.27:687][  0]LogDerivedDataCache: Display: Loaded Boot cache: C:/Users/nicks/Documents/Magic Leap Projects/XRT/magicleap/XRT 4.22/DerivedDataCache/Boot.ddc
[2019.01.22-19.14.27:687][  0]LogDerivedDataCache: FDerivedDataBackendGraph:  Pak pak cache file C:/Users/nicks/Documents/Magic Leap Projects/XRT/magicleap/XRT 4.22/DerivedDataCache/DDC.ddp not found, will not use a pak cache.
[2019.01.22-19.14.27:687][  0]LogDerivedDataCache: Unable to find inner node Pak for hierarchical cache Hierarchy.
[2019.01.22-19.14.27:695][  0]LogDerivedDataCache: FDerivedDataBackendGraph:  EnginePak pak cache file ../../../Engine/DerivedDataCache/DDC.ddp not found, will not use a pak cache.
[2019.01.22-19.14.27:695][  0]LogDerivedDataCache: Unable to find inner node EnginePak for hierarchical cache Hierarchy.
[2019.01.22-19.14.27:718][  0]LogDerivedDataCache: Using Local data cache path ../../../Engine/DerivedDataCache: Writable
[2019.01.22-19.14.27:718][  0]LogDerivedDataCache: Shared data cache path not found in *engine.ini, will not use an Shared cache.
[2019.01.22-19.14.27:718][  0]LogDerivedDataCache: Unable to find inner node Shared for hierarchical cache Hierarchy.
[2019.01.22-19.14.27:741][  0]LogMaterial: Verifying Global Shaders for GLSL_430
[2019.01.22-19.14.27:743][  0]LogSlate: Using FreeType 2.6.0
[2019.01.22-19.14.27:947][  0]LogSlate: SlateFontServices - WITH_FREETYPE: 1, WITH_HARFBUZZ: 1
[2019.01.22-19.14.28:753][  0]LogAssetRegistry: FAssetRegistry took 0.0365 seconds to start up
[2019.01.22-19.14.29:061][  0]LogInit: Selected Device Profile: [Windows]
[2019.01.22-19.14.31:683][  0]LogMeshReduction: Using ProxyLODMeshReduction for automatic mesh merging
[2019.01.22-19.14.31:683][  0]LogMeshReduction: Using QuadricMeshReduction for automatic static mesh reduction
[2019.01.22-19.14.31:683][  0]LogMeshReduction: No automatic skeletal mesh reduction module available
[2019.01.22-19.14.31:683][  0]LogMeshReduction: No distributed automatic mesh merging module available
[2019.01.22-19.14.31:683][  0]LogMeshMerging: No distributed automatic mesh merging module available
[2019.01.22-19.14.31:808][  0]LogNetVersion: Unreal 1.0.0, NetCL: 0, EngineNetVer: 5, GameNetVer: 0 (Checksum: 2388699561)
[2019.01.22-19.14.33:964][  0]LogFileManager: Warning: MoveFile was unable to move 'C:/Users/nicks/Documents/Magic Leap Projects/XRT/magicleap/XRT 4.22/Intermediate/AssetRegistryCache/5a627529.bin.tmp' to 'C:/Users/nicks/Documents/Magic Leap Projects/XRT/magicleap/XRT 4.22/Intermediate/AssetRegistryCache/5a627529.bin', retrying in .5s...
[2019.01.22-19.14.34:465][  0]LogFileManager: Warning: MoveFile was unable to move 'C:/Users/nicks/Documents/Magic Leap Projects/XRT/magicleap/XRT 4.22/Intermediate/AssetRegistryCache/5a627529.bin.tmp' to 'C:/Users/nicks/Documents/Magic Leap Projects/XRT/magicleap/XRT 4.22/Intermediate/AssetRegistryCache/5a627529.bin', retrying in .5s...
[2019.01.22-19.14.34:966][  0]LogFileManager: Warning: MoveFile was unable to move 'C:/Users/nicks/Documents/Magic Leap Projects/XRT/magicleap/XRT 4.22/Intermediate/AssetRegistryCache/5a627529.bin.tmp' to 'C:/Users/nicks/Documents/Magic Leap Projects/XRT/magicleap/XRT 4.22/Intermediate/AssetRegistryCache/5a627529.bin', retrying in .5s...
[2019.01.22-19.14.35:466][  0]LogFileManager: Warning: MoveFile was unable to move 'C:/Users/nicks/Documents/Magic Leap Projects/XRT/magicleap/XRT 4.22/Intermediate/AssetRegistryCache/5a627529.bin.tmp' to 'C:/Users/nicks/Documents/Magic Leap Projects/XRT/magicleap/XRT 4.22/Intermediate/AssetRegistryCache/5a627529.bin', retrying in .5s...
[2019.01.22-19.14.35:967][  0]LogFileManager: Warning: MoveFile was unable to move 'C:/Users/nicks/Documents/Magic Leap Projects/XRT/magicleap/XRT 4.22/Intermediate/AssetRegistryCache/5a627529.bin.tmp' to 'C:/Users/nicks/Documents/Magic Leap Projects/XRT/magicleap/XRT 4.22/Intermediate/AssetRegistryCache/5a627529.bin', retrying in .5s...
[2019.01.22-19.14.36:467][  0]LogFileManager: Warning: MoveFile was unable to move 'C:/Users/nicks/Documents/Magic Leap Projects/XRT/magicleap/XRT 4.22/Intermediate/AssetRegistryCache/5a627529.bin.tmp' to 'C:/Users/nicks/Documents/Magic Leap Projects/XRT/magicleap/XRT 4.22/Intermediate/AssetRegistryCache/5a627529.bin', retrying in .5s...
[2019.01.22-19.14.36:968][  0]LogFileManager: Warning: MoveFile was unable to move 'C:/Users/nicks/Documents/Magic Leap Projects/XRT/magicleap/XRT 4.22/Intermediate/AssetRegistryCache/5a627529.bin.tmp' to 'C:/Users/nicks/Documents/Magic Leap Projects/XRT/magicleap/XRT 4.22/Intermediate/AssetRegistryCache/5a627529.bin', retrying in .5s...
[2019.01.22-19.14.37:468][  0]LogFileManager: Warning: MoveFile was unable to move 'C:/Users/nicks/Documents/Magic Leap Projects/XRT/magicleap/XRT 4.22/Intermediate/AssetRegistryCache/5a627529.bin.tmp' to 'C:/Users/nicks/Documents/Magic Leap Projects/XRT/magicleap/XRT 4.22/Intermediate/AssetRegistryCache/5a627529.bin', retrying in .5s...
[2019.01.22-19.14.37:968][  0]LogFileManager: Warning: MoveFile was unable to move 'C:/Users/nicks/Documents/Magic Leap Projects/XRT/magicleap/XRT 4.22/Intermediate/AssetRegistryCache/5a627529.bin.tmp' to 'C:/Users/nicks/Documents/Magic Leap Projects/XRT/magicleap/XRT 4.22/Intermediate/AssetRegistryCache/5a627529.bin', retrying in .5s...
[2019.01.22-19.14.38:469][  0]LogFileManager: Warning: MoveFile was unable to move 'C:/Users/nicks/Documents/Magic Leap Projects/XRT/magicleap/XRT 4.22/Intermediate/AssetRegistryCache/5a627529.bin.tmp' to 'C:/Users/nicks/Documents/Magic Leap Projects/XRT/magicleap/XRT 4.22/Intermediate/AssetRegistryCache/5a627529.bin', retrying in .5s...
[2019.01.22-19.14.38:970][  0]LogFileManager: Error: Error moving file 'C:/Users/nicks/Documents/Magic Leap Projects/XRT/magicleap/XRT 4.22/Intermediate/AssetRegistryCache/5a627529.bin.tmp' to 'C:/Users/nicks/Documents/Magic Leap Projects/XRT/magicleap/XRT 4.22/Intermediate/AssetRegistryCache/5a627529.bin'.
[2019.01.22-19.14.39:037][  0]LogPackageLocalizationCache: Processed 11 localized package path(s) for 2 prioritized culture(s) in 5.074409 seconds
[2019.01.22-19.14.39:044][  0]LogUObjectArray: 40352 objects as part of root set at end of initial load.
[2019.01.22-19.14.39:045][  0]LogUObjectAllocator: 7013528 out of 0 bytes used by permanent object pool.
[2019.01.22-19.14.39:045][  0]LogUObjectArray: CloseDisregardForGC: 0/0 objects in disregard for GC pool
[2019.01.22-19.14.39:424][  0]LogStreaming: Warning: Failed to read file '../../../Engine/Content/Editor/Slate/Launcher/Mac/Platform_Mac_24x.png' error.
[2019.01.22-19.14.39:424][  0]LogSlate: Could not find file for Slate resource: ../../../Engine/Content/Editor/Slate/Launcher/Mac/Platform_Mac_24x.png
[2019.01.22-19.14.39:424][  0]LogStreaming: Warning: Failed to read file '../../../Engine/Content/Editor/Slate/Launcher/Mac/Platform_Mac_128x.png' error.
[2019.01.22-19.14.39:424][  0]LogSlate: Could not find file for Slate resource: ../../../Engine/Content/Editor/Slate/Launcher/Mac/Platform_Mac_128x.png
[2019.01.22-19.14.39:424][  0]LogStreaming: Warning: Failed to read file '../../../Engine/Content/Editor/Slate/Launcher/Mac/Platform_Mac_128x.png' error.
[2019.01.22-19.14.39:424][  0]LogSlate: Could not find file for Slate resource: ../../../Engine/Content/Editor/Slate/Launcher/Mac/Platform_Mac_128x.png
[2019.01.22-19.14.39:424][  0]LogStreaming: Warning: Failed to read file '../../../Engine/Content/Editor/Slate/Launcher/Mac/Platform_Mac_24x.png' error.
[2019.01.22-19.14.39:424][  0]LogSlate: Could not find file for Slate resource: ../../../Engine/Content/Editor/Slate/Launcher/Mac/Platform_Mac_24x.png
[2019.01.22-19.14.39:424][  0]LogStreaming: Warning: Failed to read file '../../../Engine/Content/Editor/Slate/Launcher/Mac/Platform_Mac_128x.png' error.
[2019.01.22-19.14.39:424][  0]LogSlate: Could not find file for Slate resource: ../../../Engine/Content/Editor/Slate/Launcher/Mac/Platform_Mac_128x.png
[2019.01.22-19.14.39:425][  0]LogStreaming: Warning: Failed to read file '../../../Engine/Content/Editor/Slate/Launcher/Mac/Platform_Mac_128x.png' error.
[2019.01.22-19.14.39:425][  0]LogSlate: Could not find file for Slate resource: ../../../Engine/Content/Editor/Slate/Launcher/Mac/Platform_Mac_128x.png
[2019.01.22-19.14.39:425][  0]LogStreaming: Warning: Failed to read file '../../../Engine/Content/Editor/Slate/Launcher/Mac/Platform_Mac_24x.png' error.
[2019.01.22-19.14.39:425][  0]LogSlate: Could not find file for Slate resource: ../../../Engine/Content/Editor/Slate/Launcher/Mac/Platform_Mac_24x.png
[2019.01.22-19.14.39:425][  0]LogStreaming: Warning: Failed to read file '../../../Engine/Content/Editor/Slate/Launcher/Mac/Platform_Mac_128x.png' error.
[2019.01.22-19.14.39:425][  0]LogSlate: Could not find file for Slate resource: ../../../Engine/Content/Editor/Slate/Launcher/Mac/Platform_Mac_128x.png
[2019.01.22-19.14.39:425][  0]LogStreaming: Warning: Failed to read file '../../../Engine/Content/Editor/Slate/Launcher/Mac/Platform_Mac_128x.png' error.
[2019.01.22-19.14.39:425][  0]LogSlate: Could not find file for Slate resource: ../../../Engine/Content/Editor/Slate/Launcher/Mac/Platform_Mac_128x.png
[2019.01.22-19.14.39:425][  0]LogStreaming: Warning: Failed to read file '../../../Engine/Content/Editor/Slate/Launcher/Mac/Platform_Mac_24x.png' error.
[2019.01.22-19.14.39:425][  0]LogSlate: Could not find file for Slate resource: ../../../Engine/Content/Editor/Slate/Launcher/Mac/Platform_Mac_24x.png
[2019.01.22-19.14.39:425][  0]LogStreaming: Warning: Failed to read file '../../../Engine/Content/Editor/Slate/Launcher/Mac/Platform_Mac_128x.png' error.
[2019.01.22-19.14.39:425][  0]LogSlate: Could not find file for Slate resource: ../../../Engine/Content/Editor/Slate/Launcher/Mac/Platform_Mac_128x.png
[2019.01.22-19.14.39:425][  0]LogStreaming: Warning: Failed to read file '../../../Engine/Content/Editor/Slate/Launcher/Mac/Platform_Mac_128x.png' error.
[2019.01.22-19.14.39:425][  0]LogSlate: Could not find file for Slate resource: ../../../Engine/Content/Editor/Slate/Launcher/Mac/Platform_Mac_128x.png
[2019.01.22-19.14.39:425][  0]LogStreaming: Warning: Failed to read file '../../../Engine/Content/Editor/Slate/Launcher/Linux/Platform_Linux_24x.png' error.
[2019.01.22-19.14.39:425][  0]LogSlate: Could not find file for Slate resource: ../../../Engine/Content/Editor/Slate/Launcher/Linux/Platform_Linux_24x.png
[2019.01.22-19.14.39:425][  0]LogStreaming: Warning: Failed to read file '../../../Engine/Content/Editor/Slate/Launcher/Linux/Platform_Linux_128x.png' error.
[2019.01.22-19.14.39:425][  0]LogSlate: Could not find file for Slate resource: ../../../Engine/Content/Editor/Slate/Launcher/Linux/Platform_Linux_128x.png
[2019.01.22-19.14.39:425][  0]LogStreaming: Warning: Failed to read file '../../../Engine/Content/Editor/Slate/Launcher/Linux/Platform_Linux_128x.png' error.
[2019.01.22-19.14.39:425][  0]LogSlate: Could not find file for Slate resource: ../../../Engine/Content/Editor/Slate/Launcher/Linux/Platform_Linux_128x.png
[2019.01.22-19.14.39:425][  0]LogStreaming: Warning: Failed to read file '../../../Engine/Content/Editor/Slate/Launcher/Linux/Platform_Linux_24x.png' error.
[2019.01.22-19.14.39:425][  0]LogSlate: Could not find file for Slate resource: ../../../Engine/Content/Editor/Slate/Launcher/Linux/Platform_Linux_24x.png
[2019.01.22-19.14.39:425][  0]LogStreaming: Warning: Failed to read file '../../../Engine/Content/Editor/Slate/Launcher/Linux/Platform_Linux_128x.png' error.
[2019.01.22-19.14.39:425][  0]LogSlate: Could not find file for Slate resource: ../../../Engine/Content/Editor/Slate/Launcher/Linux/Platform_Linux_128x.png
[2019.01.22-19.14.39:425][  0]LogStreaming: Warning: Failed to read file '../../../Engine/Content/Editor/Slate/Launcher/Linux/Platform_Linux_128x.png' error.
[2019.01.22-19.14.39:425][  0]LogSlate: Could not find file for Slate resource: ../../../Engine/Content/Editor/Slate/Launcher/Linux/Platform_Linux_128x.png
[2019.01.22-19.14.39:425][  0]LogStreaming: Warning: Failed to read file '../../../Engine/Content/Editor/Slate/Launcher/Linux/Platform_Linux_24x.png' error.
[2019.01.22-19.14.39:425][  0]LogSlate: Could not find file for Slate resource: ../../../Engine/Content/Editor/Slate/Launcher/Linux/Platform_Linux_24x.png
[2019.01.22-19.14.39:425][  0]LogStreaming: Warning: Failed to read file '../../../Engine/Content/Editor/Slate/Launcher/Linux/Platform_Linux_128x.png' error.
[2019.01.22-19.14.39:425][  0]LogSlate: Could not find file for Slate resource: ../../../Engine/Content/Editor/Slate/Launcher/Linux/Platform_Linux_128x.png
[2019.01.22-19.14.39:425][  0]LogStreaming: Warning: Failed to read file '../../../Engine/Content/Editor/Slate/Launcher/Linux/Platform_Linux_128x.png' error.
[2019.01.22-19.14.39:425][  0]LogSlate: Could not find file for Slate resource: ../../../Engine/Content/Editor/Slate/Launcher/Linux/Platform_Linux_128x.png
[2019.01.22-19.14.39:425][  0]LogStreaming: Warning: Failed to read file '../../../Engine/Content/Editor/Slate/Launcher/Linux/Platform_Linux_24x.png' error.
[2019.01.22-19.14.39:425][  0]LogSlate: Could not find file for Slate resource: ../../../Engine/Content/Editor/Slate/Launcher/Linux/Platform_Linux_24x.png
[2019.01.22-19.14.39:425][  0]LogStreaming: Warning: Failed to read file '../../../Engine/Content/Editor/Slate/Launcher/Linux/Platform_Linux_128x.png' error.
[2019.01.22-19.14.39:425][  0]LogSlate: Could not find file for Slate resource: ../../../Engine/Content/Editor/Slate/Launcher/Linux/Platform_Linux_128x.png
[2019.01.22-19.14.39:425][  0]LogStreaming: Warning: Failed to read file '../../../Engine/Content/Editor/Slate/Launcher/Linux/Platform_Linux_128x.png' error.
[2019.01.22-19.14.39:425][  0]LogSlate: Could not find file for Slate resource: ../../../Engine/Content/Editor/Slate/Launcher/Linux/Platform_Linux_128x.png
[2019.01.22-19.14.46:529][  0]LogTcpMessaging: Initializing TcpMessaging bridge
[2019.01.22-19.14.46:637][  0]LogUdpMessaging: Initializing bridge on interface 0.0.0.0:0 to multicast group 230.0.0.1:6666.
[2019.01.22-19.14.47:970][  0]LogStreaming: Warning: Failed to read file '../../../Engine/Content/Editor/Slate/Launcher/Mac/Platform_Mac_24x.png' error.
[2019.01.22-19.14.47:970][  0]LogSlate: Could not find file for Slate resource: ../../../Engine/Content/Editor/Slate/Launcher/Mac/Platform_Mac_24x.png
[2019.01.22-19.14.47:970][  0]LogStreaming: Warning: Failed to read file '../../../Engine/Content/Editor/Slate/Launcher/Mac/Platform_Mac_128x.png' error.
[2019.01.22-19.14.47:970][  0]LogSlate: Could not find file for Slate resource: ../../../Engine/Content/Editor/Slate/Launcher/Mac/Platform_Mac_128x.png
[2019.01.22-19.14.47:970][  0]LogStreaming: Warning: Failed to read file '../../../Engine/Content/Editor/Slate/Launcher/Mac/Platform_Mac_128x.png' error.
[2019.01.22-19.14.47:970][  0]LogSlate: Could not find file for Slate resource: ../../../Engine/Content/Editor/Slate/Launcher/Mac/Platform_Mac_128x.png
[2019.01.22-19.14.47:970][  0]LogStreaming: Warning: Failed to read file '../../../Engine/Content/Editor/Slate/Launcher/Mac/Platform_Mac_24x.png' error.
[2019.01.22-19.14.47:970][  0]LogSlate: Could not find file for Slate resource: ../../../Engine/Content/Editor/Slate/Launcher/Mac/Platform_Mac_24x.png
[2019.01.22-19.14.47:970][  0]LogStreaming: Warning: Failed to read file '../../../Engine/Content/Editor/Slate/Launcher/Mac/Platform_Mac_128x.png' error.
[2019.01.22-19.14.47:970][  0]LogSlate: Could not find file for Slate resource: ../../../Engine/Content/Editor/Slate/Launcher/Mac/Platform_Mac_128x.png
[2019.01.22-19.14.47:971][  0]LogStreaming: Warning: Failed to read file '../../../Engine/Content/Editor/Slate/Launcher/Mac/Platform_Mac_128x.png' error.
[2019.01.22-19.14.47:971][  0]LogSlate: Could not find file for Slate resource: ../../../Engine/Content/Editor/Slate/Launcher/Mac/Platform_Mac_128x.png
[2019.01.22-19.14.47:971][  0]LogStreaming: Warning: Failed to read file '../../../Engine/Content/Editor/Slate/Launcher/Mac/Platform_Mac_24x.png' error.
[2019.01.22-19.14.47:971][  0]LogSlate: Could not find file for Slate resource: ../../../Engine/Content/Editor/Slate/Launcher/Mac/Platform_Mac_24x.png
[2019.01.22-19.14.47:971][  0]LogStreaming: Warning: Failed to read file '../../../Engine/Content/Editor/Slate/Launcher/Mac/Platform_Mac_128x.png' error.
[2019.01.22-19.14.47:971][  0]LogSlate: Could not find file for Slate resource: ../../../Engine/Content/Editor/Slate/Launcher/Mac/Platform_Mac_128x.png
[2019.01.22-19.14.47:971][  0]LogStreaming: Warning: Failed to read file '../../../Engine/Content/Editor/Slate/Launcher/Mac/Platform_Mac_128x.png' error.
[2019.01.22-19.14.47:971][  0]LogSlate: Could not find file for Slate resource: ../../../Engine/Content/Editor/Slate/Launcher/Mac/Platform_Mac_128x.png
[2019.01.22-19.14.47:971][  0]LogStreaming: Warning: Failed to read file '../../../Engine/Content/Editor/Slate/Launcher/Mac/Platform_Mac_24x.png' error.
[2019.01.22-19.14.47:971][  0]LogSlate: Could not find file for Slate resource: ../../../Engine/Content/Editor/Slate/Launcher/Mac/Platform_Mac_24x.png
[2019.01.22-19.14.47:971][  0]LogStreaming: Warning: Failed to read file '../../../Engine/Content/Editor/Slate/Launcher/Mac/Platform_Mac_128x.png' error.
[2019.01.22-19.14.47:971][  0]LogSlate: Could not find file for Slate resource: ../../../Engine/Content/Editor/Slate/Launcher/Mac/Platform_Mac_128x.png
[2019.01.22-19.14.47:971][  0]LogStreaming: Warning: Failed to read file '../../../Engine/Content/Editor/Slate/Launcher/Mac/Platform_Mac_128x.png' error.
[2019.01.22-19.14.47:971][  0]LogSlate: Could not find file for Slate resource: ../../../Engine/Content/Editor/Slate/Launcher/Mac/Platform_Mac_128x.png
[2019.01.22-19.14.47:971][  0]LogStreaming: Warning: Failed to read file '../../../Engine/Content/Editor/Slate/Launcher/Linux/Platform_Linux_24x.png' error.
[2019.01.22-19.14.47:971][  0]LogSlate: Could not find file for Slate resource: ../../../Engine/Content/Editor/Slate/Launcher/Linux/Platform_Linux_24x.png
[2019.01.22-19.14.47:971][  0]LogStreaming: Warning: Failed to read file '../../../Engine/Content/Editor/Slate/Launcher/Linux/Platform_Linux_128x.png' error.
[2019.01.22-19.14.47:971][  0]LogSlate: Could not find file for Slate resource: ../../../Engine/Content/Editor/Slate/Launcher/Linux/Platform_Linux_128x.png
[2019.01.22-19.14.47:971][  0]LogStreaming: Warning: Failed to read file '../../../Engine/Content/Editor/Slate/Launcher/Linux/Platform_Linux_128x.png' error.
[2019.01.22-19.14.47:971][  0]LogSlate: Could not find file for Slate resource: ../../../Engine/Content/Editor/Slate/Launcher/Linux/Platform_Linux_128x.png
[2019.01.22-19.14.47:971][  0]LogStreaming: Warning: Failed to read file '../../../Engine/Content/Editor/Slate/Launcher/Linux/Platform_Linux_24x.png' error.
[2019.01.22-19.14.47:971][  0]LogSlate: Could not find file for Slate resource: ../../../Engine/Content/Editor/Slate/Launcher/Linux/Platform_Linux_24x.png
[2019.01.22-19.14.47:971][  0]LogStreaming: Warning: Failed to read file '../../../Engine/Content/Editor/Slate/Launcher/Linux/Platform_Linux_128x.png' error.
[2019.01.22-19.14.47:971][  0]LogSlate: Could not find file for Slate resource: ../../../Engine/Content/Editor/Slate/Launcher/Linux/Platform_Linux_128x.png
[2019.01.22-19.14.47:971][  0]LogStreaming: Warning: Failed to read file '../../../Engine/Content/Editor/Slate/Launcher/Linux/Platform_Linux_128x.png' error.
[2019.01.22-19.14.47:971][  0]LogSlate: Could not find file for Slate resource: ../../../Engine/Content/Editor/Slate/Launcher/Linux/Platform_Linux_128x.png
[2019.01.22-19.14.47:971][  0]LogStreaming: Warning: Failed to read file '../../../Engine/Content/Editor/Slate/Launcher/Linux/Platform_Linux_24x.png' error.
[2019.01.22-19.14.47:971][  0]LogSlate: Could not find file for Slate resource: ../../../Engine/Content/Editor/Slate/Launcher/Linux/Platform_Linux_24x.png
[2019.01.22-19.14.47:971][  0]LogStreaming: Warning: Failed to read file '../../../Engine/Content/Editor/Slate/Launcher/Linux/Platform_Linux_128x.png' error.
[2019.01.22-19.14.47:971][  0]LogSlate: Could not find file for Slate resource: ../../../Engine/Content/Editor/Slate/Launcher/Linux/Platform_Linux_128x.png
[2019.01.22-19.14.47:971][  0]LogStreaming: Warning: Failed to read file '../../../Engine/Content/Editor/Slate/Launcher/Linux/Platform_Linux_128x.png' error.
[2019.01.22-19.14.47:971][  0]LogSlate: Could not find file for Slate resource: ../../../Engine/Content/Editor/Slate/Launcher/Linux/Platform_Linux_128x.png
[2019.01.22-19.14.47:971][  0]LogStreaming: Warning: Failed to read file '../../../Engine/Content/Editor/Slate/Launcher/Linux/Platform_Linux_24x.png' error.
[2019.01.22-19.14.47:971][  0]LogSlate: Could not find file for Slate resource: ../../../Engine/Content/Editor/Slate/Launcher/Linux/Platform_Linux_24x.png
[2019.01.22-19.14.47:971][  0]LogStreaming: Warning: Failed to read file '../../../Engine/Content/Editor/Slate/Launcher/Linux/Platform_Linux_128x.png' error.
[2019.01.22-19.14.47:972][  0]LogSlate: Could not find file for Slate resource: ../../../Engine/Content/Editor/Slate/Launcher/Linux/Platform_Linux_128x.png
[2019.01.22-19.14.47:972][  0]LogStreaming: Warning: Failed to read file '../../../Engine/Content/Editor/Slate/Launcher/Linux/Platform_Linux_128x.png' error.
[2019.01.22-19.14.47:972][  0]LogSlate: Could not find file for Slate resource: ../../../Engine/Content/Editor/Slate/Launcher/Linux/Platform_Linux_128x.png
[2019.01.22-19.14.52:119][  0]SourceControl: Source control is disabled
[2019.01.22-19.14.52:119][  0]SourceControl: Source control is disabled
[2019.01.22-19.14.52:612][  0]SourceControl: Source control is disabled
[2019.01.22-19.14.52:770][  0]SourceControl: Source control is disabled
[2019.01.22-19.15.01:709][  0]LogAndroidPermission: UAndroidPermissionCallbackProxy::GetInstance
[2019.01.22-19.15.02:585][  0]LogOcInput: OculusInput pre-init called
[2019.01.22-19.15.03:847][  0]LogEngine: Initializing Engine...
[2019.01.22-19.15.04:012][  0]LogHMD: Failed to initialize OpenVR with code 108
[2019.01.22-19.15.04:024][  0]LogMagicLeap: Display: Creating FMagicLeapCustomPresentOpenGL
[2019.01.22-19.15.04:024][  0]LogMagicLeap: MagicLeap initialized.
[2019.01.22-19.15.04:025][  0]LogStats: UGameplayTagsManager::ConstructGameplayTagTree: ImportINI prefixes -  0.000 s
[2019.01.22-19.15.04:025][  0]LogStats: UGameplayTagsManager::ConstructGameplayTagTree: Construct from data asset -  0.000 s
[2019.01.22-19.15.04:025][  0]LogStats: UGameplayTagsManager::ConstructGameplayTagTree: ImportINI -  0.000 s
[2019.01.22-19.15.04:025][  0]LogStats: UGameplayTagsManager::ConstructGameplayTagTree: GameplayTagTreeChangedEvent.Broadcast -  0.000 s
[2019.01.22-19.15.04:703][  0]LogInit: Initializing FReadOnlyCVARCache
[2019.01.22-19.15.04:981][  0]LogAIModule: Creating AISystem for world Untitled
[2019.01.22-19.15.04:985][  0]LogInit: XAudio2 using 'Speakers (Realtek(R) Audio)' : 2 channels at 48 kHz using 32 bits per sample (channel mask 0x3)
[2019.01.22-19.15.05:209][  0]LogInit: FAudioDevice initialized.
[2019.01.22-19.15.05:209][  0]LogNetVersion: Set ProjectVersion to 1.0.0.0. Version Checksum will be recalculated on next use.
[2019.01.22-19.15.05:394][  0]LogDerivedDataCache: Saved boot cache 0.18s 87MB C:/Users/nicks/Documents/Magic Leap Projects/XRT/magicleap/XRT 4.22/DerivedDataCache/Boot.ddc.
[2019.01.22-19.15.05:400][  0]LogInit: Texture streaming: Enabled
[2019.01.22-19.15.06:254][  0]LogEngineSessionManager: EngineSessionManager initialized
[2019.01.22-19.15.06:873][  0]LogMagicLeap: Error: MLRemoteIsServerConfigured failed with error MLResult_Timeout!
[2019.01.22-19.15.06:880][  0]LogInit: Transaction tracking system initialized
[2019.01.22-19.15.07:752][  0]BlueprintLog: New page: Editor Load
[2019.01.22-19.15.14:109][  0]LocalizationService: Localization service is disabled
[2019.01.22-19.15.14:997][  0]LogConfig: Warning: Failed to saved backup for config[C:/Users/nicks/Documents/Magic Leap Projects/XRT/magicleap/XRT 4.22/Intermediate/Config/CoalescedSourceConfigs/Engine.ini]
[2019.01.22-19.15.20:908][  0]LogCook: Display: Max memory allowance for cook 16384mb min free memory 0mb
[2019.01.22-19.15.20:908][  0]LogCook: Display: Mobile HDR setting 1
[2019.01.22-19.15.20:908][  0]LogGameplayTags: Display: UGameplayTagsManager::DoneAddingNativeTags. DelegateIsBound: 0
[2019.01.22-19.15.20:908][  0]LogStats: UGameplayTagsManager::ConstructGameplayTagTree: ImportINI prefixes -  0.000 s
[2019.01.22-19.15.20:908][  0]LogStats: UGameplayTagsManager::ConstructGameplayTagTree: Construct from data asset -  0.000 s
[2019.01.22-19.15.20:908][  0]LogStats: UGameplayTagsManager::ConstructGameplayTagTree: ImportINI -  0.000 s
[2019.01.22-19.15.20:908][  0]LogStats: UGameplayTagsManager::ConstructGameplayTagTree: GameplayTagTreeChangedEvent.Broadcast -  0.000 s
[2019.01.22-19.15.21:722][  0]LogFileCache: Scanning file cache for directory 'C:/Users/nicks/Documents/Magic Leap Projects/XRT/magicleap/XRT 4.22/Content/' took 0.03s
[2019.01.22-19.15.32:343][  0]SourceControl: Source control is disabled
[2019.01.22-19.15.32:343][  0]Cmd: MAP LOAD FILE="C:/Users/nicks/Documents/Magic Leap Projects/XRT/magicleap/XRT 4.22/Content/Maps/XRT_Viewer.umap" TEMPLATE=0 SHOWPROGRESS=1 FEATURELEVEL=3
[2019.01.22-19.15.32:344][  0]LightingResults: New page: Lighting Build
[2019.01.22-19.15.32:346][  0]MapCheck: New page: Map Check
[2019.01.22-19.15.32:346][  0]LightingResults: New page: Lighting Build
[2019.01.22-19.15.35:693][  0]LogAIModule: Creating AISystem for world XRT_Viewer
[2019.01.22-19.15.35:728][  0]LogEditorServer: Finished looking for orphan Actors (0.000 secs)
[2019.01.22-19.15.35:757][  0]Cmd: MAP CHECKDEP NOCLEARLOG
[2019.01.22-19.15.35:757][  0]MapCheck: Map check complete: 0 Error(s), 0 Warning(s), took 0.254ms to complete.
[2019.01.22-19.15.35:757][  0]LogFileHelpers: Loading map 'XRT_Viewer' took 3.414
[2019.01.22-19.15.36:108][  0]LogSlate: Updating window title bar state: overlay mode, drag disabled, window buttons hidden, title bar hidden
[2019.01.22-19.15.36:114][  0]LogSlate: Updating window title bar state: overlay mode, drag disabled, window buttons hidden, title bar hidden
[2019.01.22-19.15.36:120][  0]LogSlate: Updating window title bar state: overlay mode, drag disabled, window buttons hidden, title bar hidden
[2019.01.22-19.15.36:126][  0]LogSlate: Updating window title bar state: overlay mode, drag disabled, window buttons hidden, title bar hidden
[2019.01.22-19.15.36:163][  0]LogCollectionManager: Loaded 0 collections in 0.000896 seconds
[2019.01.22-19.15.36:189][  0]LogFileCache: Scanning file cache for directory 'C:/Users/nicks/Documents/Magic Leap Projects/XRT/magicleap/XRT 4.22/Saved/Collections/' took 0.01s
[2019.01.22-19.15.36:189][  0]LogFileCache: Scanning file cache for directory 'C:/Users/nicks/Documents/Magic Leap Projects/XRT/magicleap/XRT 4.22/Content/Developers/nicks/Collections/' took 0.01s
[2019.01.22-19.15.36:189][  0]LogFileCache: Scanning file cache for directory 'C:/Users/nicks/Documents/Magic Leap Projects/XRT/magicleap/XRT 4.22/Content/Collections/' took 0.00s
[2019.01.22-19.15.36:189][  0]LogCollectionManager: Rebuilt the GUID cache for 0 collections in 0.000000 seconds
[2019.01.22-19.15.36:200][  0]LogContentBrowser: Native class hierarchy populated in 0.0113 seconds. Added 2681 classes and 622 folders.
[2019.01.22-19.15.36:204][  0]LogContentBrowser: Native class hierarchy updated for 'WidgetCarousel' in 0.0003 seconds. Added 0 classes and 0 folders.
[2019.01.22-19.15.36:232][  0]LogPakFile: Registered encryption key '00000000000000000000000000000000': 0 pak files mounted, 0 remain pending
[2019.01.22-19.15.36:270][  0]LogPakFile: Registered encryption key '00000000000000000000000000000000': 0 pak files mounted, 0 remain pending
[2019.01.22-19.15.36:272][  0]LogPakFile: Registered encryption key '00000000000000000000000000000000': 0 pak files mounted, 0 remain pending
[2019.01.22-19.15.36:274][  0]LogPakFile: Registered encryption key '00000000000000000000000000000000': 0 pak files mounted, 0 remain pending
[2019.01.22-19.15.36:275][  0]LogPakFile: Registered encryption key '00000000000000000000000000000000': 0 pak files mounted, 0 remain pending
[2019.01.22-19.15.36:277][  0]LogPakFile: Registered encryption key '00000000000000000000000000000000': 0 pak files mounted, 0 remain pending
[2019.01.22-19.15.36:279][  0]LogPakFile: Registered encryption key '00000000000000000000000000000000': 0 pak files mounted, 0 remain pending
[2019.01.22-19.15.36:297][  0]LogPakFile: Registered encryption key '00000000000000000000000000000000': 0 pak files mounted, 0 remain pending
[2019.01.22-19.15.36:298][  0]LogPakFile: Registered encryption key '00000000000000000000000000000000': 0 pak files mounted, 0 remain pending
[2019.01.22-19.15.36:300][  0]LogPakFile: Registered encryption key '00000000000000000000000000000000': 0 pak files mounted, 0 remain pending
[2019.01.22-19.15.36:302][  0]LogPakFile: Registered encryption key '00000000000000000000000000000000': 0 pak files mounted, 0 remain pending
[2019.01.22-19.15.36:304][  0]LogPakFile: Registered encryption key '00000000000000000000000000000000': 0 pak files mounted, 0 remain pending
[2019.01.22-19.15.36:306][  0]LogPakFile: Registered encryption key '00000000000000000000000000000000': 0 pak files mounted, 0 remain pending
[2019.01.22-19.15.36:308][  0]LogPakFile: Registered encryption key '00000000000000000000000000000000': 0 pak files mounted, 0 remain pending
[2019.01.22-19.15.36:310][  0]LogPakFile: Registered encryption key '00000000000000000000000000000000': 0 pak files mounted, 0 remain pending
[2019.01.22-19.15.36:312][  0]LogPakFile: Registered encryption key '00000000000000000000000000000000': 0 pak files mounted, 0 remain pending
[2019.01.22-19.15.36:324][  0]LogPakFile: Registered encryption key '00000000000000000000000000000000': 0 pak files mounted, 0 remain pending
[2019.01.22-19.15.36:327][  0]LogPakFile: Registered encryption key '00000000000000000000000000000000': 0 pak files mounted, 0 remain pending
[2019.01.22-19.15.36:328][  0]LogPakFile: Registered encryption key '00000000000000000000000000000000': 0 pak files mounted, 0 remain pending
[2019.01.22-19.15.36:330][  0]LogPakFile: Registered encryption key '00000000000000000000000000000000': 0 pak files mounted, 0 remain pending
[2019.01.22-19.15.36:333][  0]LogPakFile: Registered encryption key '00000000000000000000000000000000': 0 pak files mounted, 0 remain pending
[2019.01.22-19.15.36:335][  0]LogPakFile: Registered encryption key '00000000000000000000000000000000': 0 pak files mounted, 0 remain pending
[2019.01.22-19.15.36:338][  0]LogPakFile: Registered encryption key '00000000000000000000000000000000': 0 pak files mounted, 0 remain pending
[2019.01.22-19.15.36:340][  0]LogPakFile: Registered encryption key '00000000000000000000000000000000': 0 pak files mounted, 0 remain pending
[2019.01.22-19.15.36:342][  0]LogPakFile: Registered encryption key '00000000000000000000000000000000': 0 pak files mounted, 0 remain pending
[2019.01.22-19.15.36:346][  0]LogPakFile: Registered encryption key '00000000000000000000000000000000': 0 pak files mounted, 0 remain pending
[2019.01.22-19.15.37:370][  0]LogContentBrowser: Native class hierarchy updated for 'AddContentDialog' in 0.0004 seconds. Added 0 classes and 0 folders.
[2019.01.22-19.15.37:681][  0]LogContentBrowser: Native class hierarchy updated for 'SceneOutliner' in 0.0004 seconds. Added 1 classes and 2 folders.
[2019.01.22-19.15.37:743][  0]LogSlate: Took 0.026192 seconds to synchronously load lazily loaded font '../../../Engine/Content/Slate/Fonts/Roboto-Regular.ttf' (155K)
[2019.01.22-19.15.37:747][  0]LogSlate: Took 0.002782 seconds to synchronously load lazily loaded font '../../../Engine/Content/Slate/Fonts/Roboto-Bold.ttf' (160K)
[2019.01.22-19.15.37:774][  0]LogSlate: Took 0.022933 seconds to synchronously load lazily loaded font '../../../Engine/Content/Editor/Slate/Fonts/FontAwesome.ttf' (139K)
[2019.01.22-19.15.38:024][  0]LogRenderer: Reallocating scene render targets to support 1292x368 Format 10 NumSamples 1 (Frame:1).
[2019.01.22-19.15.38:033][  0]LogRHI: Using OpenGL program LRU cache: 0
[2019.01.22-19.15.38:586][  0]LogContentBrowser: Native class hierarchy updated for 'HierarchicalLODOutliner' in 0.0004 seconds. Added 0 classes and 0 folders.
[2019.01.22-19.15.38:586][  0]LogLoad: (Engine Initialization) Total time: 105.37 seconds
[2019.01.22-19.15.38:586][  0]LogLoad: (Engine Initialization) Total Blueprint compile time: 0.00 seconds
[2019.01.22-19.15.38:654][  0]LogContentStreaming: Texture pool size now 1000 MB
[2019.01.22-19.15.38:705][  0]LogSlate: Took 0.001168 seconds to synchronously load lazily loaded font '../../../Engine/Content/Slate/Fonts/Roboto-Light.ttf' (167K)
[2019.01.22-19.15.39:072][  4]LogAssetRegistry: Asset discovery search completed in 70.3419 seconds
[2019.01.22-19.15.39:075][  4]LogCollectionManager: Rebuilt the object cache for 0 collections in 0.000012 seconds (found 0 objects)
[2019.01.22-19.15.39:075][  4]LogCollectionManager: Fixed up redirectors for 0 collections in 0.000102 seconds (updated 0 objects)
[2019.01.22-19.15.53:488][846]LogSlate: FSceneViewport::OnFocusLost() reason 0
[2019.01.22-19.15.53:617][853]LogSlate: Took 0.000145 seconds to synchronously load lazily loaded font '../../../Engine/Content/Slate/Fonts/Roboto-Light.ttf' (167K)
[2019.01.22-19.15.53:635][853]Cmd: OBJ SAVEPACKAGE PACKAGE="/Game/Maps/XRT_Viewer" FILE="C:/Users/nicks/Documents/Magic Leap Projects/XRT/magicleap/XRT 4.22/Content/Maps/XRT_Viewer.umap" SILENT=true AUTOSAVING=false KEEPDIRTY=false
[2019.01.22-19.15.53:790][853]LogSavePackage: Moving 'C:/Users/nicks/Documents/Magic Leap Projects/XRT/magicleap/XRT 4.22/Saved/XRT_ViewerB85ADB1747F4CB8B90E9DD879899BF88.tmp' to 'C:/Users/nicks/Documents/Magic Leap Projects/XRT/magicleap/XRT 4.22/Content/Maps/XRT_Viewer.umap'
