Log file open, 01/18/19 15:51:20
LogWindows: Failed to load 'aqProf.dll' (GetLastError=126)
LogWindows: File 'aqProf.dll' does not exist
LogWindows: Failed to load 'VtuneApi.dll' (GetLastError=126)
LogWindows: File 'VtuneApi.dll' does not exist
LogWindows: Failed to load 'VtuneApi32e.dll' (GetLastError=126)
LogWindows: File 'VtuneApi32e.dll' does not exist
LogConsoleResponse: Display: Failed to find resolution value strings in scalability ini. Falling back to default.
LogInit: Display: Running engine for game: Unreal
LogPakFile: Registered encryption key '00000000000000000000000000000000': 0 pak files mounted, 0 remain pending
LogPlatformFile: Not using cached read wrapper
LogTaskGraph: Started task graph with 5 named threads and 35 total threads with 3 sets of task threads.
LogStats: Stats thread started at 0.493551
LogD3D11RHI: Loaded GFSDK_Aftermath_Lib.x64.dll
LogICUInternationalization: ICU TimeZone Detection - Raw Offset: -5:00, Platform Override: ''
LogPluginManager: Mounting plugin Paper2D
LogPluginManager: Mounting plugin AISupport
LogPluginManager: Mounting plugin LightPropagationVolume
LogPluginManager: Mounting plugin ActorLayerUtilities
LogPluginManager: Mounting plugin CLionSourceCodeAccess
LogPluginManager: Mounting plugin CodeLiteSourceCodeAccess
LogPluginManager: Mounting plugin GitSourceControl
LogPluginManager: Mounting plugin KDevelopSourceCodeAccess
LogPluginManager: Mounting plugin NullSourceCodeAccess
LogPluginManager: Mounting plugin PerforceSourceControl
LogPluginManager: Mounting plugin SubversionSourceControl
LogPluginManager: Mounting plugin UObjectPlugin
LogPluginManager: Mounting plugin VisualStudioCodeSourceCodeAccess
LogPluginManager: Mounting plugin VisualStudioSourceCodeAccess
LogPluginManager: Mounting plugin XCodeSourceCodeAccess
LogPluginManager: Mounting plugin AssetManagerEditor
LogPluginManager: Mounting plugin CryptoKeys
LogPluginManager: Mounting plugin DataValidation
LogPluginManager: Mounting plugin FacialAnimation
LogPluginManager: Mounting plugin GameplayTagsEditor
LogPluginManager: Mounting plugin MacGraphicsSwitching
LogPluginManager: Mounting plugin MeshEditor
LogPluginManager: Mounting plugin MobileLauncherProfileWizard
LogPluginManager: Mounting plugin PluginBrowser
LogPluginManager: Mounting plugin SpeedTreeImporter
LogPluginManager: Mounting plugin DatasmithContent
LogPluginManager: Mounting plugin VariantManagerContent
LogPluginManager: Mounting plugin AlembicImporter
LogPluginManager: Mounting plugin AppleImageUtils
LogPluginManager: Mounting plugin AppleVision
LogPluginManager: Mounting plugin BackChannel
LogPluginManager: Mounting plugin CharacterAI
LogPluginManager: Mounting plugin GeometryCache
LogPluginManager: Mounting plugin HTML5Networking
LogPluginManager: Mounting plugin ProxyLODPlugin
LogPluginManager: Mounting plugin MagicLeap
LogPluginManager: Mounting plugin MagicLeapMedia
LogPluginManager: Mounting plugin AndroidMedia
LogPluginManager: Mounting plugin AvfMedia
LogPluginManager: Mounting plugin ImgMedia
LogPluginManager: Mounting plugin LinearTimecode
LogPluginManager: Mounting plugin MediaCompositing
LogPluginManager: Mounting plugin MediaPlayerEditor
LogPluginManager: Mounting plugin WebMMedia
LogPluginManager: Mounting plugin WmfMedia
LogPluginManager: Mounting plugin TcpMessaging
LogPluginManager: Mounting plugin UdpMessaging
LogPluginManager: Mounting plugin ActorSequence
LogPluginManager: Mounting plugin LevelSequenceEditor
LogPluginManager: Mounting plugin MatineeToLevelSequence
LogPluginManager: Mounting plugin NetcodeUnitTest
LogPluginManager: Mounting plugin NUTUnrealEngine4
LogPluginManager: Mounting plugin OnlineSubsystemGooglePlay
LogPluginManager: Mounting plugin OnlineSubsystemIOS
LogPluginManager: Mounting plugin OnlineSubsystem
LogPluginManager: Mounting plugin OnlineSubsystemNull
LogPluginManager: Mounting plugin OnlineSubsystemUtils
LogPluginManager: Mounting plugin LauncherChunkInstaller
LogPluginManager: Mounting plugin AndroidDeviceProfileSelector
LogPluginManager: Mounting plugin AndroidMoviePlayer
LogPluginManager: Mounting plugin AndroidPermission
LogPluginManager: Mounting plugin AppleMoviePlayer
LogPluginManager: Mounting plugin ArchVisCharacter
LogPluginManager: Mounting plugin AudioCapture
LogPluginManager: Mounting plugin CableComponent
LogPluginManager: Mounting plugin CustomMeshComponent
LogPluginManager: Mounting plugin EditableMesh
LogPluginManager: Mounting plugin ExampleDeviceProfileSelector
LogPluginManager: Mounting plugin Firebase
LogPluginManager: Mounting plugin GoogleCloudMessaging
LogPluginManager: Mounting plugin IOSDeviceProfileSelector
LogPluginManager: Mounting plugin LinuxDeviceProfileSelector
LogPluginManager: Mounting plugin LocationServicesBPLibrary
LogPluginManager: Mounting plugin MobilePatchingUtils
LogPluginManager: Mounting plugin OculusVR
LogPluginManager: Mounting plugin PhysXVehicles
LogPluginManager: Mounting plugin ProceduralMeshComponent
LogPluginManager: Mounting plugin RuntimePhysXCooking
LogPluginManager: Mounting plugin SteamVR
LogPluginManager: Mounting plugin WebMMoviePlayer
LogPluginManager: Mounting plugin WindowsMoviePlayer
LogStreaming: Display: Took  0.154s to configure plugins.
LogMagicLeapAPISetup: Display: Dll loaded: C:\Users\nicks\MagicLeap\mlsdk\v0.19.0/lib/win64/ml_perception_client.dll
LogMagicLeapAPISetup: Display: Dll loaded: C:\Users\nicks\MagicLeap\mlsdk\v0.19.0/VirtualDevice/lib/ml_perception_client.dll
LogMagicLeapAPISetup: Display: Dll loaded: C:\Users\nicks\MagicLeap\mlsdk\v0.19.0/VirtualDevice/lib/ml_graphics.dll
LogMagicLeapAPISetup: Display: Dll loaded: C:\Users\nicks\MagicLeap\mlsdk\v0.19.0/VirtualDevice/lib/ml_lifecycle.dll
LogWindows: Failed to load 'C:\Users\nicks\MagicLeap\mlsdk\v0.19.0/VirtualDevice/lib/ml_privileges.dll' (GetLastError=126)
LogWindows: File 'C:\Users\nicks\MagicLeap\mlsdk\v0.19.0/VirtualDevice/lib/ml_privileges.dll' does not exist
LogWindows: Failed to load 'C:\Users\nicks\MagicLeap\mlsdk\v0.19.0/VirtualDevice/bin/ml_privileges.dll' (GetLastError=126)
LogWindows: File 'C:\Users\nicks\MagicLeap\mlsdk\v0.19.0/VirtualDevice/bin/ml_privileges.dll' does not exist
LogMagicLeapAPISetup: Display: Dll loaded: C:\Users\nicks\MagicLeap\mlsdk\v0.19.0/lib/win64/ml_privileges.dll
LogMagicLeapAPISetup: Display: Dll loaded: C:\Users\nicks\MagicLeap\mlsdk\v0.19.0/VirtualDevice/lib/ml_remote.dll
LogMagicLeap: ML VDZI mode enabled. Using Vulkan renderer.
LogMagicLeapAPISetup: Display: Dll loaded: C:\Users\nicks\MagicLeap\mlsdk\v0.19.0/VirtualDevice/lib/ml_input.dll
LogMagicLeapAPISetup: Display: Dll loaded: C:\Users\nicks\MagicLeap\mlsdk\v0.19.0/lib/win64/ml_secure_storage.dll
LogMagicLeapAPISetup: Display: Dll loaded: C:\Users\nicks\MagicLeap\mlsdk\v0.19.0/lib/win64/ml_identity.dll
LogInit: Using libcurl 7.55.1-DEV
LogInit:  - built for x86_64-pc-win32
LogInit:  - supports SSL with OpenSSL/1.0.2h
LogInit:  - supports HTTP deflate (compression) using libz 1.2.8
LogInit:  - other features:
LogInit:      CURL_VERSION_SSL
LogInit:      CURL_VERSION_LIBZ
LogInit:      CURL_VERSION_IPV6
LogInit:      CURL_VERSION_ASYNCHDNS
LogInit:      CURL_VERSION_LARGEFILE
LogInit:      CURL_VERSION_IDN
LogInit:  CurlRequestOptions (configurable via config and command line):
LogInit:  - bVerifyPeer = true  - Libcurl will verify peer certificate
LogInit:  - bUseHttpProxy = false  - Libcurl will NOT use HTTP proxy
LogInit:  - bDontReuseConnections = false  - Libcurl will reuse connections
LogInit:  - MaxHostConnections = 16  - Libcurl will limit the number of connections to a host
LogInit:  - LocalHostAddr = Default
LogInit:  - BufferSize = 65536
LogInit: WinSock: version 1.1 (2.2), MaxSocks=32767, MaxUdp=65467
LogInit: Build: UE4-CL-0
LogInit: Engine Version: 4.22.0-0+UE4
LogInit: Compatible Engine Version: 4.22.0-0+UE4
LogInit: Net CL: 0
LogInit: OS: Windows 10 (), CPU: Intel(R) Core(TM) i7-8750H CPU @ 2.20GHz, GPU: NVIDIA GeForce GTX 1070
LogInit: Compiled (64-bit): Jan 18 2019 10:53:56
LogInit: Compiled with Visual C++: 19.16.27026.01
LogInit: Build Configuration: Development
LogInit: Branch Name: UE4
LogInit: Command Line:  -vulkan 
LogInit: Base Directory: C:/Users/nicks/Downloads/mlsdk-019/mlsdk019/Engine/Binaries/Win64/
LogInit: Installed Engine Build: 0
LogDevObjectVersion: Number of dev versions registered: 22
LogDevObjectVersion:   Dev-Blueprints (B0D832E4-1F89-4F0D-ACCF-7EB736FD4AA2): 10
LogDevObjectVersion:   Dev-Build (E1C64328-A22C-4D53-A36C-8E866417BD8C): 0
LogDevObjectVersion:   Dev-Core (375EC13C-06E4-48FB-B500-84F0262A717E): 2
LogDevObjectVersion:   Dev-Editor (E4B068ED-F494-42E9-A231-DA0B2E46BB41): 26
LogDevObjectVersion:   Dev-Framework (CFFC743F-43B0-4480-9391-14DF171D2073): 34
LogDevObjectVersion:   Dev-Mobile (B02B49B5-BB20-44E9-A304-32B752E40360): 2
LogDevObjectVersion:   Dev-Networking (A4E4105C-59A1-49B5-A7C5-40C4547EDFEE): 0
LogDevObjectVersion:   Dev-Online (39C831C9-5AE6-47DC-9A44-9C173E1C8E7C): 0
LogDevObjectVersion:   Dev-Physics (78F01B33-EBEA-4F98-B9B4-84EACCB95AA2): 0
LogDevObjectVersion:   Dev-Platform (6631380F-2D4D-43E0-8009-CF276956A95A): 0
LogDevObjectVersion:   Dev-Rendering (12F88B9F-8875-4AFC-A67C-D90C383ABD29): 27
LogDevObjectVersion:   Dev-Sequencer (7B5AE74C-D270-4C10-A958-57980B212A5A): 9
LogDevObjectVersion:   Dev-VR (D7296918-1DD6-4BDD-9DE2-64A83CC13884): 2
LogDevObjectVersion:   Dev-LoadTimes (C2A15278-BFE7-4AFE-6C17-90FF531DF755): 1
LogDevObjectVersion:   Private-Geometry (6EACA3D4-40EC-4CC1-B786-8BED09428FC5): 3
LogDevObjectVersion:   Dev-AnimPhys (29E575DD-E0A3-4627-9D10-D276232CDCEA): 17
LogDevObjectVersion:   Dev-Anim (AF43A65D-7FD3-4947-9873-3E8ED9C1BB05): 2
LogDevObjectVersion:   Dev-ReflectionCapture (6B266CEC-1EC7-4B8F-A30B-E4D90942FC07): 1
LogDevObjectVersion:   Dev-Automation (0DF73D61-A23F-47EA-B727-89E90C41499A): 1
LogDevObjectVersion:   FortniteMain (601D1886-AC64-4F84-AA16-D3DE0DEAC7D6): 17
LogDevObjectVersion:   Dev-Enterprise (9DFFBCD6-494F-0158-E221-12823C92A888): 4
LogDevObjectVersion:   Dev-Niagara (F2AED0AC-9AFE-416F-8664-AA7FFA26D6FC): 1
LogStreaming: Display: Took  0.002s to delete old logs.
LogInit: Presizing for max 8388607 objects, including 0 objects not considered by GC, pre-allocating 0 bytes for permanent pool.
LogInit: Object subsystem initialized
LogConfig: Setting CVar [[con.DebugEarlyDefault:1]]
LogConfig: Setting CVar [[r.setres:1280x720]]
[2019.01.18-20.51.20:795][  0]LogConfig: Setting CVar [[r.VSync:0]]
[2019.01.18-20.51.20:795][  0]LogConfig: Setting CVar [[r.RHICmdBypass:0]]
[2019.01.18-20.51.20:795][  0]LogConfig: Applying CVar settings from Section [/Script/Engine.RendererSettings] File [C:/Users/nicks/Documents/Unreal Projects/XRT 4.22/Saved/Config/Windows/Engine.ini]
[2019.01.18-20.51.20:795][  0]LogConfig: Setting CVar [[r.GPUCrashDebugging:0]]
[2019.01.18-20.51.20:795][  0]LogConfig: Setting CVar [[r.DefaultFeature.MotionBlur:0]]
[2019.01.18-20.51.20:795][  0]LogConfig: Setting CVar [[r.DefaultFeature.AutoExposure:0]]
[2019.01.18-20.51.20:795][  0]LogConfig: Setting CVar [[r.DefaultFeature.AmbientOcclusionStaticFraction:1]]
[2019.01.18-20.51.20:795][  0]LogConfig: Setting CVar [[r.DefaultFeature.Bloom:1]]
[2019.01.18-20.51.20:795][  0]LogConfig: Setting CVar [[r.DefaultFeature.AmbientOcclusion:1]]
[2019.01.18-20.51.20:795][  0]LogConfig: Setting CVar [[r.CustomDepth:1]]
[2019.01.18-20.51.20:795][  0]LogConfig: Setting CVar [[r.DBuffer:1]]
[2019.01.18-20.51.20:795][  0]LogConfig: Setting CVar [[r.EarlyZPassMovable:1]]
[2019.01.18-20.51.20:795][  0]LogConfig: Applying CVar settings from Section [/Script/Engine.RendererOverrideSettings] File [C:/Users/nicks/Documents/Unreal Projects/XRT 4.22/Saved/Config/Windows/Engine.ini]
[2019.01.18-20.51.20:795][  0]LogConfig: Applying CVar settings from Section [/Script/Engine.StreamingSettings] File [C:/Users/nicks/Documents/Unreal Projects/XRT 4.22/Saved/Config/Windows/Engine.ini]
[2019.01.18-20.51.20:795][  0]LogConfig: Setting CVar [[s.MinBulkDataSizeForAsyncLoading:131072]]
[2019.01.18-20.51.20:795][  0]LogConfig: Setting CVar [[s.AsyncLoadingThreadEnabled:0]]
[2019.01.18-20.51.20:795][  0]LogConfig: Setting CVar [[s.EventDrivenLoaderEnabled:1]]
[2019.01.18-20.51.20:795][  0]LogConfig: Setting CVar [[s.WarnIfTimeLimitExceeded:0]]
[2019.01.18-20.51.20:795][  0]LogConfig: Setting CVar [[s.TimeLimitExceededMultiplier:1.5]]
[2019.01.18-20.51.20:795][  0]LogConfig: Setting CVar [[s.TimeLimitExceededMinTime:0.005]]
[2019.01.18-20.51.20:795][  0]LogConfig: Setting CVar [[s.UseBackgroundLevelStreaming:1]]
[2019.01.18-20.51.20:795][  0]LogConfig: Setting CVar [[s.PriorityAsyncLoadingExtraTime:15.0]]
[2019.01.18-20.51.20:795][  0]LogConfig: Setting CVar [[s.LevelStreamingActorsUpdateTimeLimit:5.0]]
[2019.01.18-20.51.20:795][  0]LogConfig: Setting CVar [[s.PriorityLevelStreamingActorsUpdateExtraTime:5.0]]
[2019.01.18-20.51.20:795][  0]LogConfig: Setting CVar [[s.LevelStreamingComponentsRegistrationGranularity:10]]
[2019.01.18-20.51.20:795][  0]LogConfig: Setting CVar [[s.UnregisterComponentsTimeLimit:1.0]]
[2019.01.18-20.51.20:795][  0]LogConfig: Setting CVar [[s.LevelStreamingComponentsUnregistrationGranularity:5]]
[2019.01.18-20.51.20:796][  0]LogConfig: Applying CVar settings from Section [/Script/Engine.GarbageCollectionSettings] File [C:/Users/nicks/Documents/Unreal Projects/XRT 4.22/Saved/Config/Windows/Engine.ini]
[2019.01.18-20.51.20:796][  0]LogConfig: Setting CVar [[gc.MaxObjectsNotConsideredByGC:1]]
[2019.01.18-20.51.20:796][  0]LogConfig: Setting CVar [[gc.SizeOfPermanentObjectPool:0]]
[2019.01.18-20.51.20:796][  0]LogConfig: Setting CVar [[gc.FlushStreamingOnGC:0]]
[2019.01.18-20.51.20:796][  0]LogConfig: Setting CVar [[gc.NumRetriesBeforeForcingGC:10]]
[2019.01.18-20.51.20:796][  0]LogConfig: Setting CVar [[gc.AllowParallelGC:1]]
[2019.01.18-20.51.20:796][  0]LogConfig: Setting CVar [[gc.TimeBetweenPurgingPendingKillObjects:61.1]]
[2019.01.18-20.51.20:796][  0]LogConfig: Setting CVar [[gc.MaxObjectsInEditor:8388607]]
[2019.01.18-20.51.20:796][  0]LogConfig: Setting CVar [[gc.IncrementalBeginDestroyEnabled:1]]
[2019.01.18-20.51.20:796][  0]LogConfig: Setting CVar [[gc.CreateGCClusters:1]]
[2019.01.18-20.51.20:796][  0]LogConfig: Setting CVar [[gc.MergeGCClusters:0]]
[2019.01.18-20.51.20:796][  0]LogConfig: Setting CVar [[gc.MinGCClusterSize:5]]
[2019.01.18-20.51.20:796][  0]LogConfig: Setting CVar [[gc.ActorClusteringEnabled:0]]
[2019.01.18-20.51.20:796][  0]LogConfig: Setting CVar [[gc.BlueprintClusteringEnabled:0]]
[2019.01.18-20.51.20:796][  0]LogConfig: Setting CVar [[gc.UseDisregardForGCOnDedicatedServers:0]]
[2019.01.18-20.51.20:796][  0]LogConfig: Applying CVar settings from Section [/Script/Engine.NetworkSettings] File [C:/Users/nicks/Documents/Unreal Projects/XRT 4.22/Saved/Config/Windows/Engine.ini]
[2019.01.18-20.51.20:796][  0]LogConfig: Applying CVar settings from Section [/Script/UnrealEd.CookerSettings] File [C:/Users/nicks/Documents/Unreal Projects/XRT 4.22/Saved/Config/Windows/Engine.ini]
[2019.01.18-20.51.20:802][  0]LogConfig: Applying CVar settings from Section [ViewDistanceQuality@3] File [C:/Users/nicks/Documents/Unreal Projects/XRT 4.22/Saved/Config/Windows/Scalability.ini]
[2019.01.18-20.51.20:802][  0]LogConfig: Setting CVar [[r.SkeletalMeshLODBias:0]]
[2019.01.18-20.51.20:802][  0]LogConfig: Setting CVar [[r.ViewDistanceScale:1.0]]
[2019.01.18-20.51.20:802][  0]LogConfig: Applying CVar settings from Section [AntiAliasingQuality@3] File [C:/Users/nicks/Documents/Unreal Projects/XRT 4.22/Saved/Config/Windows/Scalability.ini]
[2019.01.18-20.51.20:802][  0]LogConfig: Setting CVar [[r.PostProcessAAQuality:4]]
[2019.01.18-20.51.20:802][  0]LogConfig: Applying CVar settings from Section [ShadowQuality@3] File [C:/Users/nicks/Documents/Unreal Projects/XRT 4.22/Saved/Config/Windows/Scalability.ini]
[2019.01.18-20.51.20:802][  0]LogConfig: Setting CVar [[r.LightFunctionQuality:1]]
[2019.01.18-20.51.20:802][  0]LogConfig: Setting CVar [[r.ShadowQuality:5]]
[2019.01.18-20.51.20:802][  0]LogConfig: Setting CVar [[r.Shadow.CSM.MaxCascades:10]]
[2019.01.18-20.51.20:802][  0]LogConfig: Setting CVar [[r.Shadow.MaxResolution:2048]]
[2019.01.18-20.51.20:802][  0]LogConfig: Setting CVar [[r.Shadow.MaxCSMResolution:2048]]
[2019.01.18-20.51.20:802][  0]LogConfig: Setting CVar [[r.Shadow.RadiusThreshold:0.01]]
[2019.01.18-20.51.20:802][  0]LogConfig: Setting CVar [[r.Shadow.DistanceScale:1.0]]
[2019.01.18-20.51.20:802][  0]LogConfig: Setting CVar [[r.Shadow.CSM.TransitionScale:1.0]]
[2019.01.18-20.51.20:802][  0]LogConfig: Setting CVar [[r.Shadow.PreShadowResolutionFactor:1.0]]
[2019.01.18-20.51.20:802][  0]LogConfig: Setting CVar [[r.DistanceFieldShadowing:1]]
[2019.01.18-20.51.20:802][  0]LogConfig: Setting CVar [[r.DistanceFieldAO:1]]
[2019.01.18-20.51.20:802][  0]LogConfig: Setting CVar [[r.AOQuality:2]]
[2019.01.18-20.51.20:802][  0]LogConfig: Setting CVar [[r.VolumetricFog:1]]
[2019.01.18-20.51.20:802][  0]LogConfig: Setting CVar [[r.VolumetricFog.GridPixelSize:8]]
[2019.01.18-20.51.20:802][  0]LogConfig: Setting CVar [[r.VolumetricFog.GridSizeZ:128]]
[2019.01.18-20.51.20:802][  0]LogConfig: Setting CVar [[r.VolumetricFog.HistoryMissSupersampleCount:4]]
[2019.01.18-20.51.20:802][  0]LogConfig: Setting CVar [[r.LightMaxDrawDistanceScale:1]]
[2019.01.18-20.51.20:802][  0]LogConfig: Setting CVar [[r.CapsuleShadows:1]]
[2019.01.18-20.51.20:802][  0]LogConfig: Applying CVar settings from Section [PostProcessQuality@3] File [C:/Users/nicks/Documents/Unreal Projects/XRT 4.22/Saved/Config/Windows/Scalability.ini]
[2019.01.18-20.51.20:802][  0]LogConfig: Setting CVar [[r.MotionBlurQuality:4]]
[2019.01.18-20.51.20:802][  0]LogConfig: Setting CVar [[r.AmbientOcclusionMipLevelFactor:0.4]]
[2019.01.18-20.51.20:802][  0]LogConfig: Setting CVar [[r.AmbientOcclusionMaxQuality:100]]
[2019.01.18-20.51.20:802][  0]LogConfig: Setting CVar [[r.AmbientOcclusionLevels:-1]]
[2019.01.18-20.51.20:802][  0]LogConfig: Setting CVar [[r.AmbientOcclusionRadiusScale:1.0]]
[2019.01.18-20.51.20:802][  0]LogConfig: Setting CVar [[r.DepthOfFieldQuality:2]]
[2019.01.18-20.51.20:802][  0]LogConfig: Setting CVar [[r.RenderTargetPoolMin:400]]
[2019.01.18-20.51.20:802][  0]LogConfig: Setting CVar [[r.LensFlareQuality:2]]
[2019.01.18-20.51.20:802][  0]LogConfig: Setting CVar [[r.SceneColorFringeQuality:1]]
[2019.01.18-20.51.20:802][  0]LogConfig: Setting CVar [[r.EyeAdaptationQuality:2]]
[2019.01.18-20.51.20:802][  0]LogConfig: Setting CVar [[r.BloomQuality:5]]
[2019.01.18-20.51.20:802][  0]LogConfig: Setting CVar [[r.FastBlurThreshold:100]]
[2019.01.18-20.51.20:802][  0]LogConfig: Setting CVar [[r.Upscale.Quality:3]]
[2019.01.18-20.51.20:802][  0]LogConfig: Setting CVar [[r.Tonemapper.GrainQuantization:1]]
[2019.01.18-20.51.20:802][  0]LogConfig: Setting CVar [[r.LightShaftQuality:1]]
[2019.01.18-20.51.20:802][  0]LogConfig: Setting CVar [[r.Filter.SizeScale:1]]
[2019.01.18-20.51.20:802][  0]LogConfig: Setting CVar [[r.Tonemapper.Quality:5]]
[2019.01.18-20.51.20:802][  0]LogConfig: Setting CVar [[r.DOF.Gather.AccumulatorQuality:1        ; higher gathering accumulator quality]]
[2019.01.18-20.51.20:802][  0]LogConfig: Setting CVar [[r.DOF.Gather.PostfilterMethod:1          ; Median3x3 postfilering method]]
[2019.01.18-20.51.20:802][  0]LogConfig: Setting CVar [[r.DOF.Gather.EnableBokehSettings:0       ; no bokeh simulation when gathering]]
[2019.01.18-20.51.20:802][  0]LogConfig: Setting CVar [[r.DOF.Gather.RingCount:4                 ; medium number of samples when gathering]]
[2019.01.18-20.51.20:802][  0]LogConfig: Setting CVar [[r.DOF.Scatter.ForegroundCompositing:1    ; additive foreground scattering]]
[2019.01.18-20.51.20:803][  0]LogConfig: Setting CVar [[r.DOF.Scatter.BackgroundCompositing:2    ; additive background scattering]]
[2019.01.18-20.51.20:803][  0]LogConfig: Setting CVar [[r.DOF.Scatter.EnableBokehSettings:1      ; bokeh simulation when scattering]]
[2019.01.18-20.51.20:803][  0]LogConfig: Setting CVar [[r.DOF.Scatter.MaxSpriteRatio:0.1         ; only a maximum of 10% of scattered bokeh]]
[2019.01.18-20.51.20:803][  0]LogConfig: Setting CVar [[r.DOF.Recombine.Quality:1                ; cheap slight out of focus]]
[2019.01.18-20.51.20:803][  0]LogConfig: Setting CVar [[r.DOF.Recombine.EnableBokehSettings:0    ; no bokeh simulation on slight out of focus]]
[2019.01.18-20.51.20:803][  0]LogConfig: Setting CVar [[r.DOF.TemporalAAQuality:1                ; more stable temporal accumulation]]
[2019.01.18-20.51.20:803][  0]LogConfig: Setting CVar [[r.DOF.Kernel.MaxForegroundRadius:0.025]]
[2019.01.18-20.51.20:803][  0]LogConfig: Setting CVar [[r.DOF.Kernel.MaxBackgroundRadius:0.025]]
[2019.01.18-20.51.20:803][  0]LogConfig: Applying CVar settings from Section [TextureQuality@3] File [C:/Users/nicks/Documents/Unreal Projects/XRT 4.22/Saved/Config/Windows/Scalability.ini]
[2019.01.18-20.51.20:803][  0]LogConfig: Setting CVar [[r.Streaming.MipBias:0]]
[2019.01.18-20.51.20:803][  0]LogConfig: Setting CVar [[r.Streaming.AmortizeCPUToGPUCopy:0]]
[2019.01.18-20.51.20:803][  0]LogConfig: Setting CVar [[r.Streaming.MaxNumTexturesToStreamPerFrame:0]]
[2019.01.18-20.51.20:803][  0]LogConfig: Setting CVar [[r.Streaming.Boost:1]]
[2019.01.18-20.51.20:803][  0]LogConfig: Setting CVar [[r.MaxAnisotropy:8]]
[2019.01.18-20.51.20:803][  0]LogConfig: Setting CVar [[r.Streaming.LimitPoolSizeToVRAM:0]]
[2019.01.18-20.51.20:803][  0]LogConfig: Setting CVar [[r.Streaming.PoolSize:1000]]
[2019.01.18-20.51.20:803][  0]LogConfig: Setting CVar [[r.Streaming.MaxEffectiveScreenSize:0]]
[2019.01.18-20.51.20:803][  0]LogConfig: Applying CVar settings from Section [EffectsQuality@3] File [C:/Users/nicks/Documents/Unreal Projects/XRT 4.22/Saved/Config/Windows/Scalability.ini]
[2019.01.18-20.51.20:803][  0]LogConfig: Setting CVar [[r.TranslucencyLightingVolumeDim:64]]
[2019.01.18-20.51.20:803][  0]LogConfig: Setting CVar [[r.RefractionQuality:2]]
[2019.01.18-20.51.20:803][  0]LogConfig: Setting CVar [[r.SSR.Quality:3]]
[2019.01.18-20.51.20:803][  0]LogConfig: Setting CVar [[r.SceneColorFormat:4]]
[2019.01.18-20.51.20:803][  0]LogConfig: Setting CVar [[r.DetailMode:2]]
[2019.01.18-20.51.20:803][  0]LogConfig: Setting CVar [[r.TranslucencyVolumeBlur:1]]
[2019.01.18-20.51.20:803][  0]LogConfig: Setting CVar [[r.MaterialQualityLevel:1 ; High quality]]
[2019.01.18-20.51.20:803][  0]LogConfig: Setting CVar [[r.SSS.Scale:1]]
[2019.01.18-20.51.20:803][  0]LogConfig: Setting CVar [[r.SSS.SampleSet:2]]
[2019.01.18-20.51.20:803][  0]LogConfig: Setting CVar [[r.SSS.Quality:1]]
[2019.01.18-20.51.20:803][  0]LogConfig: Setting CVar [[r.SSS.HalfRes:1]]
[2019.01.18-20.51.20:803][  0]LogConfig: Setting CVar [[r.EmitterSpawnRateScale:1.0]]
[2019.01.18-20.51.20:803][  0]LogConfig: Setting CVar [[r.ParticleLightQuality:2]]
[2019.01.18-20.51.20:803][  0]LogConfig: Applying CVar settings from Section [FoliageQuality@3] File [C:/Users/nicks/Documents/Unreal Projects/XRT 4.22/Saved/Config/Windows/Scalability.ini]
[2019.01.18-20.51.20:803][  0]LogConfig: Setting CVar [[foliage.DensityScale:1.0]]
[2019.01.18-20.51.20:803][  0]LogConfig: Setting CVar [[grass.DensityScale:1.0]]
[2019.01.18-20.51.20:803][  0]LogInit: Selected Device Profile: [Windows]
[2019.01.18-20.51.20:803][  0]LogInit: Applying CVar settings loaded from the selected device profile: [Windows]
[2019.01.18-20.51.20:816][  0]LogHAL: Display: Platform has ~ 16 GB [17099591680 / 17179869184 / 16], which maps to Larger [LargestMinGB=32, LargerMinGB=12, DefaultMinGB=8, SmallerMinGB=6, SmallestMinGB=0)
[2019.01.18-20.51.20:816][  0]LogConfig: Setting CVar [[r.Vulkan.UseRealUBs:1]]
[2019.01.18-20.51.20:816][  0]LogInit: Going up to parent DeviceProfile []
[2019.01.18-20.51.20:816][  0]LogConfig: Applying CVar settings from Section [ViewDistanceQuality@3] File [C:/Users/nicks/Documents/Unreal Projects/XRT 4.22/Saved/Config/Windows/Scalability.ini]
[2019.01.18-20.51.20:816][  0]LogConfig: Setting CVar [[r.SkeletalMeshLODBias:0]]
[2019.01.18-20.51.20:816][  0]LogConfig: Setting CVar [[r.ViewDistanceScale:1.0]]
[2019.01.18-20.51.20:816][  0]LogConfig: Applying CVar settings from Section [AntiAliasingQuality@3] File [C:/Users/nicks/Documents/Unreal Projects/XRT 4.22/Saved/Config/Windows/Scalability.ini]
[2019.01.18-20.51.20:816][  0]LogConfig: Setting CVar [[r.PostProcessAAQuality:4]]
[2019.01.18-20.51.20:816][  0]LogConfig: Applying CVar settings from Section [ShadowQuality@3] File [C:/Users/nicks/Documents/Unreal Projects/XRT 4.22/Saved/Config/Windows/Scalability.ini]
[2019.01.18-20.51.20:816][  0]LogConfig: Setting CVar [[r.LightFunctionQuality:1]]
[2019.01.18-20.51.20:816][  0]LogConfig: Setting CVar [[r.ShadowQuality:5]]
[2019.01.18-20.51.20:816][  0]LogConfig: Setting CVar [[r.Shadow.CSM.MaxCascades:10]]
[2019.01.18-20.51.20:816][  0]LogConfig: Setting CVar [[r.Shadow.MaxResolution:2048]]
[2019.01.18-20.51.20:816][  0]LogConfig: Setting CVar [[r.Shadow.MaxCSMResolution:2048]]
[2019.01.18-20.51.20:816][  0]LogConfig: Setting CVar [[r.Shadow.RadiusThreshold:0.01]]
[2019.01.18-20.51.20:816][  0]LogConfig: Setting CVar [[r.Shadow.DistanceScale:1.0]]
[2019.01.18-20.51.20:816][  0]LogConfig: Setting CVar [[r.Shadow.CSM.TransitionScale:1.0]]
[2019.01.18-20.51.20:816][  0]LogConfig: Setting CVar [[r.Shadow.PreShadowResolutionFactor:1.0]]
[2019.01.18-20.51.20:816][  0]LogConfig: Setting CVar [[r.DistanceFieldShadowing:1]]
[2019.01.18-20.51.20:816][  0]LogConfig: Setting CVar [[r.DistanceFieldAO:1]]
[2019.01.18-20.51.20:816][  0]LogConfig: Setting CVar [[r.AOQuality:2]]
[2019.01.18-20.51.20:816][  0]LogConfig: Setting CVar [[r.VolumetricFog:1]]
[2019.01.18-20.51.20:816][  0]LogConfig: Setting CVar [[r.VolumetricFog.GridPixelSize:8]]
[2019.01.18-20.51.20:816][  0]LogConfig: Setting CVar [[r.VolumetricFog.GridSizeZ:128]]
[2019.01.18-20.51.20:816][  0]LogConfig: Setting CVar [[r.VolumetricFog.HistoryMissSupersampleCount:4]]
[2019.01.18-20.51.20:816][  0]LogConfig: Setting CVar [[r.LightMaxDrawDistanceScale:1]]
[2019.01.18-20.51.20:816][  0]LogConfig: Setting CVar [[r.CapsuleShadows:1]]
[2019.01.18-20.51.20:816][  0]LogConfig: Applying CVar settings from Section [PostProcessQuality@3] File [C:/Users/nicks/Documents/Unreal Projects/XRT 4.22/Saved/Config/Windows/Scalability.ini]
[2019.01.18-20.51.20:816][  0]LogConfig: Setting CVar [[r.MotionBlurQuality:4]]
[2019.01.18-20.51.20:816][  0]LogConfig: Setting CVar [[r.AmbientOcclusionMipLevelFactor:0.4]]
[2019.01.18-20.51.20:816][  0]LogConfig: Setting CVar [[r.AmbientOcclusionMaxQuality:100]]
[2019.01.18-20.51.20:816][  0]LogConfig: Setting CVar [[r.AmbientOcclusionLevels:-1]]
[2019.01.18-20.51.20:816][  0]LogConfig: Setting CVar [[r.AmbientOcclusionRadiusScale:1.0]]
[2019.01.18-20.51.20:816][  0]LogConfig: Setting CVar [[r.DepthOfFieldQuality:2]]
[2019.01.18-20.51.20:816][  0]LogConfig: Setting CVar [[r.RenderTargetPoolMin:400]]
[2019.01.18-20.51.20:816][  0]LogConfig: Setting CVar [[r.LensFlareQuality:2]]
[2019.01.18-20.51.20:816][  0]LogConfig: Setting CVar [[r.SceneColorFringeQuality:1]]
[2019.01.18-20.51.20:816][  0]LogConfig: Setting CVar [[r.EyeAdaptationQuality:2]]
[2019.01.18-20.51.20:817][  0]LogConfig: Setting CVar [[r.BloomQuality:5]]
[2019.01.18-20.51.20:817][  0]LogConfig: Setting CVar [[r.FastBlurThreshold:100]]
[2019.01.18-20.51.20:817][  0]LogConfig: Setting CVar [[r.Upscale.Quality:3]]
[2019.01.18-20.51.20:817][  0]LogConfig: Setting CVar [[r.Tonemapper.GrainQuantization:1]]
[2019.01.18-20.51.20:817][  0]LogConfig: Setting CVar [[r.LightShaftQuality:1]]
[2019.01.18-20.51.20:817][  0]LogConfig: Setting CVar [[r.Filter.SizeScale:1]]
[2019.01.18-20.51.20:817][  0]LogConfig: Setting CVar [[r.Tonemapper.Quality:5]]
[2019.01.18-20.51.20:817][  0]LogConfig: Setting CVar [[r.DOF.Gather.AccumulatorQuality:1        ; higher gathering accumulator quality]]
[2019.01.18-20.51.20:817][  0]LogConfig: Setting CVar [[r.DOF.Gather.PostfilterMethod:1          ; Median3x3 postfilering method]]
[2019.01.18-20.51.20:817][  0]LogConfig: Setting CVar [[r.DOF.Gather.EnableBokehSettings:0       ; no bokeh simulation when gathering]]
[2019.01.18-20.51.20:817][  0]LogConfig: Setting CVar [[r.DOF.Gather.RingCount:4                 ; medium number of samples when gathering]]
[2019.01.18-20.51.20:817][  0]LogConfig: Setting CVar [[r.DOF.Scatter.ForegroundCompositing:1    ; additive foreground scattering]]
[2019.01.18-20.51.20:817][  0]LogConfig: Setting CVar [[r.DOF.Scatter.BackgroundCompositing:2    ; additive background scattering]]
[2019.01.18-20.51.20:817][  0]LogConfig: Setting CVar [[r.DOF.Scatter.EnableBokehSettings:1      ; bokeh simulation when scattering]]
[2019.01.18-20.51.20:817][  0]LogConfig: Setting CVar [[r.DOF.Scatter.MaxSpriteRatio:0.1         ; only a maximum of 10% of scattered bokeh]]
[2019.01.18-20.51.20:817][  0]LogConfig: Setting CVar [[r.DOF.Recombine.Quality:1                ; cheap slight out of focus]]
[2019.01.18-20.51.20:817][  0]LogConfig: Setting CVar [[r.DOF.Recombine.EnableBokehSettings:0    ; no bokeh simulation on slight out of focus]]
[2019.01.18-20.51.20:817][  0]LogConfig: Setting CVar [[r.DOF.TemporalAAQuality:1                ; more stable temporal accumulation]]
[2019.01.18-20.51.20:817][  0]LogConfig: Setting CVar [[r.DOF.Kernel.MaxForegroundRadius:0.025]]
[2019.01.18-20.51.20:817][  0]LogConfig: Setting CVar [[r.DOF.Kernel.MaxBackgroundRadius:0.025]]
[2019.01.18-20.51.20:817][  0]LogConfig: Applying CVar settings from Section [TextureQuality@3] File [C:/Users/nicks/Documents/Unreal Projects/XRT 4.22/Saved/Config/Windows/Scalability.ini]
[2019.01.18-20.51.20:817][  0]LogConfig: Setting CVar [[r.Streaming.MipBias:0]]
[2019.01.18-20.51.20:817][  0]LogConfig: Setting CVar [[r.Streaming.AmortizeCPUToGPUCopy:0]]
[2019.01.18-20.51.20:817][  0]LogConfig: Setting CVar [[r.Streaming.MaxNumTexturesToStreamPerFrame:0]]
[2019.01.18-20.51.20:817][  0]LogConfig: Setting CVar [[r.Streaming.Boost:1]]
[2019.01.18-20.51.20:817][  0]LogConfig: Setting CVar [[r.MaxAnisotropy:8]]
[2019.01.18-20.51.20:817][  0]LogConfig: Setting CVar [[r.Streaming.LimitPoolSizeToVRAM:0]]
[2019.01.18-20.51.20:817][  0]LogConfig: Setting CVar [[r.Streaming.PoolSize:1000]]
[2019.01.18-20.51.20:817][  0]LogConfig: Setting CVar [[r.Streaming.MaxEffectiveScreenSize:0]]
[2019.01.18-20.51.20:817][  0]LogConfig: Applying CVar settings from Section [EffectsQuality@3] File [C:/Users/nicks/Documents/Unreal Projects/XRT 4.22/Saved/Config/Windows/Scalability.ini]
[2019.01.18-20.51.20:817][  0]LogConfig: Setting CVar [[r.TranslucencyLightingVolumeDim:64]]
[2019.01.18-20.51.20:817][  0]LogConfig: Setting CVar [[r.RefractionQuality:2]]
[2019.01.18-20.51.20:817][  0]LogConfig: Setting CVar [[r.SSR.Quality:3]]
[2019.01.18-20.51.20:817][  0]LogConfig: Setting CVar [[r.SceneColorFormat:4]]
[2019.01.18-20.51.20:817][  0]LogConfig: Setting CVar [[r.DetailMode:2]]
[2019.01.18-20.51.20:817][  0]LogConfig: Setting CVar [[r.TranslucencyVolumeBlur:1]]
[2019.01.18-20.51.20:817][  0]LogConfig: Setting CVar [[r.MaterialQualityLevel:1 ; High quality]]
[2019.01.18-20.51.20:817][  0]LogConfig: Setting CVar [[r.SSS.Scale:1]]
[2019.01.18-20.51.20:817][  0]LogConfig: Setting CVar [[r.SSS.SampleSet:2]]
[2019.01.18-20.51.20:817][  0]LogConfig: Setting CVar [[r.SSS.Quality:1]]
[2019.01.18-20.51.20:817][  0]LogConfig: Setting CVar [[r.SSS.HalfRes:1]]
[2019.01.18-20.51.20:817][  0]LogConfig: Setting CVar [[r.EmitterSpawnRateScale:1.0]]
[2019.01.18-20.51.20:817][  0]LogConfig: Setting CVar [[r.ParticleLightQuality:2]]
[2019.01.18-20.51.20:817][  0]LogConfig: Applying CVar settings from Section [FoliageQuality@3] File [C:/Users/nicks/Documents/Unreal Projects/XRT 4.22/Saved/Config/Windows/Scalability.ini]
[2019.01.18-20.51.20:817][  0]LogConfig: Setting CVar [[foliage.DensityScale:1.0]]
[2019.01.18-20.51.20:817][  0]LogConfig: Setting CVar [[grass.DensityScale:1.0]]
[2019.01.18-20.51.20:817][  0]LogConfig: Applying CVar settings from Section [Startup] File [../../../Engine/Config/ConsoleVariables.ini]
[2019.01.18-20.51.20:818][  0]LogConfig: Setting CVar [[net.UseAdaptiveNetUpdateFrequency:0]]
[2019.01.18-20.51.20:818][  0]LogConfig: Applying CVar settings from Section [ConsoleVariables] File [C:/Users/nicks/Documents/Unreal Projects/XRT 4.22/Saved/Config/Windows/Engine.ini]
[2019.01.18-20.51.20:818][  0]LogInit: Computer: LAPTOP-QBAVS0JQ
[2019.01.18-20.51.20:818][  0]LogInit: User: nicks
[2019.01.18-20.51.20:818][  0]LogInit: CPU Page size=4096, Cores=6
[2019.01.18-20.51.20:818][  0]LogInit: High frequency timer resolution =2.156254 MHz
[2019.01.18-20.51.20:819][  0]LogMemory: Memory total: Physical=15.9GB (16GB approx)
[2019.01.18-20.51.20:819][  0]LogMemory: Platform Memory Stats for Windows
[2019.01.18-20.51.20:819][  0]LogMemory: Process Physical Memory: 111.49 MB used, 111.49 MB peak
[2019.01.18-20.51.20:819][  0]LogMemory: Process Virtual Memory: 100.70 MB used, 100.70 MB peak
[2019.01.18-20.51.20:819][  0]LogMemory: Physical Memory: 14757.29 MB used,  1550.16 MB free, 16307.44 MB total
[2019.01.18-20.51.20:819][  0]LogMemory: Virtual Memory: 612.89 MB used,  134217112.00 MB free, 134217728.00 MB total
[2019.01.18-20.51.20:868][  0]LogInit: Using OS detected language (en-US).
[2019.01.18-20.51.20:868][  0]LogInit: Using OS detected locale (en-US).
[2019.01.18-20.51.20:870][  0]LogTextLocalizationManager: No specific localization for 'en-US' exists, so the 'en' localization will be used.
[2019.01.18-20.51.21:515][  0]LogStreaming: Display: Took  0.646s to InitEngineTextLocalization.
[2019.01.18-20.51.21:515][  0]LogInit: Setting process to per monitor DPI aware
[2019.01.18-20.51.21:551][  0]LogSlate: New Slate User Created.  User Index 0, Is Virtual User: 0
[2019.01.18-20.51.21:551][  0]LogSlate: Slate User Registered.  User Index 0, Is Virtual User: 0
[2019.01.18-20.51.22:116][  0]LogVulkanRHI: Display: - Found instance layer VK_LAYER_LUNARG_standard_validation
[2019.01.18-20.51.22:116][  0]LogVulkanRHI: Display: - Found instance layer VK_LAYER_NV_optimus
[2019.01.18-20.51.22:116][  0]LogVulkanRHI: Display: - Found instance extension VK_EXT_debug_report
[2019.01.18-20.51.22:116][  0]LogVulkanRHI: Display: - Found instance extension VK_EXT_debug_utils
[2019.01.18-20.51.22:116][  0]LogVulkanRHI: Display: - Found instance extension VK_EXT_display_surface_counter
[2019.01.18-20.51.22:116][  0]LogVulkanRHI: Display: - Found instance extension VK_KHR_device_group_creation
[2019.01.18-20.51.22:116][  0]LogVulkanRHI: Display: - Found instance extension VK_KHR_external_fence_capabilities
[2019.01.18-20.51.22:116][  0]LogVulkanRHI: Display: - Found instance extension VK_KHR_external_memory_capabilities
[2019.01.18-20.51.22:116][  0]LogVulkanRHI: Display: - Found instance extension VK_KHR_external_semaphore_capabilities
[2019.01.18-20.51.22:116][  0]LogVulkanRHI: Display: - Found instance extension VK_KHR_get_physical_device_properties2
[2019.01.18-20.51.22:116][  0]LogVulkanRHI: Display: - Found instance extension VK_KHR_get_surface_capabilities2
[2019.01.18-20.51.22:116][  0]LogVulkanRHI: Display: - Found instance extension VK_KHR_surface
[2019.01.18-20.51.22:116][  0]LogVulkanRHI: Display: - Found instance extension VK_KHR_win32_surface
[2019.01.18-20.51.22:116][  0]LogVulkanRHI: Display: - Found instance extension VK_NV_external_memory_capabilities
[2019.01.18-20.51.22:118][  0]LogHMD: Failed to initialize OpenVR with code 110
[2019.01.18-20.51.31:775][  0]LogStats: FPlatformStackWalk::StackWalkAndDump -  9.655 s
[2019.01.18-20.51.31:776][  0]LogOutputDevice: Error: === Handled ensure: ===
[2019.01.18-20.51.31:776][  0]LogOutputDevice: Error: 
[2019.01.18-20.51.31:778][  0]LogOutputDevice: Error: Ensure condition failed: GEngine [File:C:\Users\nicks\Downloads\mlsdk-019\mlsdk019\Engine\Source\Runtime\Engine\Private\SceneViewExtension.cpp] [Line: 24]
[2019.01.18-20.51.31:778][  0]LogOutputDevice: Error: 
[2019.01.18-20.51.31:778][  0]LogOutputDevice: Error: Stack: 
[2019.01.18-20.51.31:778][  0]LogOutputDevice: Error: [Callstack] 0x00007ffe991ef335 UE4Editor-Engine.dll!FSceneViewExtensions::RegisterExtension() [c:\users\nicks\downloads\mlsdk-019\mlsdk019\engine\source\runtime\engine\private\sceneviewextension.cpp:24]
[2019.01.18-20.51.31:778][  0]LogOutputDevice: Error: [Callstack] 0x00007ffe8eb65c40 UE4Editor-SteamVR.dll!FSceneViewExtensions::NewExtension<FSteamVRHMD,FSteamVRPlugin *>() [c:\users\nicks\downloads\mlsdk-019\mlsdk019\engine\source\runtime\engine\public\sceneviewextension.h:188]
[2019.01.18-20.51.31:778][  0]LogOutputDevice: Error: [Callstack] 0x00007ffe8eb7b51f UE4Editor-SteamVR.dll!FSteamVRPlugin::GetVulkanExtensions() [c:\users\nicks\downloads\mlsdk-019\mlsdk019\engine\plugins\runtime\steam\steamvr\source\steamvr\private\steamvrhmd.cpp:349]
[2019.01.18-20.51.31:778][  0]LogOutputDevice: Error: [Callstack] 0x00007ffe8fc43c62 UE4Editor-VulkanRHI.dll!FVulkanDynamicRHI::GetInstanceLayersAndExtensions() [c:\users\nicks\downloads\mlsdk-019\mlsdk019\engine\source\runtime\vulkanrhi\private\vulkanlayers.cpp:377]
[2019.01.18-20.51.31:778][  0]LogOutputDevice: Error: [Callstack] 0x00007ffe8fc8fdbe UE4Editor-VulkanRHI.dll!FVulkanDynamicRHI::CreateInstance() [c:\users\nicks\downloads\mlsdk-019\mlsdk019\engine\source\runtime\vulkanrhi\private\vulkanrhi.cpp:338]
[2019.01.18-20.51.31:778][  0]LogOutputDevice: Error: [Callstack] 0x00007ffe8fc985d9 UE4Editor-VulkanRHI.dll!FVulkanDynamicRHI::InitInstance() [c:\users\nicks\downloads\mlsdk-019\mlsdk019\engine\source\runtime\vulkanrhi\private\vulkanrhi.cpp:614]
[2019.01.18-20.51.31:778][  0]LogOutputDevice: Error: [Callstack] 0x00007ffe8fc981e0 UE4Editor-VulkanRHI.dll!FVulkanDynamicRHI::Init() [c:\users\nicks\downloads\mlsdk-019\mlsdk019\engine\source\runtime\vulkanrhi\private\vulkanrhi.cpp:188]
[2019.01.18-20.51.31:778][  0]LogOutputDevice: Error: [Callstack] 0x00007ffebb1f7fe3 UE4Editor-RHI.dll!RHIInit() [c:\users\nicks\downloads\mlsdk-019\mlsdk019\engine\source\runtime\rhi\private\dynamicrhi.cpp:203]
[2019.01.18-20.51.31:778][  0]LogOutputDevice: Error: [Callstack] 0x00007ff66d48c098 UE4Editor.exe!FEngineLoop::PreInit() [c:\users\nicks\downloads\mlsdk-019\mlsdk019\engine\source\runtime\launch\private\launchengineloop.cpp:1906]
[2019.01.18-20.51.31:778][  0]LogOutputDevice: Error: [Callstack] 0x00007ff66d484b82 UE4Editor.exe!GuardedMain() [c:\users\nicks\downloads\mlsdk-019\mlsdk019\engine\source\runtime\launch\private\launch.cpp:135]
[2019.01.18-20.51.31:778][  0]LogOutputDevice: Error: [Callstack] 0x00007ff66d484dca UE4Editor.exe!GuardedMainWrapper() [c:\users\nicks\downloads\mlsdk-019\mlsdk019\engine\source\runtime\launch\private\windows\launchwindows.cpp:145]
[2019.01.18-20.51.31:778][  0]LogOutputDevice: Error: [Callstack] 0x00007ff66d493b4a UE4Editor.exe!WinMain() [c:\users\nicks\downloads\mlsdk-019\mlsdk019\engine\source\runtime\launch\private\windows\launchwindows.cpp:276]
[2019.01.18-20.51.31:778][  0]LogOutputDevice: Error: [Callstack] 0x00007ff66d4957f2 UE4Editor.exe!__scrt_common_main_seh() [d:\agent\_work\1\s\src\vctools\crt\vcstartup\src\startup\exe_common.inl:288]
[2019.01.18-20.51.31:778][  0]LogOutputDevice: Error: [Callstack] 0x00007ffeeb051fe4 KERNEL32.DLL!UnknownFunction []
[2019.01.18-20.51.31:778][  0]LogOutputDevice: Error: [Callstack] 0x00007ffeed78cb81 ntdll.dll!UnknownFunction []
[2019.01.18-20.51.31:778][  0]LogOutputDevice: Error: 
[2019.01.18-20.51.31:790][  0]LogStats:                SubmitErrorReport -  0.000 s
[2019.01.18-20.51.32:427][  0]LogWindows: Warning: CreateProc failed: The system cannot find the file specified. (0x00000002)
[2019.01.18-20.51.32:427][  0]LogWindows: Warning: URL: ../../../Engine/Binaries/Win64/CrashReportClient.exe "C:/Users/nicks/Documents/Unreal Projects/XRT 4.22/Saved/Crashes/UE4CC-Windows-6812E7FB4ED41677E525C59467C75313_0000" -Unattended -AppName=UE4-Unreal -CrashGUID=UE4CC-Windows-6812E7FB4ED41677E525C59467C75313_0000 -DebugSymbols=..\..\..\Engine\Intermediate\Symbols
[2019.01.18-20.51.32:427][  0]LogStats:                    SendNewReport -  0.638 s
[2019.01.18-20.51.32:427][  0]LogStats:             FDebug::EnsureFailed - 10.309 s
[2019.01.18-20.51.32:428][  0]LogVulkanRHI: Display: Not using instance layers
[2019.01.18-20.51.32:429][  0]LogVulkanRHI: Display: Using instance extensions
[2019.01.18-20.51.32:429][  0]LogVulkanRHI: Display: * VK_KHR_surface
[2019.01.18-20.51.32:429][  0]LogVulkanRHI: Display: * VK_KHR_win32_surface
[2019.01.18-20.51.32:429][  0]LogVulkanRHI: Display: * VK_KHR_external_memory_capabilities
[2019.01.18-20.51.32:429][  0]LogVulkanRHI: Display: * VK_KHR_get_physical_device_properties2
[2019.01.18-20.51.32:724][  0]LogRHI: Warning: Failed to find entry point for vkCmdSetCheckpointNV
[2019.01.18-20.51.32:724][  0]LogRHI: Warning: Failed to find entry point for vkGetQueueCheckpointDataNV
[2019.01.18-20.51.32:725][  0]LogRHI: Display: Setting GPU Capture Options: 1
[2019.01.18-20.51.32:725][  0]LogRHI: Display: Toggling draw events: 1
[2019.01.18-20.51.32:725][  0]LogRHI: Display: Toggling showmaterialdrawevents: 1
[2019.01.18-20.51.32:725][  0]LogRHI: Display: Toggling rhi bypass: 1
[2019.01.18-20.51.32:727][  0]LogHMD: Failed to initialize OpenVR with code 110
[2019.01.18-20.51.32:727][  0]LogVulkanRHI: Display: Found 1 device(s)
[2019.01.18-20.51.32:727][  0]LogVulkanRHI: Display: Device 0: GeForce GTX 1070
[2019.01.18-20.51.32:727][  0]LogVulkanRHI: Display: - API 0x401046 Driver 0x63c60000 VendorId 0x10de
[2019.01.18-20.51.32:727][  0]LogVulkanRHI: Display: - DeviceID 0x1ba1 Type Discrete GPU
[2019.01.18-20.51.32:727][  0]LogVulkanRHI: Display: - Max Descriptor Sets Bound 8 Timestamps 1
[2019.01.18-20.51.32:727][  0]LogVulkanRHI: Display: Using Device 0: Geometry 1 Tessellation 1
[2019.01.18-20.51.32:729][  0]LogVulkanRHI: Display: - Found device layer VK_LAYER_NV_optimus
[2019.01.18-20.51.32:729][  0]LogVulkanRHI: Display: - Found device extension VK_EXT_blend_operation_advanced
[2019.01.18-20.51.32:729][  0]LogVulkanRHI: Display: - Found device extension VK_EXT_conservative_rasterization
[2019.01.18-20.51.32:729][  0]LogVulkanRHI: Display: - Found device extension VK_EXT_depth_range_unrestricted
[2019.01.18-20.51.32:729][  0]LogVulkanRHI: Display: - Found device extension VK_EXT_discard_rectangles
[2019.01.18-20.51.32:729][  0]LogVulkanRHI: Display: - Found device extension VK_EXT_post_depth_coverage
[2019.01.18-20.51.32:729][  0]LogVulkanRHI: Display: - Found device extension VK_EXT_sample_locations
[2019.01.18-20.51.32:729][  0]LogVulkanRHI: Display: - Found device extension VK_EXT_sampler_filter_minmax
[2019.01.18-20.51.32:729][  0]LogVulkanRHI: Display: - Found device extension VK_EXT_shader_subgroup_ballot
[2019.01.18-20.51.32:729][  0]LogVulkanRHI: Display: - Found device extension VK_EXT_shader_subgroup_vote
[2019.01.18-20.51.32:729][  0]LogVulkanRHI: Display: - Found device extension VK_EXT_shader_viewport_index_layer
[2019.01.18-20.51.32:729][  0]LogVulkanRHI: Display: - Found device extension VK_EXT_vertex_attribute_divisor
[2019.01.18-20.51.32:729][  0]LogVulkanRHI: Display: - Found device extension VK_KHR_16bit_storage
[2019.01.18-20.51.32:729][  0]LogVulkanRHI: Display: - Found device extension VK_KHR_bind_memory2
[2019.01.18-20.51.32:729][  0]LogVulkanRHI: Display: - Found device extension VK_KHR_dedicated_allocation
[2019.01.18-20.51.32:729][  0]LogVulkanRHI: Display: - Found device extension VK_KHR_descriptor_update_template
[2019.01.18-20.51.32:729][  0]LogVulkanRHI: Display: - Found device extension VK_KHR_device_group
[2019.01.18-20.51.32:729][  0]LogVulkanRHI: Display: - Found device extension VK_KHR_external_fence
[2019.01.18-20.51.32:729][  0]LogVulkanRHI: Display: - Found device extension VK_KHR_external_fence_win32
[2019.01.18-20.51.32:729][  0]LogVulkanRHI: Display: - Found device extension VK_KHR_external_memory
[2019.01.18-20.51.32:729][  0]LogVulkanRHI: Display: - Found device extension VK_KHR_external_memory_win32
[2019.01.18-20.51.32:729][  0]LogVulkanRHI: Display: - Found device extension VK_KHR_external_semaphore
[2019.01.18-20.51.32:729][  0]LogVulkanRHI: Display: - Found device extension VK_KHR_external_semaphore_win32
[2019.01.18-20.51.32:729][  0]LogVulkanRHI: Display: - Found device extension VK_KHR_get_memory_requirements2
[2019.01.18-20.51.32:729][  0]LogVulkanRHI: Display: - Found device extension VK_KHR_image_format_list
[2019.01.18-20.51.32:729][  0]LogVulkanRHI: Display: - Found device extension VK_KHR_maintenance1
[2019.01.18-20.51.32:729][  0]LogVulkanRHI: Display: - Found device extension VK_KHR_maintenance2
[2019.01.18-20.51.32:729][  0]LogVulkanRHI: Display: - Found device extension VK_KHR_maintenance3
[2019.01.18-20.51.32:729][  0]LogVulkanRHI: Display: - Found device extension VK_KHR_multiview
[2019.01.18-20.51.32:729][  0]LogVulkanRHI: Display: - Found device extension VK_KHR_push_descriptor
[2019.01.18-20.51.32:729][  0]LogVulkanRHI: Display: - Found device extension VK_KHR_relaxed_block_layout
[2019.01.18-20.51.32:729][  0]LogVulkanRHI: Display: - Found device extension VK_KHR_sampler_mirror_clamp_to_edge
[2019.01.18-20.51.32:730][  0]LogVulkanRHI: Display: - Found device extension VK_KHR_sampler_ycbcr_conversion
[2019.01.18-20.51.32:730][  0]LogVulkanRHI: Display: - Found device extension VK_KHR_shader_draw_parameters
[2019.01.18-20.51.32:730][  0]LogVulkanRHI: Display: - Found device extension VK_KHR_storage_buffer_storage_class
[2019.01.18-20.51.32:730][  0]LogVulkanRHI: Display: - Found device extension VK_KHR_swapchain
[2019.01.18-20.51.32:730][  0]LogVulkanRHI: Display: - Found device extension VK_KHR_variable_pointers
[2019.01.18-20.51.32:730][  0]LogVulkanRHI: Display: - Found device extension VK_KHR_win32_keyed_mutex
[2019.01.18-20.51.32:730][  0]LogVulkanRHI: Display: - Found device extension VK_KHX_device_group
[2019.01.18-20.51.32:730][  0]LogVulkanRHI: Display: - Found device extension VK_KHX_multiview
[2019.01.18-20.51.32:730][  0]LogVulkanRHI: Display: - Found device extension VK_NV_clip_space_w_scaling
[2019.01.18-20.51.32:730][  0]LogVulkanRHI: Display: - Found device extension VK_NV_dedicated_allocation
[2019.01.18-20.51.32:730][  0]LogVulkanRHI: Display: - Found device extension VK_NV_external_memory
[2019.01.18-20.51.32:730][  0]LogVulkanRHI: Display: - Found device extension VK_NV_external_memory_win32
[2019.01.18-20.51.32:730][  0]LogVulkanRHI: Display: - Found device extension VK_NV_fill_rectangle
[2019.01.18-20.51.32:730][  0]LogVulkanRHI: Display: - Found device extension VK_NV_fragment_coverage_to_color
[2019.01.18-20.51.32:730][  0]LogVulkanRHI: Display: - Found device extension VK_NV_framebuffer_mixed_samples
[2019.01.18-20.51.32:730][  0]LogVulkanRHI: Display: - Found device extension VK_NV_geometry_shader_passthrough
[2019.01.18-20.51.32:730][  0]LogVulkanRHI: Display: - Found device extension VK_NV_glsl_shader
[2019.01.18-20.51.32:730][  0]LogVulkanRHI: Display: - Found device extension VK_NV_sample_mask_override_coverage
[2019.01.18-20.51.32:730][  0]LogVulkanRHI: Display: - Found device extension VK_NV_viewport_array2
[2019.01.18-20.51.32:730][  0]LogVulkanRHI: Display: - Found device extension VK_NV_viewport_swizzle
[2019.01.18-20.51.32:730][  0]LogVulkanRHI: Display: - Found device extension VK_NV_win32_keyed_mutex
[2019.01.18-20.51.32:730][  0]LogVulkanRHI: Display: - Found device extension VK_NVX_device_generated_commands
[2019.01.18-20.51.32:730][  0]LogVulkanRHI: Display: - Found device extension VK_NVX_multiview_per_view_attributes
[2019.01.18-20.51.32:730][  0]LogVulkanRHI: Display: Using device extensions
[2019.01.18-20.51.32:730][  0]LogVulkanRHI: Display: * VK_KHR_swapchain
[2019.01.18-20.51.32:730][  0]LogVulkanRHI: Display: * VK_KHR_maintenance1
[2019.01.18-20.51.32:730][  0]LogVulkanRHI: Display: * VK_KHR_maintenance2
[2019.01.18-20.51.32:730][  0]LogVulkanRHI: Display: * VK_KHR_sampler_mirror_clamp_to_edge
[2019.01.18-20.51.32:730][  0]LogVulkanRHI: Display: Found 3 Queue Families
[2019.01.18-20.51.32:730][  0]LogVulkanRHI: Display: Initializing Queue Family 0: 16 queues Gfx Compute Xfer Sparse
[2019.01.18-20.51.32:730][  0]LogVulkanRHI: Display: Initializing Queue Family 1: 1 queues Xfer
[2019.01.18-20.51.32:730][  0]LogVulkanRHI: Display: Skipping unnecessary Queue Family 2: 8 queues Compute
[2019.01.18-20.51.33:267][  0]LogVulkanRHI: Display: 2 Device Memory Heaps; Max memory allocations 4096
[2019.01.18-20.51.33:267][  0]LogVulkanRHI: Display: 0: Flags 0x1 Size 8473542656 (8081.00 MB) GPU
[2019.01.18-20.51.33:267][  0]LogVulkanRHI: Display: 1: Flags 0x0 Size 17099128832 (16307.00 MB) 
[2019.01.18-20.51.33:267][  0]LogVulkanRHI: Display: 11 Device Memory Types (Not unified)
[2019.01.18-20.51.33:267][  0]LogVulkanRHI: Display: 0: Flags 0x0 Heap 1 
[2019.01.18-20.51.33:267][  0]LogVulkanRHI: Display: 1: Flags 0x0 Heap 1 
[2019.01.18-20.51.33:267][  0]LogVulkanRHI: Display: 2: Flags 0x0 Heap 1 
[2019.01.18-20.51.33:267][  0]LogVulkanRHI: Display: 3: Flags 0x0 Heap 1 
[2019.01.18-20.51.33:267][  0]LogVulkanRHI: Display: 4: Flags 0x0 Heap 1 
[2019.01.18-20.51.33:267][  0]LogVulkanRHI: Display: 5: Flags 0x0 Heap 1 
[2019.01.18-20.51.33:267][  0]LogVulkanRHI: Display: 6: Flags 0x0 Heap 1 
[2019.01.18-20.51.33:267][  0]LogVulkanRHI: Display: 7: Flags 0x1 Heap 0  Local
[2019.01.18-20.51.33:267][  0]LogVulkanRHI: Display: 8: Flags 0x1 Heap 0  Local
[2019.01.18-20.51.33:267][  0]LogVulkanRHI: Display: 9: Flags 0x6 Heap 1  HostVisible HostCoherent
[2019.01.18-20.51.33:267][  0]LogVulkanRHI: Display: 10: Flags 0xe Heap 1  HostVisible HostCoherent HostCached
[2019.01.18-20.51.33:577][  0]LogVulkanRHI: Display: FVulkanPipelineStateCacheManager: Binary pipeline cache '../../../../../../Documents/Unreal Projects/XRT 4.22/Saved/VulkanPSO.cache.10de.1ba1' not found.
[2019.01.18-20.51.33:600][  0]LogVulkanRHI: Display: Nvidia User Driver Version = 399.24
[2019.01.18-20.51.34:067][  0]LogRHI: Texture pool is 5373 MB (70% of 7676 MB)
[2019.01.18-20.51.34:649][  0]LogTemp: Display: Loaded TP AllDesktopTargetPlatform
[2019.01.18-20.51.34:671][  0]LogTemp: Display: Loaded TP MacClientTargetPlatform
[2019.01.18-20.51.34:695][  0]LogTemp: Display: Loaded TP MacNoEditorTargetPlatform
[2019.01.18-20.51.34:718][  0]LogTemp: Display: Loaded TP MacServerTargetPlatform
[2019.01.18-20.51.34:743][  0]LogTemp: Display: Loaded TP MacTargetPlatform
[2019.01.18-20.51.34:766][  0]LogTemp: Display: Loaded TP WindowsClientTargetPlatform
[2019.01.18-20.51.34:790][  0]LogTemp: Display: Loaded TP WindowsNoEditorTargetPlatform
[2019.01.18-20.51.34:811][  0]LogTemp: Display: Loaded TP WindowsServerTargetPlatform
[2019.01.18-20.51.34:823][  0]LogTemp: Display: Loaded TP WindowsTargetPlatform
[2019.01.18-20.51.34:930][  0]LogTemp: Display: Loaded TP AndroidTargetPlatform
[2019.01.18-20.51.34:930][  0]LogTemp: Display: Loaded TP AndroidTargetPlatform
[2019.01.18-20.51.34:930][  0]LogTemp: Display: Loaded TP AndroidTargetPlatform
[2019.01.18-20.51.34:930][  0]LogTemp: Display: Loaded TP AndroidTargetPlatform
[2019.01.18-20.51.34:930][  0]LogTemp: Display: Loaded TP AndroidTargetPlatform
[2019.01.18-20.51.34:930][  0]LogTemp: Display: Loaded TP AndroidTargetPlatform
[2019.01.18-20.51.34:930][  0]LogTemp: Display: Loaded TP AndroidTargetPlatform
[2019.01.18-20.51.34:930][  0]LogTemp: Display: Loaded TP AndroidTargetPlatform
[2019.01.18-20.51.34:930][  0]LogTemp: Display: Loaded TP AndroidTargetPlatform
[2019.01.18-20.51.34:930][  0]LogTemp: Display: Loaded TP AndroidTargetPlatform
[2019.01.18-20.51.34:930][  0]LogTemp: Display: Loaded TP AndroidTargetPlatform
[2019.01.18-20.51.34:930][  0]LogTemp: Display: Loaded TP AndroidTargetPlatform
[2019.01.18-20.51.34:930][  0]LogTemp: Display: Loaded TP AndroidTargetPlatform
[2019.01.18-20.51.34:930][  0]LogTemp: Display: Loaded TP AndroidTargetPlatform
[2019.01.18-20.51.34:930][  0]LogTemp: Display: Loaded TP AndroidTargetPlatform
[2019.01.18-20.51.34:930][  0]LogTemp: Display: Loaded TP AndroidTargetPlatform
[2019.01.18-20.51.34:930][  0]LogTemp: Display: Loaded TP AndroidTargetPlatform
[2019.01.18-20.51.34:930][  0]LogTemp: Display: Loaded TP AndroidTargetPlatform
[2019.01.18-20.51.34:934][  0]LogTemp: Display: Loaded TP HTML5TargetPlatform
[2019.01.18-20.51.35:011][  0]LogTemp: Display: Loaded TP IOSTargetPlatform
[2019.01.18-20.51.35:011][  0]LogTemp: Display: Loaded TP IOSTargetPlatform
[2019.01.18-20.51.35:039][  0]LogTemp: Display: Loaded TP TVOSTargetPlatform
[2019.01.18-20.51.35:039][  0]LogTemp: Display: Loaded TP TVOSTargetPlatform
[2019.01.18-20.51.35:102][  0]LogTemp: Display: Loaded TP LuminTargetPlatform
[2019.01.18-20.51.35:102][  0]LogTemp: Display: Loaded TP LuminTargetPlatform
[2019.01.18-20.51.35:103][  0]LogTargetPlatformManager: Display: Building Assets For Windows
[2019.01.18-20.51.35:246][  0]LogShaderCompilers: Guid format shader working directory is -7 characters bigger than the processId version (../../../../../../Documents/Unreal Projects/XRT 4.22/Intermediate/Shaders/WorkingDirectory/14996/).
[2019.01.18-20.51.35:246][  0]LogShaderCompilers: Cleaned the shader compiler working directory 'C:/Users/nicks/AppData/Local/Temp/UnrealShaderWorkingDir/E611DE9944019C29BB327290D5E8F1DF/'.
[2019.01.18-20.51.35:251][  0]LogXGEController: Cannot use XGE Controller as Incredibuild is not installed on this machine.
[2019.01.18-20.51.35:251][  0]LogShaderCompilers: Cannot use XGE Shader Compiler as Incredibuild is not installed on this machine.
[2019.01.18-20.51.35:251][  0]LogShaderCompilers: Display: Using Local Shader Compiler.
[2019.01.18-20.51.36:182][  0]LogDerivedDataCache: Display: Max Cache Size: 512 MB
[2019.01.18-20.51.36:349][  0]LogDerivedDataCache: Loaded boot cache 0.17s 71MB ../../../../../../Documents/Unreal Projects/XRT 4.22/DerivedDataCache/Boot.ddc.
[2019.01.18-20.51.36:349][  0]LogDerivedDataCache: Display: Loaded Boot cache: ../../../../../../Documents/Unreal Projects/XRT 4.22/DerivedDataCache/Boot.ddc
[2019.01.18-20.51.36:349][  0]LogDerivedDataCache: FDerivedDataBackendGraph:  Pak pak cache file ../../../../../../Documents/Unreal Projects/XRT 4.22/DerivedDataCache/DDC.ddp not found, will not use a pak cache.
[2019.01.18-20.51.36:349][  0]LogDerivedDataCache: Unable to find inner node Pak for hierarchical cache Hierarchy.
[2019.01.18-20.51.36:350][  0]LogDerivedDataCache: FDerivedDataBackendGraph:  EnginePak pak cache file ../../../Engine/DerivedDataCache/DDC.ddp not found, will not use a pak cache.
[2019.01.18-20.51.36:350][  0]LogDerivedDataCache: Unable to find inner node EnginePak for hierarchical cache Hierarchy.
[2019.01.18-20.51.36:364][  0]LogDerivedDataCache: Using Local data cache path ../../../Engine/DerivedDataCache: Writable
[2019.01.18-20.51.36:364][  0]LogDerivedDataCache: Shared data cache path not found in *engine.ini, will not use an Shared cache.
[2019.01.18-20.51.36:364][  0]LogDerivedDataCache: Unable to find inner node Shared for hierarchical cache Hierarchy.
[2019.01.18-20.51.36:384][  0]LogMaterial: Verifying Global Shaders for SF_VULKAN_SM5
